This is pdfTeX, Version 3.141592653-2.6-1.40.24 (TeX Live 2022) (preloaded format=pdflatex 2022.4.5)  13 APR 2022 21:54
entering extended mode
 restricted \write18 enabled.
 %&-line parsing enabled.
**body.tex
(./body.tex
LaTeX2e <2021-11-15> patch level 1
L3 programming layer <2022-02-24>
! Undefined control sequence.
l.3 \BiChapter
              {æ¨¡å‹ä»‹ç»}{}
The control sequence at the end of the top line
of your error message was never \def'ed. If you have
misspelled it (e.g., `\hobx'), type `I' and the correct
spelling (e.g., `I\hbox'). Otherwise just continue,
and I'll forget about whatever was undefined.


! LaTeX Error: Unicode character æ¨¡ (U+6A21)
               not set up for use with LaTeX.

See the LaTeX manual or LaTeX Companion for explanation.
Type  H <return>  for immediate help.
 ...                                              
                                                  
l.3 \BiChapter{æ¨¡
                  å‹ä»‹ç»}{}
You may provide a definition with
\DeclareUnicodeCharacter 


! LaTeX Error: Unicode character å‹ (U+578B)
               not set up for use with LaTeX.

See the LaTeX manual or LaTeX Companion for explanation.
Type  H <return>  for immediate help.
 ...                                              
                                                  
l.3 \BiChapter{æ¨¡å‹
                     ä»‹ç»}{}
You may provide a definition with
\DeclareUnicodeCharacter 


! LaTeX Error: Unicode character ä»‹ (U+4ECB)
               not set up for use with LaTeX.

See the LaTeX manual or LaTeX Companion for explanation.
Type  H <return>  for immediate help.
 ...                                              
                                                  
l.3 \BiChapter{æ¨¡å‹ä»‹
                        ç»}{}
You may provide a definition with
\DeclareUnicodeCharacter 


! LaTeX Error: Unicode character ç» (U+7ECD)
               not set up for use with LaTeX.

See the LaTeX manual or LaTeX Companion for explanation.
Type  H <return>  for immediate help.
 ...                                              
                                                  
l.3 \BiChapter{æ¨¡å‹ä»‹ç»
                           }{}
You may provide a definition with
\DeclareUnicodeCharacter 


! LaTeX Error: Unicode character åœ¨ (U+5728)
               not set up for use with LaTeX.

See the LaTeX manual or LaTeX Companion for explanation.
Type  H <return>  for immediate help.
 ...                                              
                                                  
l.4 åœ¨
       æ­¤è€ƒè™‘åŸºäºç¦»æ•£æ—¶é—´é©¬æ°é“¾$\xi = (\xi_n)_{n \ge 0}$å»ºæ¨¡çš...

You may provide a definition with
\DeclareUnicodeCharacter 


! LaTeX Error: Unicode character æ­¤ (U+6B64)
               not set up for use with LaTeX.

See the LaTeX manual or LaTeX Companion for explanation.
Type  H <return>  for immediate help.
 ...                                              
                                                  
l.4 åœ¨æ­¤
          è€ƒè™‘åŸºäºç¦»æ•£æ—¶é—´é©¬æ°é“¾$\xi = (\xi_n)_{n \ge 0}$å»ºæ¨¡çš...

You may provide a definition with
\DeclareUnicodeCharacter 


! LaTeX Error: Unicode character è€ƒ (U+8003)
               not set up for use with LaTeX.

See the LaTeX manual or LaTeX Companion for explanation.
Type  H <return>  for immediate help.
 ...                                              
                                                  
l.4 åœ¨æ­¤è€ƒ
             è™‘åŸºäºç¦»æ•£æ—¶é—´é©¬æ°é“¾$\xi = (\xi_n)_{n \ge 0}$å»ºæ¨¡çš...

You may provide a definition with
\DeclareUnicodeCharacter 


! LaTeX Error: Unicode character è™‘ (U+8651)
               not set up for use with LaTeX.

See the LaTeX manual or LaTeX Companion for explanation.
Type  H <return>  for immediate help.
 ...                                              
                                                  
l.4 åœ¨æ­¤è€ƒè™‘
                åŸºäºç¦»æ•£æ—¶é—´é©¬æ°é“¾$\xi = (\xi_n)_{n \ge 0}$å»ºæ¨¡çš...

You may provide a definition with
\DeclareUnicodeCharacter 


! LaTeX Error: Unicode character åŸº (U+57FA)
               not set up for use with LaTeX.

See the LaTeX manual or LaTeX Companion for explanation.
Type  H <return>  for immediate help.
 ...                                              
                                                  
l.4 åœ¨æ­¤è€ƒè™‘åŸº
                   äºç¦»æ•£æ—¶é—´é©¬æ°é“¾$\xi = (\xi_n)_{n \ge 0}$å»ºæ¨¡çš...

You may provide a definition with
\DeclareUnicodeCharacter 


! LaTeX Error: Unicode character äº (U+4E8E)
               not set up for use with LaTeX.

See the LaTeX manual or LaTeX Companion for explanation.
Type  H <return>  for immediate help.
 ...                                              
                                                  
l.4 åœ¨æ­¤è€ƒè™‘åŸºäº
                      ç¦»æ•£æ—¶é—´é©¬æ°é“¾$\xi = (\xi_n)_{n \ge 0}$å»ºæ¨¡çš...

You may provide a definition with
\DeclareUnicodeCharacter 


! LaTeX Error: Unicode character ç¦» (U+79BB)
               not set up for use with LaTeX.

See the LaTeX manual or LaTeX Companion for explanation.
Type  H <return>  for immediate help.
 ...                                              
                                                  
l.4 åœ¨æ­¤è€ƒè™‘åŸºäºç¦»
                         æ•£æ—¶é—´é©¬æ°é“¾$\xi = (\xi_n)_{n \ge 0}$å»ºæ¨¡çš...

You may provide a definition with
\DeclareUnicodeCharacter 


! LaTeX Error: Unicode character æ•£ (U+6563)
               not set up for use with LaTeX.

See the LaTeX manual or LaTeX Companion for explanation.
Type  H <return>  for immediate help.
 ...                                              
                                                  
l.4 åœ¨æ­¤è€ƒè™‘åŸºäºç¦»æ•£
                            æ—¶é—´é©¬æ°é“¾$\xi = (\xi_n)_{n \ge 0}$å»ºæ¨¡çš...

You may provide a definition with
\DeclareUnicodeCharacter 


! LaTeX Error: Unicode character æ—¶ (U+65F6)
               not set up for use with LaTeX.

See the LaTeX manual or LaTeX Companion for explanation.
Type  H <return>  for immediate help.
 ...                                              
                                                  
l.4 åœ¨æ­¤è€ƒè™‘åŸºäºç¦»æ•£æ—¶
                               é—´é©¬æ°é“¾$\xi = (\xi_n)_{n \ge 0}$å»ºæ¨¡çš...

You may provide a definition with
\DeclareUnicodeCharacter 


! LaTeX Error: Unicode character é—´ (U+95F4)
               not set up for use with LaTeX.

See the LaTeX manual or LaTeX Companion for explanation.
Type  H <return>  for immediate help.
 ...                                              
                                                  
l.4 åœ¨æ­¤è€ƒè™‘åŸºäºç¦»æ•£æ—¶é—´
                                  é©¬æ°é“¾$\xi = (\xi_n)_{n \ge 0}$å»ºæ¨¡çš...

You may provide a definition with
\DeclareUnicodeCharacter 


! LaTeX Error: Unicode character é©¬ (U+9A6C)
               not set up for use with LaTeX.

See the LaTeX manual or LaTeX Companion for explanation.
Type  H <return>  for immediate help.
 ...                                              
                                                  
l.4 åœ¨æ­¤è€ƒè™‘åŸºäºç¦»æ•£æ—¶é—´é©¬
                                     æ°é“¾$\xi = (\xi_n)_{n \ge 0}$å»ºæ¨¡çš...

You may provide a definition with
\DeclareUnicodeCharacter 


! LaTeX Error: Unicode character æ° (U+6C0F)
               not set up for use with LaTeX.

See the LaTeX manual or LaTeX Companion for explanation.
Type  H <return>  for immediate help.
 ...                                              
                                                  
l.4 åœ¨æ­¤è€ƒè™‘åŸºäºç¦»æ•£æ—¶é—´é©¬æ°
                                        é“¾$\xi = (\xi_n)_{n \ge 0}$å»ºæ¨¡çš...

You may provide a definition with
\DeclareUnicodeCharacter 


! LaTeX Error: Unicode character é“¾ (U+94FE)
               not set up for use with LaTeX.

See the LaTeX manual or LaTeX Companion for explanation.
Type  H <return>  for immediate help.
 ...                                              
                                                  
l.4 åœ¨æ­¤è€ƒè™‘åŸºäºç¦»æ•£æ—¶é—´é©¬æ°é“¾
                                           $\xi = (\xi_n)_{n \ge 0}$å»ºæ¨¡çš...

You may provide a definition with
\DeclareUnicodeCharacter 


! LaTeX Error: Missing \begin{document}.

See the LaTeX manual or LaTeX Companion for explanation.
Type  H <return>  for immediate help.
 ...                                              
                                                  
l.4 åœ¨æ­¤è€ƒè™‘åŸºäºç¦»æ•£æ—¶é—´é©¬æ°é“¾$
                                            \xi = (\xi_n)_{n \ge 0}$å»ºæ¨¡çš...

You're in trouble here.  Try typing  <return>  to proceed.
If that doesn't work, type  X <return>  to quit.

LaTeX Font Info:    External font `cmex10' loaded for size
(Font)              <7> on input line 4.
LaTeX Font Info:    External font `cmex10' loaded for size
(Font)              <5> on input line 4.

! LaTeX Error: Unicode character å»º (U+5EFA)
               not set up for use with LaTeX.

See the LaTeX manual or LaTeX Companion for explanation.
Type  H <return>  for immediate help.
 ...                                              
                                                  
l.4 ...æ—¶é—´é©¬æ°é“¾$\xi = (\xi_n)_{n \ge 0}$å»º
                                                  æ¨¡çš„éšæœºçƒ­åŠ›å­¦ç³»ç»...

You may provide a definition with
\DeclareUnicodeCharacter 


! LaTeX Error: Unicode character æ¨¡ (U+6A21)
               not set up for use with LaTeX.

See the LaTeX manual or LaTeX Companion for explanation.
Type  H <return>  for immediate help.
 ...                                              
                                                  
l.4 ...é—´é©¬æ°é“¾$\xi = (\xi_n)_{n \ge 0}$å»ºæ¨¡
                                                  çš„éšæœºçƒ­åŠ›å­¦ç³»ç»Ÿï¼...

You may provide a definition with
\DeclareUnicodeCharacter 


! LaTeX Error: Unicode character çš„ (U+7684)
               not set up for use with LaTeX.

See the LaTeX manual or LaTeX Companion for explanation.
Type  H <return>  for immediate help.
 ...                                              
                                                  
l.4 ...é©¬æ°é“¾$\xi = (\xi_n)_{n \ge 0}$å»ºæ¨¡çš„
                                                  éšæœºçƒ­åŠ›å­¦ç³»ç»Ÿï¼Œè¯...

You may provide a definition with
\DeclareUnicodeCharacter 


! LaTeX Error: Unicode character éš (U+968F)
               not set up for use with LaTeX.

See the LaTeX manual or LaTeX Companion for explanation.
Type  H <return>  for immediate help.
 ...                                              
                                                  
l.4 ...æ°é“¾$\xi = (\xi_n)_{n \ge 0}$å»ºæ¨¡çš„éš
                                                  æœºçƒ­åŠ›å­¦ç³»ç»Ÿï¼Œè¯¥æ¨...

You may provide a definition with
\DeclareUnicodeCharacter 


! LaTeX Error: Unicode character æœº (U+673A)
               not set up for use with LaTeX.

See the LaTeX manual or LaTeX Companion for explanation.
Type  H <return>  for immediate help.
 ...                                              
                                                  
l.4 ...é“¾$\xi = (\xi_n)_{n \ge 0}$å»ºæ¨¡çš„éšæœº
                                                  çƒ­åŠ›å­¦ç³»ç»Ÿï¼Œè¯¥æ¨¡å...

You may provide a definition with
\DeclareUnicodeCharacter 


! LaTeX Error: Unicode character çƒ­ (U+70ED)
               not set up for use with LaTeX.

See the LaTeX manual or LaTeX Companion for explanation.
Type  H <return>  for immediate help.
 ...                                              
                                                  
l.4 ...$\xi = (\xi_n)_{n \ge 0}$å»ºæ¨¡çš„éšæœºçƒ­
                                                  åŠ›å­¦ç³»ç»Ÿï¼Œè¯¥æ¨¡å‹çš...

You may provide a definition with
\DeclareUnicodeCharacter 


! LaTeX Error: Unicode character åŠ› (U+529B)
               not set up for use with LaTeX.

See the LaTeX manual or LaTeX Companion for explanation.
Type  H <return>  for immediate help.
 ...                                              
                                                  
l.4 ...i = (\xi_n)_{n \ge 0}$å»ºæ¨¡çš„éšæœºçƒ­åŠ›
                                                  å­¦ç³»ç»Ÿï¼Œè¯¥æ¨¡å‹çš„çŠ...

You may provide a definition with
\DeclareUnicodeCharacter 


! LaTeX Error: Unicode character å­¦ (U+5B66)
               not set up for use with LaTeX.

See the LaTeX manual or LaTeX Companion for explanation.
Type  H <return>  for immediate help.
 ...                                              
                                                  
l.4 ... (\xi_n)_{n \ge 0}$å»ºæ¨¡çš„éšæœºçƒ­åŠ›å­¦
                                                  ç³»ç»Ÿï¼Œè¯¥æ¨¡å‹çš„çŠ¶æ€...

You may provide a definition with
\DeclareUnicodeCharacter 


! LaTeX Error: Unicode character ç³» (U+7CFB)
               not set up for use with LaTeX.

See the LaTeX manual or LaTeX Companion for explanation.
Type  H <return>  for immediate help.
 ...                                              
                                                  
l.4 ...xi_n)_{n \ge 0}$å»ºæ¨¡çš„éšæœºçƒ­åŠ›å­¦ç³»
                                                  ç»Ÿï¼Œè¯¥æ¨¡å‹çš„çŠ¶æ€ç©...

You may provide a definition with
\DeclareUnicodeCharacter 


! LaTeX Error: Unicode character ç»Ÿ (U+7EDF)
               not set up for use with LaTeX.

See the LaTeX manual or LaTeX Companion for explanation.
Type  H <return>  for immediate help.
 ...                                              
                                                  
l.4 ...n)_{n \ge 0}$å»ºæ¨¡çš„éšæœºçƒ­åŠ›å­¦ç³»ç»Ÿ
                                                  ï¼Œè¯¥æ¨¡å‹çš„çŠ¶æ€ç©ºé—...

You may provide a definition with
\DeclareUnicodeCharacter 


! LaTeX Error: Unicode character ï¼Œ (U+FF0C)
               not set up for use with LaTeX.

See the LaTeX manual or LaTeX Companion for explanation.
Type  H <return>  for immediate help.
 ...                                              
                                                  
l.4 ...{n \ge 0}$å»ºæ¨¡çš„éšæœºçƒ­åŠ›å­¦ç³»ç»Ÿï¼Œ
                                                  è¯¥æ¨¡å‹çš„çŠ¶æ€ç©ºé—´æ˜...

You may provide a definition with
\DeclareUnicodeCharacter 


! LaTeX Error: Unicode character è¯¥ (U+8BE5)
               not set up for use with LaTeX.

See the LaTeX manual or LaTeX Companion for explanation.
Type  H <return>  for immediate help.
 ...                                              
                                                  
l.4 ...\ge 0}$å»ºæ¨¡çš„éšæœºçƒ­åŠ›å­¦ç³»ç»Ÿï¼Œè¯¥
                                                  æ¨¡å‹çš„çŠ¶æ€ç©ºé—´æ˜¯$S...

You may provide a definition with
\DeclareUnicodeCharacter 


! LaTeX Error: Unicode character æ¨¡ (U+6A21)
               not set up for use with LaTeX.

See the LaTeX manual or LaTeX Companion for explanation.
Type  H <return>  for immediate help.
 ...                                              
                                                  
l.4 ... 0}$å»ºæ¨¡çš„éšæœºçƒ­åŠ›å­¦ç³»ç»Ÿï¼Œè¯¥æ¨¡
                                                  å‹çš„çŠ¶æ€ç©ºé—´æ˜¯$S = ...

You may provide a definition with
\DeclareUnicodeCharacter 


! LaTeX Error: Unicode character å‹ (U+578B)
               not set up for use with LaTeX.

See the LaTeX manual or LaTeX Companion for explanation.
Type  H <return>  for immediate help.
 ...                                              
                                                  
l.4 ...$å»ºæ¨¡çš„éšæœºçƒ­åŠ›å­¦ç³»ç»Ÿï¼Œè¯¥æ¨¡å‹
                                                  çš„çŠ¶æ€ç©ºé—´æ˜¯$S = \{1...

You may provide a definition with
\DeclareUnicodeCharacter 


! LaTeX Error: Unicode character çš„ (U+7684)
               not set up for use with LaTeX.

See the LaTeX manual or LaTeX Companion for explanation.
Type  H <return>  for immediate help.
 ...                                              
                                                  
l.4 ...ºæ¨¡çš„éšæœºçƒ­åŠ›å­¦ç³»ç»Ÿï¼Œè¯¥æ¨¡å‹çš„
                                                  çŠ¶æ€ç©ºé—´æ˜¯$S = \{1, \...

You may provide a definition with
\DeclareUnicodeCharacter 


! LaTeX Error: Unicode character çŠ¶ (U+72B6)
               not set up for use with LaTeX.

See the LaTeX manual or LaTeX Companion for explanation.
Type  H <return>  for immediate help.
 ...                                              
                                                  
l.4 ...¡çš„éšæœºçƒ­åŠ›å­¦ç³»ç»Ÿï¼Œè¯¥æ¨¡å‹çš„çŠ¶
                                                  æ€ç©ºé—´æ˜¯$S = \{1, \dot...

You may provide a definition with
\DeclareUnicodeCharacter 


! LaTeX Error: Unicode character æ€ (U+6001)
               not set up for use with LaTeX.

See the LaTeX manual or LaTeX Companion for explanation.
Type  H <return>  for immediate help.
 ...                                              
                                                  
l.4 ...„éšæœºçƒ­åŠ›å­¦ç³»ç»Ÿï¼Œè¯¥æ¨¡å‹çš„çŠ¶æ€
                                                  ç©ºé—´æ˜¯$S = \{1, \dots N...

You may provide a definition with
\DeclareUnicodeCharacter 


! LaTeX Error: Unicode character ç©º (U+7A7A)
               not set up for use with LaTeX.

See the LaTeX manual or LaTeX Companion for explanation.
Type  H <return>  for immediate help.
 ...                                              
                                                  
l.4 ...æœºçƒ­åŠ›å­¦ç³»ç»Ÿï¼Œè¯¥æ¨¡å‹çš„çŠ¶æ€ç©º
                                                  é—´æ˜¯$S = \{1, \dots N\}$...

You may provide a definition with
\DeclareUnicodeCharacter 


! LaTeX Error: Unicode character é—´ (U+95F4)
               not set up for use with LaTeX.

See the LaTeX manual or LaTeX Companion for explanation.
Type  H <return>  for immediate help.
 ...                                              
                                                  
l.4 ...ºçƒ­åŠ›å­¦ç³»ç»Ÿï¼Œè¯¥æ¨¡å‹çš„çŠ¶æ€ç©ºé—´
                                                  æ˜¯$S = \{1, \dots N\}$è½¬...

You may provide a definition with
\DeclareUnicodeCharacter 


! LaTeX Error: Unicode character æ˜¯ (U+662F)
               not set up for use with LaTeX.

See the LaTeX manual or LaTeX Companion for explanation.
Type  H <return>  for immediate help.
 ...                                              
                                                  
l.4 ...­åŠ›å­¦ç³»ç»Ÿï¼Œè¯¥æ¨¡å‹çš„çŠ¶æ€ç©ºé—´æ˜¯
                                                  $S = \{1, \dots N\}$è½¬ç§»...

You may provide a definition with
\DeclareUnicodeCharacter 


! LaTeX Error: Unicode character è½¬ (U+8F6C)
               not set up for use with LaTeX.

See the LaTeX manual or LaTeX Companion for explanation.
Type  H <return>  for immediate help.
 ...                                              
                                                  
l.4 ...‹çš„çŠ¶æ€ç©ºé—´æ˜¯$S = \{1, \dots N\}$è½¬
                                                  ç§»æ¦‚ç‡çŸ©é˜µæ˜¯$P=(p_{i...

You may provide a definition with
\DeclareUnicodeCharacter 


! LaTeX Error: Unicode character ç§» (U+79FB)
               not set up for use with LaTeX.

See the LaTeX manual or LaTeX Companion for explanation.
Type  H <return>  for immediate help.
 ...                                              
                                                  
l.4 ...š„çŠ¶æ€ç©ºé—´æ˜¯$S = \{1, \dots N\}$è½¬ç§»
                                                  æ¦‚ç‡çŸ©é˜µæ˜¯$P=(p_{ij})...

You may provide a definition with
\DeclareUnicodeCharacter 


! LaTeX Error: Unicode character æ¦‚ (U+6982)
               not set up for use with LaTeX.

See the LaTeX manual or LaTeX Companion for explanation.
Type  H <return>  for immediate help.
 ...                                              
                                                  
l.4 ...Š¶æ€ç©ºé—´æ˜¯$S = \{1, \dots N\}$è½¬ç§»æ¦‚
                                                  ç‡çŸ©é˜µæ˜¯$P=(p_{ij})_{i...

You may provide a definition with
\DeclareUnicodeCharacter 


! LaTeX Error: Unicode character ç‡ (U+7387)
               not set up for use with LaTeX.

See the LaTeX manual or LaTeX Companion for explanation.
Type  H <return>  for immediate help.
 ...                                              
                                                  
l.4 ...€ç©ºé—´æ˜¯$S = \{1, \dots N\}$è½¬ç§»æ¦‚ç‡
                                                  çŸ©é˜µæ˜¯$P=(p_{ij})_{i,j ...

You may provide a definition with
\DeclareUnicodeCharacter 


! LaTeX Error: Unicode character çŸ© (U+77E9)
               not set up for use with LaTeX.

See the LaTeX manual or LaTeX Companion for explanation.
Type  H <return>  for immediate help.
 ...                                              
                                                  
l.4 ...©ºé—´æ˜¯$S = \{1, \dots N\}$è½¬ç§»æ¦‚ç‡çŸ©
                                                  é˜µæ˜¯$P=(p_{ij})_{i,j \in...

You may provide a definition with
\DeclareUnicodeCharacter 


! LaTeX Error: Unicode character é˜µ (U+9635)
               not set up for use with LaTeX.

See the LaTeX manual or LaTeX Companion for explanation.
Type  H <return>  for immediate help.
 ...                                              
                                                  
l.4 ...—´æ˜¯$S = \{1, \dots N\}$è½¬ç§»æ¦‚ç‡çŸ©é˜µ
                                                  æ˜¯$P=(p_{ij})_{i,j \in S}...

You may provide a definition with
\DeclareUnicodeCharacter 


! LaTeX Error: Unicode character æ˜¯ (U+662F)
               not set up for use with LaTeX.

See the LaTeX manual or LaTeX Companion for explanation.
Type  H <return>  for immediate help.
 ...                                              
                                                  
l.4 ...˜¯$S = \{1, \dots N\}$è½¬ç§»æ¦‚ç‡çŸ©é˜µæ˜¯
                                                  $P=(p_{ij})_{i,j \in S}$ï¼...

You may provide a definition with
\DeclareUnicodeCharacter 


! LaTeX Error: Unicode character ï¼Œ (U+FF0C)
               not set up for use with LaTeX.

See the LaTeX manual or LaTeX Companion for explanation.
Type  H <return>  for immediate help.
 ...                                              
                                                  
l.4 ...»æ¦‚ç‡çŸ©é˜µæ˜¯$P=(p_{ij})_{i,j \in S}$ï¼Œ
                                                  å…¶ä¸­$p_{ij}$è¡¨ç¤ºä»çŠ¶...

You may provide a definition with
\DeclareUnicodeCharacter 


! LaTeX Error: Unicode character å…¶ (U+5176)
               not set up for use with LaTeX.

See the LaTeX manual or LaTeX Companion for explanation.
Type  H <return>  for immediate help.
 ...                                              
                                                  
l.4 ...‚ç‡çŸ©é˜µæ˜¯$P=(p_{ij})_{i,j \in S}$ï¼Œå…¶
                                                  ä¸­$p_{ij}$è¡¨ç¤ºä»çŠ¶æ€...

You may provide a definition with
\DeclareUnicodeCharacter 


! LaTeX Error: Unicode character ä¸­ (U+4E2D)
               not set up for use with LaTeX.

See the LaTeX manual or LaTeX Companion for explanation.
Type  H <return>  for immediate help.
 ...                                              
                                                  
l.4 ...‡çŸ©é˜µæ˜¯$P=(p_{ij})_{i,j \in S}$ï¼Œå…¶ä¸­
                                                  $p_{ij}$è¡¨ç¤ºä»çŠ¶æ€$i$...

You may provide a definition with
\DeclareUnicodeCharacter 


! LaTeX Error: Unicode character è¡¨ (U+8868)
               not set up for use with LaTeX.

See the LaTeX manual or LaTeX Companion for explanation.
Type  H <return>  for immediate help.
 ...                                              
                                                  
l.4 ...P=(p_{ij})_{i,j \in S}$ï¼Œå…¶ä¸­$p_{ij}$è¡¨
                                                  ç¤ºä»çŠ¶æ€$i$åˆ°çŠ¶æ€$j...

You may provide a definition with
\DeclareUnicodeCharacter 


! LaTeX Error: Unicode character ç¤º (U+793A)
               not set up for use with LaTeX.

See the LaTeX manual or LaTeX Companion for explanation.
Type  H <return>  for immediate help.
 ...                                              
                                                  
l.4 ...p_{ij})_{i,j \in S}$ï¼Œå…¶ä¸­$p_{ij}$è¡¨ç¤º
                                                  ä»çŠ¶æ€$i$åˆ°çŠ¶æ€$j$çš...

You may provide a definition with
\DeclareUnicodeCharacter 


! LaTeX Error: Unicode character ä» (U+4ECE)
               not set up for use with LaTeX.

See the LaTeX manual or LaTeX Companion for explanation.
Type  H <return>  for immediate help.
 ...                                              
                                                  
l.4 ...ij})_{i,j \in S}$ï¼Œå…¶ä¸­$p_{ij}$è¡¨ç¤ºä»
                                                  çŠ¶æ€$i$åˆ°çŠ¶æ€$j$çš„è½...

You may provide a definition with
\DeclareUnicodeCharacter 


! LaTeX Error: Unicode character çŠ¶ (U+72B6)
               not set up for use with LaTeX.

See the LaTeX manual or LaTeX Companion for explanation.
Type  H <return>  for immediate help.
 ...                                              
                                                  
l.4 ...)_{i,j \in S}$ï¼Œå…¶ä¸­$p_{ij}$è¡¨ç¤ºä»çŠ¶
                                                  æ€$i$åˆ°çŠ¶æ€$j$çš„è½¬ç§...

You may provide a definition with
\DeclareUnicodeCharacter 


! LaTeX Error: Unicode character æ€ (U+6001)
               not set up for use with LaTeX.

See the LaTeX manual or LaTeX Companion for explanation.
Type  H <return>  for immediate help.
 ...                                              
                                                  
l.4 ...i,j \in S}$ï¼Œå…¶ä¸­$p_{ij}$è¡¨ç¤ºä»çŠ¶æ€
                                                  $i$åˆ°çŠ¶æ€$j$çš„è½¬ç§»æ¦...

You may provide a definition with
\DeclareUnicodeCharacter 


! LaTeX Error: Unicode character åˆ° (U+5230)
               not set up for use with LaTeX.

See the LaTeX manual or LaTeX Companion for explanation.
Type  H <return>  for immediate help.
 ...                                              
                                                  
l.4 ...n S}$ï¼Œå…¶ä¸­$p_{ij}$è¡¨ç¤ºä»çŠ¶æ€$i$åˆ°
                                                  çŠ¶æ€$j$çš„è½¬ç§»æ¦‚ç‡ã€...

You may provide a definition with
\DeclareUnicodeCharacter 


! LaTeX Error: Unicode character çŠ¶ (U+72B6)
               not set up for use with LaTeX.

See the LaTeX manual or LaTeX Companion for explanation.
Type  H <return>  for immediate help.
 ...                                              
                                                  
l.4 ...}$ï¼Œå…¶ä¸­$p_{ij}$è¡¨ç¤ºä»çŠ¶æ€$i$åˆ°çŠ¶
                                                  æ€$j$çš„è½¬ç§»æ¦‚ç‡ã€‚è¯...

You may provide a definition with
\DeclareUnicodeCharacter 


! LaTeX Error: Unicode character æ€ (U+6001)
               not set up for use with LaTeX.

See the LaTeX manual or LaTeX Companion for explanation.
Type  H <return>  for immediate help.
 ...                                              
                                                  
l.4 ...¼Œå…¶ä¸­$p_{ij}$è¡¨ç¤ºä»çŠ¶æ€$i$åˆ°çŠ¶æ€
                                                  $j$çš„è½¬ç§»æ¦‚ç‡ã€‚è¯¥é©...

You may provide a definition with
\DeclareUnicodeCharacter 


! LaTeX Error: Unicode character çš„ (U+7684)
               not set up for use with LaTeX.

See the LaTeX manual or LaTeX Companion for explanation.
Type  H <return>  for immediate help.
 ...                                              
                                                  
l.4 ...¸­$p_{ij}$è¡¨ç¤ºä»çŠ¶æ€$i$åˆ°çŠ¶æ€$j$çš„
                                                  è½¬ç§»æ¦‚ç‡ã€‚è¯¥é©¬æ°é“...

You may provide a definition with
\DeclareUnicodeCharacter 


! LaTeX Error: Unicode character è½¬ (U+8F6C)
               not set up for use with LaTeX.

See the LaTeX manual or LaTeX Companion for explanation.
Type  H <return>  for immediate help.
 ...                                              
                                                  
l.4 ...p_{ij}$è¡¨ç¤ºä»çŠ¶æ€$i$åˆ°çŠ¶æ€$j$çš„è½¬
                                                  ç§»æ¦‚ç‡ã€‚è¯¥é©¬æ°é“¾å¯...

You may provide a definition with
\DeclareUnicodeCharacter 


! LaTeX Error: Unicode character ç§» (U+79FB)
               not set up for use with LaTeX.

See the LaTeX manual or LaTeX Companion for explanation.
Type  H <return>  for immediate help.
 ...                                              
                                                  
l.4 ...ij}$è¡¨ç¤ºä»çŠ¶æ€$i$åˆ°çŠ¶æ€$j$çš„è½¬ç§»
                                                  æ¦‚ç‡ã€‚è¯¥é©¬æ°é“¾å¯¹åº...

You may provide a definition with
\DeclareUnicodeCharacter 


! LaTeX Error: Unicode character æ¦‚ (U+6982)
               not set up for use with LaTeX.

See the LaTeX manual or LaTeX Companion for explanation.
Type  H <return>  for immediate help.
 ...                                              
                                                  
l.4 ...$è¡¨ç¤ºä»çŠ¶æ€$i$åˆ°çŠ¶æ€$j$çš„è½¬ç§»æ¦‚
                                                  ç‡ã€‚è¯¥é©¬æ°é“¾å¯¹åº”çš...

You may provide a definition with
\DeclareUnicodeCharacter 


! LaTeX Error: Unicode character ç‡ (U+7387)
               not set up for use with LaTeX.

See the LaTeX manual or LaTeX Companion for explanation.
Type  H <return>  for immediate help.
 ...                                              
                                                  
l.4 ...¨ç¤ºä»çŠ¶æ€$i$åˆ°çŠ¶æ€$j$çš„è½¬ç§»æ¦‚ç‡
                                                  ã€‚è¯¥é©¬æ°é“¾å¯¹åº”çš„è½...

You may provide a definition with
\DeclareUnicodeCharacter 


! LaTeX Error: Unicode character ã€‚ (U+3002)
               not set up for use with LaTeX.

See the LaTeX manual or LaTeX Companion for explanation.
Type  H <return>  for immediate help.
 ...                                              
                                                  
l.4 ...ºä»çŠ¶æ€$i$åˆ°çŠ¶æ€$j$çš„è½¬ç§»æ¦‚ç‡ã€‚
                                                  è¯¥é©¬æ°é“¾å¯¹åº”çš„è½¬ç§...

You may provide a definition with
\DeclareUnicodeCharacter 


! LaTeX Error: Unicode character è¯¥ (U+8BE5)
               not set up for use with LaTeX.

See the LaTeX manual or LaTeX Companion for explanation.
Type  H <return>  for immediate help.
 ...                                              
                                                  
l.4 ...çŠ¶æ€$i$åˆ°çŠ¶æ€$j$çš„è½¬ç§»æ¦‚ç‡ã€‚è¯¥
                                                  é©¬æ°é“¾å¯¹åº”çš„è½¬ç§»å›...

You may provide a definition with
\DeclareUnicodeCharacter 


! LaTeX Error: Unicode character é©¬ (U+9A6C)
               not set up for use with LaTeX.

See the LaTeX manual or LaTeX Companion for explanation.
Type  H <return>  for immediate help.
 ...                                              
                                                  
l.4 ...¶æ€$i$åˆ°çŠ¶æ€$j$çš„è½¬ç§»æ¦‚ç‡ã€‚è¯¥é©¬
                                                  æ°é“¾å¯¹åº”çš„è½¬ç§»å›¾ä¸...

You may provide a definition with
\DeclareUnicodeCharacter 


! LaTeX Error: Unicode character æ° (U+6C0F)
               not set up for use with LaTeX.

See the LaTeX manual or LaTeX Companion for explanation.
Type  H <return>  for immediate help.
 ...                                              
                                                  
l.4 ...$i$åˆ°çŠ¶æ€$j$çš„è½¬ç§»æ¦‚ç‡ã€‚è¯¥é©¬æ°
                                                  é“¾å¯¹åº”çš„è½¬ç§»å›¾ä¸º$G...

You may provide a definition with
\DeclareUnicodeCharacter 


! LaTeX Error: Unicode character é“¾ (U+94FE)
               not set up for use with LaTeX.

See the LaTeX manual or LaTeX Companion for explanation.
Type  H <return>  for immediate help.
 ...                                              
                                                  
l.4 ...$åˆ°çŠ¶æ€$j$çš„è½¬ç§»æ¦‚ç‡ã€‚è¯¥é©¬æ°é“¾
                                                  å¯¹åº”çš„è½¬ç§»å›¾ä¸º$G=(S...

You may provide a definition with
\DeclareUnicodeCharacter 


! LaTeX Error: Unicode character å¯¹ (U+5BF9)
               not set up for use with LaTeX.

See the LaTeX manual or LaTeX Companion for explanation.
Type  H <return>  for immediate help.
 ...                                              
                                                  
l.4 ...°çŠ¶æ€$j$çš„è½¬ç§»æ¦‚ç‡ã€‚è¯¥é©¬æ°é“¾å¯¹
                                                  åº”çš„è½¬ç§»å›¾ä¸º$G=(S, E...

You may provide a definition with
\DeclareUnicodeCharacter 


! LaTeX Error: Unicode character åº” (U+5E94)
               not set up for use with LaTeX.

See the LaTeX manual or LaTeX Companion for explanation.
Type  H <return>  for immediate help.
 ...                                              
                                                  
l.4 ...¶æ€$j$çš„è½¬ç§»æ¦‚ç‡ã€‚è¯¥é©¬æ°é“¾å¯¹åº”
                                                  çš„è½¬ç§»å›¾ä¸º$G=(S, E)$ï...

You may provide a definition with
\DeclareUnicodeCharacter 


! LaTeX Error: Unicode character çš„ (U+7684)
               not set up for use with LaTeX.

See the LaTeX manual or LaTeX Companion for explanation.
Type  H <return>  for immediate help.
 ...                                              
                                                  
l.4 ...$j$çš„è½¬ç§»æ¦‚ç‡ã€‚è¯¥é©¬æ°é“¾å¯¹åº”çš„
                                                  è½¬ç§»å›¾ä¸º$G=(S, E)$ï¼Œå...

You may provide a definition with
\DeclareUnicodeCharacter 


! LaTeX Error: Unicode character è½¬ (U+8F6C)
               not set up for use with LaTeX.

See the LaTeX manual or LaTeX Companion for explanation.
Type  H <return>  for immediate help.
 ...                                              
                                                  
l.4 ...$çš„è½¬ç§»æ¦‚ç‡ã€‚è¯¥é©¬æ°é“¾å¯¹åº”çš„è½¬
                                                  ç§»å›¾ä¸º$G=(S, E)$ï¼Œå…¶ä...

You may provide a definition with
\DeclareUnicodeCharacter 


! LaTeX Error: Unicode character ç§» (U+79FB)
               not set up for use with LaTeX.

See the LaTeX manual or LaTeX Companion for explanation.
Type  H <return>  for immediate help.
 ...                                              
                                                  
l.4 ...„è½¬ç§»æ¦‚ç‡ã€‚è¯¥é©¬æ°é“¾å¯¹åº”çš„è½¬ç§»
                                                  å›¾ä¸º$G=(S, E)$ï¼Œå…¶ä¸­é...

You may provide a definition with
\DeclareUnicodeCharacter 


! LaTeX Error: Unicode character å›¾ (U+56FE)
               not set up for use with LaTeX.

See the LaTeX manual or LaTeX Companion for explanation.
Type  H <return>  for immediate help.
 ...                                              
                                                  
l.4 ...¬ç§»æ¦‚ç‡ã€‚è¯¥é©¬æ°é“¾å¯¹åº”çš„è½¬ç§»å›¾
                                                  ä¸º$G=(S, E)$ï¼Œå…¶ä¸­é¡¶ç...

You may provide a definition with
\DeclareUnicodeCharacter 


! LaTeX Error: Unicode character ä¸º (U+4E3A)
               not set up for use with LaTeX.

See the LaTeX manual or LaTeX Companion for explanation.
Type  H <return>  for immediate help.
 ...                                              
                                                  
l.4 ...»æ¦‚ç‡ã€‚è¯¥é©¬æ°é“¾å¯¹åº”çš„è½¬ç§»å›¾ä¸º
                                                  $G=(S, E)$ï¼Œå…¶ä¸­é¡¶ç‚¹é...

You may provide a definition with
\DeclareUnicodeCharacter 


! LaTeX Error: Unicode character ï¼Œ (U+FF0C)
               not set up for use with LaTeX.

See the LaTeX manual or LaTeX Companion for explanation.
Type  H <return>  for immediate help.
 ...                                              
                                                  
l.4 ...é©¬æ°é“¾å¯¹åº”çš„è½¬ç§»å›¾ä¸º$G=(S, E)$ï¼Œ
                                                  å…¶ä¸­é¡¶ç‚¹é›†åˆ$S$æ˜¯çŠ...

You may provide a definition with
\DeclareUnicodeCharacter 


! LaTeX Error: Unicode character å…¶ (U+5176)
               not set up for use with LaTeX.

See the LaTeX manual or LaTeX Companion for explanation.
Type  H <return>  for immediate help.
 ...                                              
                                                  
l.4 ...æ°é“¾å¯¹åº”çš„è½¬ç§»å›¾ä¸º$G=(S, E)$ï¼Œå…¶
                                                  ä¸­é¡¶ç‚¹é›†åˆ$S$æ˜¯çŠ¶æ€...

You may provide a definition with
\DeclareUnicodeCharacter 


! LaTeX Error: Unicode character ä¸­ (U+4E2D)
               not set up for use with LaTeX.

See the LaTeX manual or LaTeX Companion for explanation.
Type  H <return>  for immediate help.
 ...                                              
                                                  
l.4 ...é“¾å¯¹åº”çš„è½¬ç§»å›¾ä¸º$G=(S, E)$ï¼Œå…¶ä¸­
                                                  é¡¶ç‚¹é›†åˆ$S$æ˜¯çŠ¶æ€ç©...

You may provide a definition with
\DeclareUnicodeCharacter 


! LaTeX Error: Unicode character é¡¶ (U+9876)
               not set up for use with LaTeX.

See the LaTeX manual or LaTeX Companion for explanation.
Type  H <return>  for immediate help.
 ...                                              
                                                  
l.4 ...å¯¹åº”çš„è½¬ç§»å›¾ä¸º$G=(S, E)$ï¼Œå…¶ä¸­é¡¶
                                                  ç‚¹é›†åˆ$S$æ˜¯çŠ¶æ€ç©ºé—...

You may provide a definition with
\DeclareUnicodeCharacter 


! LaTeX Error: Unicode character ç‚¹ (U+70B9)
               not set up for use with LaTeX.

See the LaTeX manual or LaTeX Companion for explanation.
Type  H <return>  for immediate help.
 ...                                              
                                                  
l.4 ...åº”çš„è½¬ç§»å›¾ä¸º$G=(S, E)$ï¼Œå…¶ä¸­é¡¶ç‚¹
                                                  é›†åˆ$S$æ˜¯çŠ¶æ€ç©ºé—´ï¼...

You may provide a definition with
\DeclareUnicodeCharacter 


! LaTeX Error: Unicode character é›† (U+96C6)
               not set up for use with LaTeX.

See the LaTeX manual or LaTeX Companion for explanation.
Type  H <return>  for immediate help.
 ...                                              
                                                  
l.4 ...çš„è½¬ç§»å›¾ä¸º$G=(S, E)$ï¼Œå…¶ä¸­é¡¶ç‚¹é›†
                                                  åˆ$S$æ˜¯çŠ¶æ€ç©ºé—´ï¼Œ$E...

You may provide a definition with
\DeclareUnicodeCharacter 


! LaTeX Error: Unicode character åˆ (U+5408)
               not set up for use with LaTeX.

See the LaTeX manual or LaTeX Companion for explanation.
Type  H <return>  for immediate help.
 ...                                              
                                                  
l.4 ...è½¬ç§»å›¾ä¸º$G=(S, E)$ï¼Œå…¶ä¸­é¡¶ç‚¹é›†åˆ
                                                  $S$æ˜¯çŠ¶æ€ç©ºé—´ï¼Œ$E$æ˜...

You may provide a definition with
\DeclareUnicodeCharacter 


! LaTeX Error: Unicode character æ˜¯ (U+662F)
               not set up for use with LaTeX.

See the LaTeX manual or LaTeX Companion for explanation.
Type  H <return>  for immediate help.
 ...                                              
                                                  
l.4 ...å›¾ä¸º$G=(S, E)$ï¼Œå…¶ä¸­é¡¶ç‚¹é›†åˆ$S$æ˜¯
                                                  çŠ¶æ€ç©ºé—´ï¼Œ$E$æ˜¯è½¬ç§...

You may provide a definition with
\DeclareUnicodeCharacter 


! LaTeX Error: Unicode character çŠ¶ (U+72B6)
               not set up for use with LaTeX.

See the LaTeX manual or LaTeX Companion for explanation.
Type  H <return>  for immediate help.
 ...                                              
                                                  
l.4 ...ä¸º$G=(S, E)$ï¼Œå…¶ä¸­é¡¶ç‚¹é›†åˆ$S$æ˜¯çŠ¶
                                                  æ€ç©ºé—´ï¼Œ$E$æ˜¯è½¬ç§»æ¦...

You may provide a definition with
\DeclareUnicodeCharacter 


! LaTeX Error: Unicode character æ€ (U+6001)
               not set up for use with LaTeX.

See the LaTeX manual or LaTeX Companion for explanation.
Type  H <return>  for immediate help.
 ...                                              
                                                  
l.4 ...$G=(S, E)$ï¼Œå…¶ä¸­é¡¶ç‚¹é›†åˆ$S$æ˜¯çŠ¶æ€
                                                  ç©ºé—´ï¼Œ$E$æ˜¯è½¬ç§»æ¦‚ç...

You may provide a definition with
\DeclareUnicodeCharacter 


! LaTeX Error: Unicode character ç©º (U+7A7A)
               not set up for use with LaTeX.

See the LaTeX manual or LaTeX Companion for explanation.
Type  H <return>  for immediate help.
 ...                                              
                                                  
l.4 ...(S, E)$ï¼Œå…¶ä¸­é¡¶ç‚¹é›†åˆ$S$æ˜¯çŠ¶æ€ç©º
                                                  é—´ï¼Œ$E$æ˜¯è½¬ç§»æ¦‚ç‡æœ...

You may provide a definition with
\DeclareUnicodeCharacter 


! LaTeX Error: Unicode character é—´ (U+95F4)
               not set up for use with LaTeX.

See the LaTeX manual or LaTeX Companion for explanation.
Type  H <return>  for immediate help.
 ...                                              
                                                  
l.4 ... E)$ï¼Œå…¶ä¸­é¡¶ç‚¹é›†åˆ$S$æ˜¯çŠ¶æ€ç©ºé—´
                                                  ï¼Œ$E$æ˜¯è½¬ç§»æ¦‚ç‡æœ‰å...

You may provide a definition with
\DeclareUnicodeCharacter 


! LaTeX Error: Unicode character ï¼Œ (U+FF0C)
               not set up for use with LaTeX.

See the LaTeX manual or LaTeX Companion for explanation.
Type  H <return>  for immediate help.
 ...                                              
                                                  
l.4 ...$ï¼Œå…¶ä¸­é¡¶ç‚¹é›†åˆ$S$æ˜¯çŠ¶æ€ç©ºé—´ï¼Œ
                                                  $E$æ˜¯è½¬ç§»æ¦‚ç‡æœ‰å‘è¾...

You may provide a definition with
\DeclareUnicodeCharacter 


! LaTeX Error: Unicode character æ˜¯ (U+662F)
               not set up for use with LaTeX.

See the LaTeX manual or LaTeX Companion for explanation.
Type  H <return>  for immediate help.
 ...                                              
                                                  
l.4 ...¶ä¸­é¡¶ç‚¹é›†åˆ$S$æ˜¯çŠ¶æ€ç©ºé—´ï¼Œ$E$æ˜¯
                                                  è½¬ç§»æ¦‚ç‡æœ‰å‘è¾¹çš„é›...

You may provide a definition with
\DeclareUnicodeCharacter 


! LaTeX Error: Unicode character è½¬ (U+8F6C)
               not set up for use with LaTeX.

See the LaTeX manual or LaTeX Companion for explanation.
Type  H <return>  for immediate help.
 ...                                              
                                                  
l.4 ...­é¡¶ç‚¹é›†åˆ$S$æ˜¯çŠ¶æ€ç©ºé—´ï¼Œ$E$æ˜¯è½¬
                                                  ç§»æ¦‚ç‡æœ‰å‘è¾¹çš„é›†å...

You may provide a definition with
\DeclareUnicodeCharacter 


! LaTeX Error: Unicode character ç§» (U+79FB)
               not set up for use with LaTeX.

See the LaTeX manual or LaTeX Companion for explanation.
Type  H <return>  for immediate help.
 ...                                              
                                                  
l.4 ...¶ç‚¹é›†åˆ$S$æ˜¯çŠ¶æ€ç©ºé—´ï¼Œ$E$æ˜¯è½¬ç§»
                                                  æ¦‚ç‡æœ‰å‘è¾¹çš„é›†åˆ \...

You may provide a definition with
\DeclareUnicodeCharacter 


! LaTeX Error: Unicode character æ¦‚ (U+6982)
               not set up for use with LaTeX.

See the LaTeX manual or LaTeX Companion for explanation.
Type  H <return>  for immediate help.
 ...                                              
                                                  
l.4 ...¹é›†åˆ$S$æ˜¯çŠ¶æ€ç©ºé—´ï¼Œ$E$æ˜¯è½¬ç§»æ¦‚
                                                  ç‡æœ‰å‘è¾¹çš„é›†åˆ \ref...

You may provide a definition with
\DeclareUnicodeCharacter 


! LaTeX Error: Unicode character ç‡ (U+7387)
               not set up for use with LaTeX.

See the LaTeX manual or LaTeX Companion for explanation.
Type  H <return>  for immediate help.
 ...                                              
                                                  
l.4 ...†åˆ$S$æ˜¯çŠ¶æ€ç©ºé—´ï¼Œ$E$æ˜¯è½¬ç§»æ¦‚ç‡
                                                  æœ‰å‘è¾¹çš„é›†åˆ \ref{fi...

You may provide a definition with
\DeclareUnicodeCharacter 


! LaTeX Error: Unicode character æœ‰ (U+6709)
               not set up for use with LaTeX.

See the LaTeX manual or LaTeX Companion for explanation.
Type  H <return>  for immediate help.
 ...                                              
                                                  
l.4 ...ˆ$S$æ˜¯çŠ¶æ€ç©ºé—´ï¼Œ$E$æ˜¯è½¬ç§»æ¦‚ç‡æœ‰
                                                  å‘è¾¹çš„é›†åˆ \ref{figur...

You may provide a definition with
\DeclareUnicodeCharacter 


! LaTeX Error: Unicode character å‘ (U+5411)
               not set up for use with LaTeX.

See the LaTeX manual or LaTeX Companion for explanation.
Type  H <return>  for immediate help.
 ...                                              
                                                  
l.4 ...$æ˜¯çŠ¶æ€ç©ºé—´ï¼Œ$E$æ˜¯è½¬ç§»æ¦‚ç‡æœ‰å‘
                                                  è¾¹çš„é›†åˆ \ref{figure:t...

You may provide a definition with
\DeclareUnicodeCharacter 


! LaTeX Error: Unicode character è¾¹ (U+8FB9)
               not set up for use with LaTeX.

See the LaTeX manual or LaTeX Companion for explanation.
Type  H <return>  for immediate help.
 ...                                              
                                                  
l.4 ...¯çŠ¶æ€ç©ºé—´ï¼Œ$E$æ˜¯è½¬ç§»æ¦‚ç‡æœ‰å‘è¾¹
                                                  çš„é›†åˆ \ref{figure:tran...

You may provide a definition with
\DeclareUnicodeCharacter 


! LaTeX Error: Unicode character çš„ (U+7684)
               not set up for use with LaTeX.

See the LaTeX manual or LaTeX Companion for explanation.
Type  H <return>  for immediate help.
 ...                                              
                                                  
l.4 ...¶æ€ç©ºé—´ï¼Œ$E$æ˜¯è½¬ç§»æ¦‚ç‡æœ‰å‘è¾¹çš„
                                                  é›†åˆ \ref{figure:transit...

You may provide a definition with
\DeclareUnicodeCharacter 


! LaTeX Error: Unicode character é›† (U+96C6)
               not set up for use with LaTeX.

See the LaTeX manual or LaTeX Companion for explanation.
Type  H <return>  for immediate help.
 ...                                              
                                                  
l.4 ...ç©ºé—´ï¼Œ$E$æ˜¯è½¬ç§»æ¦‚ç‡æœ‰å‘è¾¹çš„é›†
                                                  åˆ \ref{figure:transition...

You may provide a definition with
\DeclareUnicodeCharacter 


! LaTeX Error: Unicode character åˆ (U+5408)
               not set up for use with LaTeX.

See the LaTeX manual or LaTeX Companion for explanation.
Type  H <return>  for immediate help.
 ...                                              
                                                  
l.4 ...ºé—´ï¼Œ$E$æ˜¯è½¬ç§»æ¦‚ç‡æœ‰å‘è¾¹çš„é›†åˆ
                                                   \ref{figure:transitiongra...

You may provide a definition with
\DeclareUnicodeCharacter 

! Undefined control sequence.
<write> ...gure:transitiongraph' on page \thepage 
                                                  \space undefined\on@line .
l.4 ...‘è¾¹çš„é›†åˆ \ref{figure:transitiongraph}
                                                  ã€‚æœ¬æ–‡ç”¨$\langle i, j\...
The control sequence at the end of the top line
of your error message was never \def'ed. If you have
misspelled it (e.g., `\hobx'), type `I' and the correct
spelling (e.g., `I\hbox'). Otherwise just continue,
and I'll forget about whatever was undefined.


LaTeX Warning: Reference `figure:transitiongraph' on page  undefined on input l
ine 4.


! LaTeX Error: Unicode character ã€‚ (U+3002)
               not set up for use with LaTeX.

See the LaTeX manual or LaTeX Companion for explanation.
Type  H <return>  for immediate help.
 ...                                              
                                                  
l.4 ...¾¹çš„é›†åˆ \ref{figure:transitiongraph}ã€‚
                                                  æœ¬æ–‡ç”¨$\langle i, j\ran...

You may provide a definition with
\DeclareUnicodeCharacter 


! LaTeX Error: Unicode character æœ¬ (U+672C)
               not set up for use with LaTeX.

See the LaTeX manual or LaTeX Companion for explanation.
Type  H <return>  for immediate help.
 ...                                              
                                                  
l.4 ...š„é›†åˆ \ref{figure:transitiongraph}ã€‚æœ¬
                                                  æ–‡ç”¨$\langle i, j\rangle...

You may provide a definition with
\DeclareUnicodeCharacter 


! LaTeX Error: Unicode character æ–‡ (U+6587)
               not set up for use with LaTeX.

See the LaTeX manual or LaTeX Companion for explanation.
Type  H <return>  for immediate help.
 ...                                              
                                                  
l.4 ...›†åˆ \ref{figure:transitiongraph}ã€‚æœ¬æ–‡
                                                  ç”¨$\langle i, j\rangle$è¡...

You may provide a definition with
\DeclareUnicodeCharacter 


! LaTeX Error: Unicode character ç”¨ (U+7528)
               not set up for use with LaTeX.

See the LaTeX manual or LaTeX Companion for explanation.
Type  H <return>  for immediate help.
 ...                                              
                                                  
l.4 ...ˆ \ref{figure:transitiongraph}ã€‚æœ¬æ–‡ç”¨
                                                  $\langle i, j\rangle$è¡¨ç¤...

You may provide a definition with
\DeclareUnicodeCharacter 


! LaTeX Error: Unicode character è¡¨ (U+8868)
               not set up for use with LaTeX.

See the LaTeX manual or LaTeX Companion for explanation.
Type  H <return>  for immediate help.
 ...                                              
                                                  
l.4 ...ngraph}ã€‚æœ¬æ–‡ç”¨$\langle i, j\rangle$è¡¨
                                                  ç¤ºçŠ¶æ€$i$åˆ°çŠ¶æ€$j$çš...

You may provide a definition with
\DeclareUnicodeCharacter 


! LaTeX Error: Unicode character ç¤º (U+793A)
               not set up for use with LaTeX.

See the LaTeX manual or LaTeX Companion for explanation.
Type  H <return>  for immediate help.
 ...                                              
                                                  
l.4 ...aph}ã€‚æœ¬æ–‡ç”¨$\langle i, j\rangle$è¡¨ç¤º
                                                  çŠ¶æ€$i$åˆ°çŠ¶æ€$j$çš„æœ...

You may provide a definition with
\DeclareUnicodeCharacter 


! LaTeX Error: Unicode character çŠ¶ (U+72B6)
               not set up for use with LaTeX.

See the LaTeX manual or LaTeX Companion for explanation.
Type  H <return>  for immediate help.
 ...                                              
                                                  
l.4 ...}ã€‚æœ¬æ–‡ç”¨$\langle i, j\rangle$è¡¨ç¤ºçŠ¶
                                                  æ€$i$åˆ°çŠ¶æ€$j$çš„æœ‰å...

You may provide a definition with
\DeclareUnicodeCharacter 


! LaTeX Error: Unicode character æ€ (U+6001)
               not set up for use with LaTeX.

See the LaTeX manual or LaTeX Companion for explanation.
Type  H <return>  for immediate help.
 ...                                              
                                                  
l.4 ...‚æœ¬æ–‡ç”¨$\langle i, j\rangle$è¡¨ç¤ºçŠ¶æ€
                                                  $i$åˆ°çŠ¶æ€$j$çš„æœ‰å‘è¾...

You may provide a definition with
\DeclareUnicodeCharacter 


! LaTeX Error: Unicode character åˆ° (U+5230)
               not set up for use with LaTeX.

See the LaTeX manual or LaTeX Companion for explanation.
Type  H <return>  for immediate help.
 ...                                              
                                                  
l.4 ...‡ç”¨$\langle i, j\rangle$è¡¨ç¤ºçŠ¶æ€$i$åˆ°
                                                  çŠ¶æ€$j$çš„æœ‰å‘è¾¹ï¼Œå›...

You may provide a definition with
\DeclareUnicodeCharacter 


! LaTeX Error: Unicode character çŠ¶ (U+72B6)
               not set up for use with LaTeX.

See the LaTeX manual or LaTeX Companion for explanation.
Type  H <return>  for immediate help.
 ...                                              
                                                  
l.4 ...¨$\langle i, j\rangle$è¡¨ç¤ºçŠ¶æ€$i$åˆ°çŠ¶
                                                  æ€$j$çš„æœ‰å‘è¾¹ï¼Œå› æ­...

You may provide a definition with
\DeclareUnicodeCharacter 


! LaTeX Error: Unicode character æ€ (U+6001)
               not set up for use with LaTeX.

See the LaTeX manual or LaTeX Companion for explanation.
Type  H <return>  for immediate help.
 ...                                              
                                                  
l.4 ...langle i, j\rangle$è¡¨ç¤ºçŠ¶æ€$i$åˆ°çŠ¶æ€
                                                  $j$çš„æœ‰å‘è¾¹ï¼Œå› æ­¤æœ...

You may provide a definition with
\DeclareUnicodeCharacter 


! LaTeX Error: Unicode character çš„ (U+7684)
               not set up for use with LaTeX.

See the LaTeX manual or LaTeX Companion for explanation.
Type  H <return>  for immediate help.
 ...                                              
                                                  
l.4 ... i, j\rangle$è¡¨ç¤ºçŠ¶æ€$i$åˆ°çŠ¶æ€$j$çš„
                                                  æœ‰å‘è¾¹ï¼Œå› æ­¤æœ‰$E = ...

You may provide a definition with
\DeclareUnicodeCharacter 


! LaTeX Error: Unicode character æœ‰ (U+6709)
               not set up for use with LaTeX.

See the LaTeX manual or LaTeX Companion for explanation.
Type  H <return>  for immediate help.
 ...                                              
                                                  
l.4 ... j\rangle$è¡¨ç¤ºçŠ¶æ€$i$åˆ°çŠ¶æ€$j$çš„æœ‰
                                                  å‘è¾¹ï¼Œå› æ­¤æœ‰$E = \{\...

You may provide a definition with
\DeclareUnicodeCharacter 


! LaTeX Error: Unicode character å‘ (U+5411)
               not set up for use with LaTeX.

See the LaTeX manual or LaTeX Companion for explanation.
Type  H <return>  for immediate help.
 ...                                              
                                                  
l.4 ...rangle$è¡¨ç¤ºçŠ¶æ€$i$åˆ°çŠ¶æ€$j$çš„æœ‰å‘
                                                  è¾¹ï¼Œå› æ­¤æœ‰$E = \{\lan...

You may provide a definition with
\DeclareUnicodeCharacter 


! LaTeX Error: Unicode character è¾¹ (U+8FB9)
               not set up for use with LaTeX.

See the LaTeX manual or LaTeX Companion for explanation.
Type  H <return>  for immediate help.
 ...                                              
                                                  
l.4 ...gle$è¡¨ç¤ºçŠ¶æ€$i$åˆ°çŠ¶æ€$j$çš„æœ‰å‘è¾¹
                                                  ï¼Œå› æ­¤æœ‰$E = \{\langle...

You may provide a definition with
\DeclareUnicodeCharacter 


! LaTeX Error: Unicode character ï¼Œ (U+FF0C)
               not set up for use with LaTeX.

See the LaTeX manual or LaTeX Companion for explanation.
Type  H <return>  for immediate help.
 ...                                              
                                                  
l.4 ...$è¡¨ç¤ºçŠ¶æ€$i$åˆ°çŠ¶æ€$j$çš„æœ‰å‘è¾¹ï¼Œ
                                                  å› æ­¤æœ‰$E = \{\langle \l...

You may provide a definition with
\DeclareUnicodeCharacter 


! LaTeX Error: Unicode character å›  (U+56E0)
               not set up for use with LaTeX.

See the LaTeX manual or LaTeX Companion for explanation.
Type  H <return>  for immediate help.
 ...                                              
                                                  
l.4 ...¨ç¤ºçŠ¶æ€$i$åˆ°çŠ¶æ€$j$çš„æœ‰å‘è¾¹ï¼Œå› 
                                                  æ­¤æœ‰$E = \{\langle \lang...

You may provide a definition with
\DeclareUnicodeCharacter 


! LaTeX Error: Unicode character æ­¤ (U+6B64)
               not set up for use with LaTeX.

See the LaTeX manual or LaTeX Companion for explanation.
Type  H <return>  for immediate help.
 ...                                              
                                                  
l.4 ...ºçŠ¶æ€$i$åˆ°çŠ¶æ€$j$çš„æœ‰å‘è¾¹ï¼Œå› æ­¤
                                                  æœ‰$E = \{\langle \langle ...

You may provide a definition with
\DeclareUnicodeCharacter 


! LaTeX Error: Unicode character æœ‰ (U+6709)
               not set up for use with LaTeX.

See the LaTeX manual or LaTeX Companion for explanation.
Type  H <return>  for immediate help.
 ...                                              
                                                  
l.4 ...¶æ€$i$åˆ°çŠ¶æ€$j$çš„æœ‰å‘è¾¹ï¼Œå› æ­¤æœ‰
                                                  $E = \{\langle \langle i, ...
(That makes 100 errors; please try again.) 
Here is how much of TeX's memory you used:
 83 strings out of 478268
 992 string characters out of 5843326
 289375 words of memory out of 5000000
 18390 multiletter control sequences out of 15000+600000
 469567 words of font info for 29 fonts, out of 8000000 for 9000
 1141 hyphenation exceptions out of 8191
 18i,2n,14p,907b,91s stack positions out of 10000i,1000n,20000p,200000b,200000s

!  ==> Fatal error occurred, no output PDF file produced!
