\BOOKMARK [0][]{section*.4}{\376\377\144\130\000\040\211\201}{}% 1
\BOOKMARK [0][]{section*.8}{\376\377\000A\000b\000s\000t\000r\000a\000c\000t}{}% 2
\BOOKMARK [0][]{mulu.0}{\376\377\166\356\000\040\000\040\000\040\000\040\137\125}{}% 3
\BOOKMARK [0][]{section*.12}{\376\377\173\054\000\040\116\000\000\040\172\340\000\040\000\040\176\352\213\272}{}% 4
\BOOKMARK [1][]{section*.14}{\376\377\0001\000.\0001\000\040\225\356\230\230\166\204\200\314\146\157\124\214\170\024\172\166\163\260\162\266}{section*.12}% 5
\BOOKMARK [0][]{section*.17}{\376\377\173\054\000\040\116\214\000\040\172\340\000\040\000\040\152\041\127\213\116\313\176\315}{}% 6
\BOOKMARK [1][]{section*.20}{\376\377\0002\000.\0001\000\040\163\257\144\346\226\144\145\271\137\017\133\232\116\111\166\204\163\257\155\101}{section*.17}% 7
\BOOKMARK [1][]{section*.23}{\376\377\0002\000.\0002\000\040\165\037\142\020\150\021\145\271\137\017\133\232\116\111\166\204\163\257\155\101}{section*.17}% 8
\BOOKMARK [1][]{section*.25}{\376\377\0002\000.\0003\000\040\116\044\171\315\174\173\127\213\163\257\155\101\166\204\153\324\217\203}{section*.17}% 9
\BOOKMARK [0][]{section*.28}{\376\377\173\054\000\040\116\011\000\040\172\340\000\040\000\040\163\257\155\101\166\204\131\047\120\117\135\356\123\237\164\006}{}% 10
\BOOKMARK [1][]{section*.30}{\376\377\0003\000.\0001\000\040\123\125\163\257\232\154\154\017\224\376\000L\000E\163\257\155\101\166\204\131\047\120\117\135\356}{section*.28}% 11
\BOOKMARK [2][]{section*.32}{\376\377\0003\000.\0001\000.\0001\000\040\131\047\120\117\135\356\220\037\163\207\121\375\145\160\166\204\127\372\147\054\143\250\133\374}{section*.30}% 12
\BOOKMARK [2][]{section*.38}{\376\377\0003\000.\0001\000.\0002\000\040\220\037\163\207\121\375\145\160\166\204\133\371\171\360\140\047}{section*.30}% 13
\BOOKMARK [2][]{section*.45}{\376\377\0003\000.\0001\000.\0003\000\040\131\047\120\117\135\356\123\237\164\006\166\204\116\045\150\074\213\301\146\016\124\214\220\037\163\207\121\375\145\160\166\204\140\047\215\050}{section*.30}% 14
\BOOKMARK [2][]{section*.50}{\376\377\0003\000.\0001\000.\0004\000\040\131\047\120\117\135\356\220\037\163\207\121\375\145\160\166\204\173\200\123\026\137\142\137\017}{section*.30}% 15
\BOOKMARK [1][]{section*.54}{\376\377\0003\000.\0002\000\040\116\000\202\054\232\154\154\017\224\376\166\204\000S\000T\163\257\155\101\166\204\131\047\120\117\135\356}{section*.28}% 16
\BOOKMARK [0][]{section*.57}{\376\377\173\054\000\040\126\333\000\040\172\340\000\040\000\040\163\257\155\101\166\204\155\250\204\075\133\232\164\006}{}% 17
\BOOKMARK [1][]{section*.59}{\376\377\0004\000.\0001\000\040\123\125\163\257\232\154\154\017\224\376\000L\000E\163\257\155\101\166\204\155\250\204\075\133\232\164\006}{section*.57}% 18
\BOOKMARK [1][]{section*.61}{\376\377\0004\000.\0002\000\040\116\000\202\054\232\154\154\017\224\376\000L\000E\163\257\155\101\166\204\155\250\204\075\133\232\164\006}{section*.57}% 19
\BOOKMARK [1][]{section*.63}{\376\377\0004\000.\0003\000\040\116\000\202\054\232\154\154\017\224\376\000S\000T\163\257\155\101\166\204\155\250\204\075\133\232\164\006}{section*.57}% 20
\BOOKMARK [0][]{section*.67}{\376\377\173\054\000\040\116\224\000\040\172\340\000\040\000\040\140\073\176\323\124\214\213\250\213\272}{}% 21
