This is pdfTeX, Version 3.141592653-2.6-1.40.24 (TeX Live 2022) (preloaded format=pdflatex 2022.4.6)  9 APR 2022 15:45
entering extended mode
 restricted \write18 enabled.
 %&-line parsing enabled.
**body.tex
(./body.tex
LaTeX2e <2021-11-15> patch level 1
L3 programming layer <2022-02-24>

! LaTeX Error: \usepackage before \documentclass.

See the LaTeX manual or LaTeX Companion for explanation.
Type  H <return>  for immediate help.
 ...                                              
                                                  
l.1 \usepackage{
                xr}
\usepackage may only appear in the document preamble, i.e.,
between \documentclass and \begin{document}.

! Undefined control sequence.
l.2 \externaldocument
                     {../chapter2/body}
The control sequence at the end of the top line
of your error message was never \def'ed. If you have
misspelled it (e.g., `\hobx'), type `I' and the correct
spelling (e.g., `I\hbox'). Otherwise just continue,
and I'll forget about whatever was undefined.


! LaTeX Error: Missing \begin{document}.

See the LaTeX manual or LaTeX Companion for explanation.
Type  H <return>  for immediate help.
 ...                                              
                                                  
l.2 \externaldocument{.
                       ./chapter2/body}
You're in trouble here.  Try typing  <return>  to proceed.
If that doesn't work, type  X <return>  to quit.

Missing character: There is no . in font nullfont!
Missing character: There is no . in font nullfont!
Missing character: There is no / in font nullfont!
Missing character: There is no c in font nullfont!
Missing character: There is no h in font nullfont!
Missing character: There is no a in font nullfont!
Missing character: There is no p in font nullfont!
Missing character: There is no t in font nullfont!
Missing character: There is no e in font nullfont!
Missing character: There is no r in font nullfont!
Missing character: There is no 2 in font nullfont!
Missing character: There is no / in font nullfont!
Missing character: There is no b in font nullfont!
Missing character: There is no o in font nullfont!
Missing character: There is no d in font nullfont!
Missing character: There is no y in font nullfont!

Overfull \hbox (20.0pt too wide) in paragraph at lines 2--3
[] 
 []

! Undefined control sequence.
l.4 \BiChapter
              {ç¯æµçš„å¤§åå·®åŸç†}{Large deviations of cycle currents}
The control sequence at the end of the top line
of your error message was never \def'ed. If you have
misspelled it (e.g., `\hobx'), type `I' and the correct
spelling (e.g., `I\hbox'). Otherwise just continue,
and I'll forget about whatever was undefined.


! LaTeX Error: Unicode character ç¯ (U+73AF)
               not set up for use with LaTeX.

See the LaTeX manual or LaTeX Companion for explanation.
Type  H <return>  for immediate help.
 ...                                              
                                                  
l.4 \BiChapter{ç¯
                  æµçš„å¤§åå·®åŸç†}{Large deviations of cycle currents}
You may provide a definition with
\DeclareUnicodeCharacter 


! LaTeX Error: Unicode character æµ (U+6D41)
               not set up for use with LaTeX.

See the LaTeX manual or LaTeX Companion for explanation.
Type  H <return>  for immediate help.
 ...                                              
                                                  
l.4 \BiChapter{ç¯æµ
                     çš„å¤§åå·®åŸç†}{Large deviations of cycle currents}
You may provide a definition with
\DeclareUnicodeCharacter 


! LaTeX Error: Unicode character çš„ (U+7684)
               not set up for use with LaTeX.

See the LaTeX manual or LaTeX Companion for explanation.
Type  H <return>  for immediate help.
 ...                                              
                                                  
l.4 \BiChapter{ç¯æµçš„
                        å¤§åå·®åŸç†}{Large deviations of cycle currents}
You may provide a definition with
\DeclareUnicodeCharacter 


! LaTeX Error: Unicode character å¤§ (U+5927)
               not set up for use with LaTeX.

See the LaTeX manual or LaTeX Companion for explanation.
Type  H <return>  for immediate help.
 ...                                              
                                                  
l.4 \BiChapter{ç¯æµçš„å¤§
                           åå·®åŸç†}{Large deviations of cycle currents}
You may provide a definition with
\DeclareUnicodeCharacter 


! LaTeX Error: Unicode character å (U+504F)
               not set up for use with LaTeX.

See the LaTeX manual or LaTeX Companion for explanation.
Type  H <return>  for immediate help.
 ...                                              
                                                  
l.4 \BiChapter{ç¯æµçš„å¤§å
                              å·®åŸç†}{Large deviations of cycle currents}
You may provide a definition with
\DeclareUnicodeCharacter 


! LaTeX Error: Unicode character å·® (U+5DEE)
               not set up for use with LaTeX.

See the LaTeX manual or LaTeX Companion for explanation.
Type  H <return>  for immediate help.
 ...                                              
                                                  
l.4 \BiChapter{ç¯æµçš„å¤§åå·®
                                 åŸç†}{Large deviations of cycle currents}
You may provide a definition with
\DeclareUnicodeCharacter 


! LaTeX Error: Unicode character åŸ (U+539F)
               not set up for use with LaTeX.

See the LaTeX manual or LaTeX Companion for explanation.
Type  H <return>  for immediate help.
 ...                                              
                                                  
l.4 \BiChapter{ç¯æµçš„å¤§åå·®åŸ
                                    ç†}{Large deviations of cycle currents}
You may provide a definition with
\DeclareUnicodeCharacter 


! LaTeX Error: Unicode character ç† (U+7406)
               not set up for use with LaTeX.

See the LaTeX manual or LaTeX Companion for explanation.
Type  H <return>  for immediate help.
 ...                                              
                                                  
l.4 \BiChapter{ç¯æµçš„å¤§åå·®åŸç†
                                       }{Large deviations of cycle currents}
You may provide a definition with
\DeclareUnicodeCharacter 


! LaTeX Error: Missing \begin{document}.

See the LaTeX manual or LaTeX Companion for explanation.
Type  H <return>  for immediate help.
 ...                                              
                                                  
l.4 \BiChapter{ç¯æµçš„å¤§åå·®åŸç†}{L
                                          arge deviations of cycle currents}
You're in trouble here.  Try typing  <return>  to proceed.
If that doesn't work, type  X <return>  to quit.

Missing character: There is no L in font nullfont!
Missing character: There is no a in font nullfont!
Missing character: There is no r in font nullfont!
Missing character: There is no g in font nullfont!
Missing character: There is no e in font nullfont!
Missing character: There is no d in font nullfont!
Missing character: There is no e in font nullfont!
Missing character: There is no v in font nullfont!
Missing character: There is no i in font nullfont!
Missing character: There is no a in font nullfont!
Missing character: There is no t in font nullfont!
Missing character: There is no i in font nullfont!
Missing character: There is no o in font nullfont!
Missing character: There is no n in font nullfont!
Missing character: There is no s in font nullfont!
Missing character: There is no o in font nullfont!
Missing character: There is no f in font nullfont!
Missing character: There is no c in font nullfont!
Missing character: There is no y in font nullfont!
Missing character: There is no c in font nullfont!
Missing character: There is no l in font nullfont!
Missing character: There is no e in font nullfont!
Missing character: There is no c in font nullfont!
Missing character: There is no u in font nullfont!
Missing character: There is no r in font nullfont!
Missing character: There is no r in font nullfont!
Missing character: There is no e in font nullfont!
Missing character: There is no n in font nullfont!
Missing character: There is no t in font nullfont!
Missing character: There is no s in font nullfont!

! LaTeX Error: Unicode character å¤§ (U+5927)
               not set up for use with LaTeX.

See the LaTeX manual or LaTeX Companion for explanation.
Type  H <return>  for immediate help.
 ...                                              
                                                  
l.5 å¤§
       åå·®å…³ç³»åˆ°éšæœºè¿‡ç¨‹ä¸­å°æ¦‚ç‡äº‹ä»¶çš„é•¿æ—¶æ¶¨è½è¡Œä¸º \c...

You may provide a definition with
\DeclareUnicodeCharacter 


! LaTeX Error: Unicode character å (U+504F)
               not set up for use with LaTeX.

See the LaTeX manual or LaTeX Companion for explanation.
Type  H <return>  for immediate help.
 ...                                              
                                                  
l.5 å¤§å
          å·®å…³ç³»åˆ°éšæœºè¿‡ç¨‹ä¸­å°æ¦‚ç‡äº‹ä»¶çš„é•¿æ—¶æ¶¨è½è¡Œä¸º \c...

You may provide a definition with
\DeclareUnicodeCharacter 


! LaTeX Error: Unicode character å·® (U+5DEE)
               not set up for use with LaTeX.

See the LaTeX manual or LaTeX Companion for explanation.
Type  H <return>  for immediate help.
 ...                                              
                                                  
l.5 å¤§åå·®
             å…³ç³»åˆ°éšæœºè¿‡ç¨‹ä¸­å°æ¦‚ç‡äº‹ä»¶çš„é•¿æ—¶æ¶¨è½è¡Œä¸º \c...

You may provide a definition with
\DeclareUnicodeCharacter 


! LaTeX Error: Unicode character å…³ (U+5173)
               not set up for use with LaTeX.

See the LaTeX manual or LaTeX Companion for explanation.
Type  H <return>  for immediate help.
 ...                                              
                                                  
l.5 å¤§åå·®å…³
                ç³»åˆ°éšæœºè¿‡ç¨‹ä¸­å°æ¦‚ç‡äº‹ä»¶çš„é•¿æ—¶æ¶¨è½è¡Œä¸º \c...

You may provide a definition with
\DeclareUnicodeCharacter 


! LaTeX Error: Unicode character ç³» (U+7CFB)
               not set up for use with LaTeX.

See the LaTeX manual or LaTeX Companion for explanation.
Type  H <return>  for immediate help.
 ...                                              
                                                  
l.5 å¤§åå·®å…³ç³»
                   åˆ°éšæœºè¿‡ç¨‹ä¸­å°æ¦‚ç‡äº‹ä»¶çš„é•¿æ—¶æ¶¨è½è¡Œä¸º \c...

You may provide a definition with
\DeclareUnicodeCharacter 


! LaTeX Error: Unicode character åˆ° (U+5230)
               not set up for use with LaTeX.

See the LaTeX manual or LaTeX Companion for explanation.
Type  H <return>  for immediate help.
 ...                                              
                                                  
l.5 å¤§åå·®å…³ç³»åˆ°
                      éšæœºè¿‡ç¨‹ä¸­å°æ¦‚ç‡äº‹ä»¶çš„é•¿æ—¶æ¶¨è½è¡Œä¸º \c...

You may provide a definition with
\DeclareUnicodeCharacter 


! LaTeX Error: Unicode character éš (U+968F)
               not set up for use with LaTeX.

See the LaTeX manual or LaTeX Companion for explanation.
Type  H <return>  for immediate help.
 ...                                              
                                                  
l.5 å¤§åå·®å…³ç³»åˆ°éš
                         æœºè¿‡ç¨‹ä¸­å°æ¦‚ç‡äº‹ä»¶çš„é•¿æ—¶æ¶¨è½è¡Œä¸º \c...

You may provide a definition with
\DeclareUnicodeCharacter 


! LaTeX Error: Unicode character æœº (U+673A)
               not set up for use with LaTeX.

See the LaTeX manual or LaTeX Companion for explanation.
Type  H <return>  for immediate help.
 ...                                              
                                                  
l.5 å¤§åå·®å…³ç³»åˆ°éšæœº
                            è¿‡ç¨‹ä¸­å°æ¦‚ç‡äº‹ä»¶çš„é•¿æ—¶æ¶¨è½è¡Œä¸º \c...

You may provide a definition with
\DeclareUnicodeCharacter 


! LaTeX Error: Unicode character è¿‡ (U+8FC7)
               not set up for use with LaTeX.

See the LaTeX manual or LaTeX Companion for explanation.
Type  H <return>  for immediate help.
 ...                                              
                                                  
l.5 å¤§åå·®å…³ç³»åˆ°éšæœºè¿‡
                               ç¨‹ä¸­å°æ¦‚ç‡äº‹ä»¶çš„é•¿æ—¶æ¶¨è½è¡Œä¸º \c...

You may provide a definition with
\DeclareUnicodeCharacter 


! LaTeX Error: Unicode character ç¨‹ (U+7A0B)
               not set up for use with LaTeX.

See the LaTeX manual or LaTeX Companion for explanation.
Type  H <return>  for immediate help.
 ...                                              
                                                  
l.5 å¤§åå·®å…³ç³»åˆ°éšæœºè¿‡ç¨‹
                                  ä¸­å°æ¦‚ç‡äº‹ä»¶çš„é•¿æ—¶æ¶¨è½è¡Œä¸º \c...

You may provide a definition with
\DeclareUnicodeCharacter 


! LaTeX Error: Unicode character ä¸­ (U+4E2D)
               not set up for use with LaTeX.

See the LaTeX manual or LaTeX Companion for explanation.
Type  H <return>  for immediate help.
 ...                                              
                                                  
l.5 å¤§åå·®å…³ç³»åˆ°éšæœºè¿‡ç¨‹ä¸­
                                     å°æ¦‚ç‡äº‹ä»¶çš„é•¿æ—¶æ¶¨è½è¡Œä¸º \c...

You may provide a definition with
\DeclareUnicodeCharacter 


! LaTeX Error: Unicode character å° (U+5C0F)
               not set up for use with LaTeX.

See the LaTeX manual or LaTeX Companion for explanation.
Type  H <return>  for immediate help.
 ...                                              
                                                  
l.5 å¤§åå·®å…³ç³»åˆ°éšæœºè¿‡ç¨‹ä¸­å°
                                        æ¦‚ç‡äº‹ä»¶çš„é•¿æ—¶æ¶¨è½è¡Œä¸º \c...

You may provide a definition with
\DeclareUnicodeCharacter 


! LaTeX Error: Unicode character æ¦‚ (U+6982)
               not set up for use with LaTeX.

See the LaTeX manual or LaTeX Companion for explanation.
Type  H <return>  for immediate help.
 ...                                              
                                                  
l.5 å¤§åå·®å…³ç³»åˆ°éšæœºè¿‡ç¨‹ä¸­å°æ¦‚
                                           ç‡äº‹ä»¶çš„é•¿æ—¶æ¶¨è½è¡Œä¸º \c...

You may provide a definition with
\DeclareUnicodeCharacter 


! LaTeX Error: Unicode character ç‡ (U+7387)
               not set up for use with LaTeX.

See the LaTeX manual or LaTeX Companion for explanation.
Type  H <return>  for immediate help.
 ...                                              
                                                  
l.5 å¤§åå·®å…³ç³»åˆ°éšæœºè¿‡ç¨‹ä¸­å°æ¦‚ç‡
                                              äº‹ä»¶çš„é•¿æ—¶æ¶¨è½è¡Œä¸º \c...

You may provide a definition with
\DeclareUnicodeCharacter 


! LaTeX Error: Unicode character äº‹ (U+4E8B)
               not set up for use with LaTeX.

See the LaTeX manual or LaTeX Companion for explanation.
Type  H <return>  for immediate help.
 ...                                              
                                                  
l.5 å¤§åå·®å…³ç³»åˆ°éšæœºè¿‡ç¨‹ä¸­å°æ¦‚ç‡äº‹
                                                 ä»¶çš„é•¿æ—¶æ¶¨è½è¡Œä¸º \c...

You may provide a definition with
\DeclareUnicodeCharacter 


! LaTeX Error: Unicode character ä»¶ (U+4EF6)
               not set up for use with LaTeX.

See the LaTeX manual or LaTeX Companion for explanation.
Type  H <return>  for immediate help.
 ...                                              
                                                  
l.5 ...å·®å…³ç³»åˆ°éšæœºè¿‡ç¨‹ä¸­å°æ¦‚ç‡äº‹ä»¶
                                                  çš„é•¿æ—¶æ¶¨è½è¡Œä¸º \cit...

You may provide a definition with
\DeclareUnicodeCharacter 


! LaTeX Error: Unicode character çš„ (U+7684)
               not set up for use with LaTeX.

See the LaTeX manual or LaTeX Companion for explanation.
Type  H <return>  for immediate help.
 ...                                              
                                                  
l.5 ...®å…³ç³»åˆ°éšæœºè¿‡ç¨‹ä¸­å°æ¦‚ç‡äº‹ä»¶çš„
                                                  é•¿æ—¶æ¶¨è½è¡Œä¸º \cite{v...

You may provide a definition with
\DeclareUnicodeCharacter 


! LaTeX Error: Unicode character é•¿ (U+957F)
               not set up for use with LaTeX.

See the LaTeX manual or LaTeX Companion for explanation.
Type  H <return>  for immediate help.
 ...                                              
                                                  
l.5 ...³ç³»åˆ°éšæœºè¿‡ç¨‹ä¸­å°æ¦‚ç‡äº‹ä»¶çš„é•¿
                                                  æ—¶æ¶¨è½è¡Œä¸º \cite{vara...

You may provide a definition with
\DeclareUnicodeCharacter 


! LaTeX Error: Unicode character æ—¶ (U+65F6)
               not set up for use with LaTeX.

See the LaTeX manual or LaTeX Companion for explanation.
Type  H <return>  for immediate help.
 ...                                              
                                                  
l.5 ...»åˆ°éšæœºè¿‡ç¨‹ä¸­å°æ¦‚ç‡äº‹ä»¶çš„é•¿æ—¶
                                                  æ¶¨è½è¡Œä¸º \cite{varadha...

You may provide a definition with
\DeclareUnicodeCharacter 


! LaTeX Error: Unicode character æ¶¨ (U+6DA8)
               not set up for use with LaTeX.

See the LaTeX manual or LaTeX Companion for explanation.
Type  H <return>  for immediate help.
 ...                                              
                                                  
l.5 ...°éšæœºè¿‡ç¨‹ä¸­å°æ¦‚ç‡äº‹ä»¶çš„é•¿æ—¶æ¶¨
                                                  è½è¡Œä¸º \cite{varadhan19...

You may provide a definition with
\DeclareUnicodeCharacter 


! LaTeX Error: Unicode character è½ (U+843D)
               not set up for use with LaTeX.

See the LaTeX manual or LaTeX Companion for explanation.
Type  H <return>  for immediate help.
 ...                                              
                                                  
l.5 ...æœºè¿‡ç¨‹ä¸­å°æ¦‚ç‡äº‹ä»¶çš„é•¿æ—¶æ¶¨è½
                                                  è¡Œä¸º \cite{varadhan1984l...

You may provide a definition with
\DeclareUnicodeCharacter 


! LaTeX Error: Unicode character è¡Œ (U+884C)
               not set up for use with LaTeX.

See the LaTeX manual or LaTeX Companion for explanation.
Type  H <return>  for immediate help.
 ...                                              
                                                  
l.5 ...ºè¿‡ç¨‹ä¸­å°æ¦‚ç‡äº‹ä»¶çš„é•¿æ—¶æ¶¨è½è¡Œ
                                                  ä¸º \cite{varadhan1984larg...

You may provide a definition with
\DeclareUnicodeCharacter 


! LaTeX Error: Unicode character ä¸º (U+4E3A)
               not set up for use with LaTeX.

See the LaTeX manual or LaTeX Companion for explanation.
Type  H <return>  for immediate help.
 ...                                              
                                                  
l.5 ...‡ç¨‹ä¸­å°æ¦‚ç‡äº‹ä»¶çš„é•¿æ—¶æ¶¨è½è¡Œä¸º
                                                   \cite{varadhan1984large,d...

You may provide a definition with
\DeclareUnicodeCharacter 

Missing character: There is no [ in font nullfont!
\citation{varadhan1984large}
! Undefined control sequence.
<write> ...: Citation `\@citeb ' on page \thepage 
                                                  \space undefined\on@line .
l.5 ...¡Œä¸º \cite{varadhan1984large,den2000large}
                                                  ã€‚æœ¬æ–‡åœ¨æ­¤è€ƒå¯Ÿäº†ç»...
The control sequence at the end of the top line
of your error message was never \def'ed. If you have
misspelled it (e.g., `\hobx'), type `I' and the correct
spelling (e.g., `I\hbox'). Otherwise just continue,
and I'll forget about whatever was undefined.


LaTeX Warning: Citation `varadhan1984large' on page  undefined on input line 5.


Missing character: There is no , in font nullfont!
\citation{den2000large}
! Undefined control sequence.
<write> ...: Citation `\@citeb ' on page \thepage 
                                                  \space undefined\on@line .
l.5 ...¡Œä¸º \cite{varadhan1984large,den2000large}
                                                  ã€‚æœ¬æ–‡åœ¨æ­¤è€ƒå¯Ÿäº†ç»...
The control sequence at the end of the top line
of your error message was never \def'ed. If you have
misspelled it (e.g., `\hobx'), type `I' and the correct
spelling (e.g., `I\hbox'). Otherwise just continue,
and I'll forget about whatever was undefined.


LaTeX Warning: Citation `den2000large' on page  undefined on input line 5.

Missing character: There is no ] in font nullfont!

! LaTeX Error: Unicode character ã€‚ (U+3002)
               not set up for use with LaTeX.

See the LaTeX manual or LaTeX Companion for explanation.
Type  H <return>  for immediate help.
 ...                                              
                                                  
l.5 ...¸º \cite{varadhan1984large,den2000large}ã€‚
                                                  æœ¬æ–‡åœ¨æ­¤è€ƒå¯Ÿäº†ç»éª...

You may provide a definition with
\DeclareUnicodeCharacter 


! LaTeX Error: Unicode character æœ¬ (U+672C)
               not set up for use with LaTeX.

See the LaTeX manual or LaTeX Companion for explanation.
Type  H <return>  for immediate help.
 ...                                              
                                                  
l.5 ...\cite{varadhan1984large,den2000large}ã€‚æœ¬
                                                  æ–‡åœ¨æ­¤è€ƒå¯Ÿäº†ç»éªŒç...

You may provide a definition with
\DeclareUnicodeCharacter 


! LaTeX Error: Unicode character æ–‡ (U+6587)
               not set up for use with LaTeX.

See the LaTeX manual or LaTeX Companion for explanation.
Type  H <return>  for immediate help.
 ...                                              
                                                  
l.5 ...te{varadhan1984large,den2000large}ã€‚æœ¬æ–‡
                                                  åœ¨æ­¤è€ƒå¯Ÿäº†ç»éªŒç¯æµ...

You may provide a definition with
\DeclareUnicodeCharacter 


! LaTeX Error: Unicode character åœ¨ (U+5728)
               not set up for use with LaTeX.

See the LaTeX manual or LaTeX Companion for explanation.
Type  H <return>  for immediate help.
 ...                                              
                                                  
l.5 ...varadhan1984large,den2000large}ã€‚æœ¬æ–‡åœ¨
                                                  æ­¤è€ƒå¯Ÿäº†ç»éªŒç¯æµçš...

You may provide a definition with
\DeclareUnicodeCharacter 


! LaTeX Error: Unicode character æ­¤ (U+6B64)
               not set up for use with LaTeX.

See the LaTeX manual or LaTeX Companion for explanation.
Type  H <return>  for immediate help.
 ...                                              
                                                  
l.5 ...adhan1984large,den2000large}ã€‚æœ¬æ–‡åœ¨æ­¤
                                                  è€ƒå¯Ÿäº†ç»éªŒç¯æµçš„å¤...

You may provide a definition with
\DeclareUnicodeCharacter 


! LaTeX Error: Unicode character è€ƒ (U+8003)
               not set up for use with LaTeX.

See the LaTeX manual or LaTeX Companion for explanation.
Type  H <return>  for immediate help.
 ...                                              
                                                  
l.5 ...an1984large,den2000large}ã€‚æœ¬æ–‡åœ¨æ­¤è€ƒ
                                                  å¯Ÿäº†ç»éªŒç¯æµçš„å¤§å...

You may provide a definition with
\DeclareUnicodeCharacter 


! LaTeX Error: Unicode character å¯Ÿ (U+5BDF)
               not set up for use with LaTeX.

See the LaTeX manual or LaTeX Companion for explanation.
Type  H <return>  for immediate help.
 ...                                              
                                                  
l.5 ...984large,den2000large}ã€‚æœ¬æ–‡åœ¨æ­¤è€ƒå¯Ÿ
                                                  äº†ç»éªŒç¯æµçš„å¤§åå·...

You may provide a definition with
\DeclareUnicodeCharacter 


! LaTeX Error: Unicode character äº† (U+4E86)
               not set up for use with LaTeX.

See the LaTeX manual or LaTeX Companion for explanation.
Type  H <return>  for immediate help.
 ...                                              
                                                  
l.5 ...large,den2000large}ã€‚æœ¬æ–‡åœ¨æ­¤è€ƒå¯Ÿäº†
                                                  ç»éªŒç¯æµçš„å¤§åå·®ã€...

You may provide a definition with
\DeclareUnicodeCharacter 


! LaTeX Error: Unicode character ç» (U+7ECF)
               not set up for use with LaTeX.

See the LaTeX manual or LaTeX Companion for explanation.
Type  H <return>  for immediate help.
 ...                                              
                                                  
l.5 ...ge,den2000large}ã€‚æœ¬æ–‡åœ¨æ­¤è€ƒå¯Ÿäº†ç»
                                                  éªŒç¯æµçš„å¤§åå·®ã€‚æ³...

You may provide a definition with
\DeclareUnicodeCharacter 


! LaTeX Error: Unicode character éªŒ (U+9A8C)
               not set up for use with LaTeX.

See the LaTeX manual or LaTeX Companion for explanation.
Type  H <return>  for immediate help.
 ...                                              
                                                  
l.5 ...den2000large}ã€‚æœ¬æ–‡åœ¨æ­¤è€ƒå¯Ÿäº†ç»éªŒ
                                                  ç¯æµçš„å¤§åå·®ã€‚æ³¨æ„...

You may provide a definition with
\DeclareUnicodeCharacter 


! LaTeX Error: Unicode character ç¯ (U+73AF)
               not set up for use with LaTeX.

See the LaTeX manual or LaTeX Companion for explanation.
Type  H <return>  for immediate help.
 ...                                              
                                                  
l.5 ...2000large}ã€‚æœ¬æ–‡åœ¨æ­¤è€ƒå¯Ÿäº†ç»éªŒç¯
                                                  æµçš„å¤§åå·®ã€‚æ³¨æ„åˆ...

You may provide a definition with
\DeclareUnicodeCharacter 


! LaTeX Error: Unicode character æµ (U+6D41)
               not set up for use with LaTeX.

See the LaTeX manual or LaTeX Companion for explanation.
Type  H <return>  for immediate help.
 ...                                              
                                                  
l.5 ...0large}ã€‚æœ¬æ–‡åœ¨æ­¤è€ƒå¯Ÿäº†ç»éªŒç¯æµ
                                                  çš„å¤§åå·®ã€‚æ³¨æ„åˆ°å‘...

You may provide a definition with
\DeclareUnicodeCharacter 


! LaTeX Error: Unicode character çš„ (U+7684)
               not set up for use with LaTeX.

See the LaTeX manual or LaTeX Companion for explanation.
Type  H <return>  for immediate help.
 ...                                              
                                                  
l.5 ...rge}ã€‚æœ¬æ–‡åœ¨æ­¤è€ƒå¯Ÿäº†ç»éªŒç¯æµçš„
                                                  å¤§åå·®ã€‚æ³¨æ„åˆ°å‘¨æœ...

You may provide a definition with
\DeclareUnicodeCharacter 


! LaTeX Error: Unicode character å¤§ (U+5927)
               not set up for use with LaTeX.

See the LaTeX manual or LaTeX Companion for explanation.
Type  H <return>  for immediate help.
 ...                                              
                                                  
l.5 ...}ã€‚æœ¬æ–‡åœ¨æ­¤è€ƒå¯Ÿäº†ç»éªŒç¯æµçš„å¤§
                                                  åå·®ã€‚æ³¨æ„åˆ°å‘¨æœŸè¾...

You may provide a definition with
\DeclareUnicodeCharacter 


! LaTeX Error: Unicode character å (U+504F)
               not set up for use with LaTeX.

See the LaTeX manual or LaTeX Companion for explanation.
Type  H <return>  for immediate help.
 ...                                              
                                                  
l.5 ...‚æœ¬æ–‡åœ¨æ­¤è€ƒå¯Ÿäº†ç»éªŒç¯æµçš„å¤§å
                                                  å·®ã€‚æ³¨æ„åˆ°å‘¨æœŸè¾¹ç•...

You may provide a definition with
\DeclareUnicodeCharacter 


! LaTeX Error: Unicode character å·® (U+5DEE)
               not set up for use with LaTeX.

See the LaTeX manual or LaTeX Companion for explanation.
Type  H <return>  for immediate help.
 ...                                              
                                                  
l.5 ...¬æ–‡åœ¨æ­¤è€ƒå¯Ÿäº†ç»éªŒç¯æµçš„å¤§åå·®
                                                  ã€‚æ³¨æ„åˆ°å‘¨æœŸè¾¹ç•Œæ...

You may provide a definition with
\DeclareUnicodeCharacter 


! LaTeX Error: Unicode character ã€‚ (U+3002)
               not set up for use with LaTeX.

See the LaTeX manual or LaTeX Companion for explanation.
Type  H <return>  for immediate help.
 ...                                              
                                                  
l.5 ...‡åœ¨æ­¤è€ƒå¯Ÿäº†ç»éªŒç¯æµçš„å¤§åå·®ã€‚
                                                  æ³¨æ„åˆ°å‘¨æœŸè¾¹ç•Œæ¡ä»...

You may provide a definition with
\DeclareUnicodeCharacter 


! LaTeX Error: Unicode character æ³¨ (U+6CE8)
               not set up for use with LaTeX.

See the LaTeX manual or LaTeX Companion for explanation.
Type  H <return>  for immediate help.
 ...                                              
                                                  
l.5 ...¨æ­¤è€ƒå¯Ÿäº†ç»éªŒç¯æµçš„å¤§åå·®ã€‚æ³¨
                                                  æ„åˆ°å‘¨æœŸè¾¹ç•Œæ¡ä»¶ä¸...

You may provide a definition with
\DeclareUnicodeCharacter 


! LaTeX Error: Unicode character æ„ (U+610F)
               not set up for use with LaTeX.

See the LaTeX manual or LaTeX Companion for explanation.
Type  H <return>  for immediate help.
 ...                                              
                                                  
l.5 ...¤è€ƒå¯Ÿäº†ç»éªŒç¯æµçš„å¤§åå·®ã€‚æ³¨æ„
                                                  åˆ°å‘¨æœŸè¾¹ç•Œæ¡ä»¶ä¸‹ï¼...

You may provide a definition with
\DeclareUnicodeCharacter 


! LaTeX Error: Unicode character åˆ° (U+5230)
               not set up for use with LaTeX.

See the LaTeX manual or LaTeX Companion for explanation.
Type  H <return>  for immediate help.
 ...                                              
                                                  
l.5 ...ƒå¯Ÿäº†ç»éªŒç¯æµçš„å¤§åå·®ã€‚æ³¨æ„åˆ°
                                                  å‘¨æœŸè¾¹ç•Œæ¡ä»¶ä¸‹ï¼Œå...

You may provide a definition with
\DeclareUnicodeCharacter 


! LaTeX Error: Unicode character å‘¨ (U+5468)
               not set up for use with LaTeX.

See the LaTeX manual or LaTeX Companion for explanation.
Type  H <return>  for immediate help.
 ...                                              
                                                  
l.5 ...Ÿäº†ç»éªŒç¯æµçš„å¤§åå·®ã€‚æ³¨æ„åˆ°å‘¨
                                                  æœŸè¾¹ç•Œæ¡ä»¶ä¸‹ï¼Œå•ç...

You may provide a definition with
\DeclareUnicodeCharacter 


! LaTeX Error: Unicode character æœŸ (U+671F)
               not set up for use with LaTeX.

See the LaTeX manual or LaTeX Companion for explanation.
Type  H <return>  for immediate help.
 ...                                              
                                                  
l.5 ...†ç»éªŒç¯æµçš„å¤§åå·®ã€‚æ³¨æ„åˆ°å‘¨æœŸ
                                                  è¾¹ç•Œæ¡ä»¶ä¸‹ï¼Œå•ç¯é©...

You may provide a definition with
\DeclareUnicodeCharacter 


! LaTeX Error: Unicode character è¾¹ (U+8FB9)
               not set up for use with LaTeX.

See the LaTeX manual or LaTeX Companion for explanation.
Type  H <return>  for immediate help.
 ...                                              
                                                  
l.5 ...éªŒç¯æµçš„å¤§åå·®ã€‚æ³¨æ„åˆ°å‘¨æœŸè¾¹
                                                  ç•Œæ¡ä»¶ä¸‹ï¼Œå•ç¯é©¬æ°...

You may provide a definition with
\DeclareUnicodeCharacter 


! LaTeX Error: Unicode character ç•Œ (U+754C)
               not set up for use with LaTeX.

See the LaTeX manual or LaTeX Companion for explanation.
Type  H <return>  for immediate help.
 ...                                              
                                                  
l.5 ...Œç¯æµçš„å¤§åå·®ã€‚æ³¨æ„åˆ°å‘¨æœŸè¾¹ç•Œ
                                                  æ¡ä»¶ä¸‹ï¼Œå•ç¯é©¬æ°é“...

You may provide a definition with
\DeclareUnicodeCharacter 


! LaTeX Error: Unicode character æ¡ (U+6761)
               not set up for use with LaTeX.

See the LaTeX manual or LaTeX Companion for explanation.
Type  H <return>  for immediate help.
 ...                                              
                                                  
l.5 ...¯æµçš„å¤§åå·®ã€‚æ³¨æ„åˆ°å‘¨æœŸè¾¹ç•Œæ¡
                                                  ä»¶ä¸‹ï¼Œå•ç¯é©¬æ°é“¾çš...

You may provide a definition with
\DeclareUnicodeCharacter 


! LaTeX Error: Unicode character ä»¶ (U+4EF6)
               not set up for use with LaTeX.

See the LaTeX manual or LaTeX Companion for explanation.
Type  H <return>  for immediate help.
 ...                                              
                                                  
l.5 ...çš„å¤§åå·®ã€‚æ³¨æ„åˆ°å‘¨æœŸè¾¹ç•Œæ¡ä»¶
                                                  ä¸‹ï¼Œå•ç¯é©¬æ°é“¾çš„ç»...

You may provide a definition with
\DeclareUnicodeCharacter 


! LaTeX Error: Unicode character ä¸‹ (U+4E0B)
               not set up for use with LaTeX.

See the LaTeX manual or LaTeX Companion for explanation.
Type  H <return>  for immediate help.
 ...                                              
                                                  
l.5 ...„å¤§åå·®ã€‚æ³¨æ„åˆ°å‘¨æœŸè¾¹ç•Œæ¡ä»¶ä¸‹
                                                  ï¼Œå•ç¯é©¬æ°é“¾çš„ç»éª...

You may provide a definition with
\DeclareUnicodeCharacter 


! LaTeX Error: Unicode character ï¼Œ (U+FF0C)
               not set up for use with LaTeX.

See the LaTeX manual or LaTeX Companion for explanation.
Type  H <return>  for immediate help.
 ...                                              
                                                  
l.5 ...§åå·®ã€‚æ³¨æ„åˆ°å‘¨æœŸè¾¹ç•Œæ¡ä»¶ä¸‹ï¼Œ
                                                  å•ç¯é©¬æ°é“¾çš„ç»éªŒ$L...

You may provide a definition with
\DeclareUnicodeCharacter 


! LaTeX Error: Unicode character å• (U+5355)
               not set up for use with LaTeX.

See the LaTeX manual or LaTeX Companion for explanation.
Type  H <return>  for immediate help.
 ...                                              
                                                  
l.5 ...å·®ã€‚æ³¨æ„åˆ°å‘¨æœŸè¾¹ç•Œæ¡ä»¶ä¸‹ï¼Œå•
                                                  ç¯é©¬æ°é“¾çš„ç»éªŒ$LE$ç...

You may provide a definition with
\DeclareUnicodeCharacter 


! LaTeX Error: Unicode character ç¯ (U+73AF)
               not set up for use with LaTeX.

See the LaTeX manual or LaTeX Companion for explanation.
Type  H <return>  for immediate help.
 ...                                              
                                                  
l.5 ...®ã€‚æ³¨æ„åˆ°å‘¨æœŸè¾¹ç•Œæ¡ä»¶ä¸‹ï¼Œå•ç¯
                                                  é©¬æ°é“¾çš„ç»éªŒ$LE$ç¯æ...

You may provide a definition with
\DeclareUnicodeCharacter 


! LaTeX Error: Unicode character é©¬ (U+9A6C)
               not set up for use with LaTeX.

See the LaTeX manual or LaTeX Companion for explanation.
Type  H <return>  for immediate help.
 ...                                              
                                                  
l.5 ...‚æ³¨æ„åˆ°å‘¨æœŸè¾¹ç•Œæ¡ä»¶ä¸‹ï¼Œå•ç¯é©¬
                                                  æ°é“¾çš„ç»éªŒ$LE$ç¯æµ$...

You may provide a definition with
\DeclareUnicodeCharacter 


! LaTeX Error: Unicode character æ° (U+6C0F)
               not set up for use with LaTeX.

See the LaTeX manual or LaTeX Companion for explanation.
Type  H <return>  for immediate help.
 ...                                              
                                                  
l.5 ...¨æ„åˆ°å‘¨æœŸè¾¹ç•Œæ¡ä»¶ä¸‹ï¼Œå•ç¯é©¬æ°
                                                  é“¾çš„ç»éªŒ$LE$ç¯æµ$(J_...

You may provide a definition with
\DeclareUnicodeCharacter 


! LaTeX Error: Unicode character é“¾ (U+94FE)
               not set up for use with LaTeX.

See the LaTeX manual or LaTeX Companion for explanation.
Type  H <return>  for immediate help.
 ...                                              
                                                  
l.5 ...åˆ°å‘¨æœŸè¾¹ç•Œæ¡ä»¶ä¸‹ï¼Œå•ç¯é©¬æ°é“¾
                                                  çš„ç»éªŒ$LE$ç¯æµ$(J_n^c...

You may provide a definition with
\DeclareUnicodeCharacter 


! LaTeX Error: Unicode character çš„ (U+7684)
               not set up for use with LaTeX.

See the LaTeX manual or LaTeX Companion for explanation.
Type  H <return>  for immediate help.
 ...                                              
                                                  
l.5 ...°å‘¨æœŸè¾¹ç•Œæ¡ä»¶ä¸‹ï¼Œå•ç¯é©¬æ°é“¾çš„
                                                  ç»éªŒ$LE$ç¯æµ$(J_n^c)_{...

You may provide a definition with
\DeclareUnicodeCharacter 


! LaTeX Error: Unicode character ç» (U+7ECF)
               not set up for use with LaTeX.

See the LaTeX manual or LaTeX Companion for explanation.
Type  H <return>  for immediate help.
 ...                                              
                                                  
l.5 ...¨æœŸè¾¹ç•Œæ¡ä»¶ä¸‹ï¼Œå•ç¯é©¬æ°é“¾çš„ç»
                                                  éªŒ$LE$ç¯æµ$(J_n^c)_{c \...

You may provide a definition with
\DeclareUnicodeCharacter 


! LaTeX Error: Unicode character éªŒ (U+9A8C)
               not set up for use with LaTeX.

See the LaTeX manual or LaTeX Companion for explanation.
Type  H <return>  for immediate help.
 ...                                              
                                                  
l.5 ...Ÿè¾¹ç•Œæ¡ä»¶ä¸‹ï¼Œå•ç¯é©¬æ°é“¾çš„ç»éªŒ
                                                  $LE$ç¯æµ$(J_n^c)_{c \in ...

You may provide a definition with
\DeclareUnicodeCharacter 

LaTeX Font Info:    External font `cmex10' loaded for size
(Font)              <7> on input line 5.
LaTeX Font Info:    External font `cmex10' loaded for size
(Font)              <5> on input line 5.

! LaTeX Error: Unicode character ç¯ (U+73AF)
               not set up for use with LaTeX.

See the LaTeX manual or LaTeX Companion for explanation.
Type  H <return>  for immediate help.
 ...                                              
                                                  
l.5 ...æ¡ä»¶ä¸‹ï¼Œå•ç¯é©¬æ°é“¾çš„ç»éªŒ$LE$ç¯
                                                  æµ$(J_n^c)_{c \in \mathca...

You may provide a definition with
\DeclareUnicodeCharacter 


! LaTeX Error: Unicode character æµ (U+6D41)
               not set up for use with LaTeX.

See the LaTeX manual or LaTeX Companion for explanation.
Type  H <return>  for immediate help.
 ...                                              
                                                  
l.5 ...ä»¶ä¸‹ï¼Œå•ç¯é©¬æ°é“¾çš„ç»éªŒ$LE$ç¯æµ
                                                  $(J_n^c)_{c \in \mathcal{C...

You may provide a definition with
\DeclareUnicodeCharacter 


! LaTeX Error: Unicode character å®š (U+5B9A)
               not set up for use with LaTeX.

See the LaTeX manual or LaTeX Companion for explanation.
Type  H <return>  for immediate help.
 ...                                              
                                                  
l.5 ...Œ$LE$ç¯æµ$(J_n^c)_{c \in \mathcal{C}}$å®š
                                                  ä¹‰åœ¨ç©ºé—´ï¼š
You may provide a definition with
\DeclareUnicodeCharacter 


! LaTeX Error: Unicode character ä¹‰ (U+4E49)
               not set up for use with LaTeX.

See the LaTeX manual or LaTeX Companion for explanation.
Type  H <return>  for immediate help.
 ...                                              
                                                  
l.5 ...E$ç¯æµ$(J_n^c)_{c \in \mathcal{C}}$å®šä¹‰
                                                  åœ¨ç©ºé—´ï¼š
You may provide a definition with
\DeclareUnicodeCharacter 


! LaTeX Error: Unicode character åœ¨ (U+5728)
               not set up for use with LaTeX.

See the LaTeX manual or LaTeX Companion for explanation.
Type  H <return>  for immediate help.
 ...                                              
                                                  
l.5 ...¯æµ$(J_n^c)_{c \in \mathcal{C}}$å®šä¹‰åœ¨
                                                  ç©ºé—´ï¼š
You may provide a definition with
\DeclareUnicodeCharacter 


! LaTeX Error: Unicode character ç©º (U+7A7A)
               not set up for use with LaTeX.

See the LaTeX manual or LaTeX Companion for explanation.
Type  H <return>  for immediate help.
 ...                                              
                                                  
l.5 ...µ$(J_n^c)_{c \in \mathcal{C}}$å®šä¹‰åœ¨ç©º
                                                  é—´ï¼š
You may provide a definition with
\DeclareUnicodeCharacter 


! LaTeX Error: Unicode character é—´ (U+95F4)
               not set up for use with LaTeX.

See the LaTeX manual or LaTeX Companion for explanation.
Type  H <return>  for immediate help.
 ...                                              
                                                  
l.5 ...(J_n^c)_{c \in \mathcal{C}}$å®šä¹‰åœ¨ç©ºé—´
                                                  ï¼š
You may provide a definition with
\DeclareUnicodeCharacter 


! LaTeX Error: Unicode character ï¼š (U+FF1A)
               not set up for use with LaTeX.

See the LaTeX manual or LaTeX Companion for explanation.
Type  H <return>  for immediate help.
 ...                                              
                                                  
l.5 ...n^c)_{c \in \mathcal{C}}$å®šä¹‰åœ¨ç©ºé—´ï¼š
                                                  
You may provide a definition with
\DeclareUnicodeCharacter 


! LaTeX Error: Environment equation* undefined.

See the LaTeX manual or LaTeX Companion for explanation.
Type  H <return>  for immediate help.
 ...                                              
                                                  
l.6 \begin{equation*}
                     
Your command was ignored.
Type  I <command> <return>  to replace it with another command,
or  <return>  to continue without it.


! LaTeX Error: \mathcal allowed only in math mode.

See the LaTeX manual or LaTeX Companion for explanation.
Type  H <return>  for immediate help.
 ...                                              
                                                  
l.7     \mathcal
                {V} = \left\{(\nu^c)_{c\in \mathcal{C}}:\;\nu^c\geq 0,\;
You're in trouble here.  Try typing  <return>  to proceed.
If that doesn't work, type  X <return>  to quit.

Missing character: There is no V in font nullfont!
Missing character: There is no = in font nullfont!
! Missing $ inserted.
<inserted text> 
                $
l.7     \mathcal{V} = \left
                           \{(\nu^c)_{c\in \mathcal{C}}:\;\nu^c\geq 0,\;
I've inserted a begin-math/end-math symbol since I think
you left one out. Proceed, with fingers crossed.


! LaTeX Error: \begin{document} ended by \end{equation*}.

See the LaTeX manual or LaTeX Companion for explanation.
Type  H <return>  for immediate help.
 ...                                              
                                                  
l.9 \end{equation*}
                   
Your command was ignored.
Type  I <command> <return>  to replace it with another command,
or  <return>  to continue without it.

! Missing $ inserted.
<inserted text> 
                $
l.9 \end{equation*}
                   
I've inserted something that you may have forgotten.
(See the <inserted text> above.)
With luck, this will get me unwedged. But if you
really didn't forget anything, try typing `2' now; then
my insertion and my current dilemma will both disappear.


! LaTeX Error: Unicode character å…¶ (U+5176)
               not set up for use with LaTeX.

See the LaTeX manual or LaTeX Companion for explanation.
Type  H <return>  for immediate help.
 ...                                              
                                                  
l.10 å…¶
        ä¸­$|c|$è¡¨ç¤ºç¯$c$çš„é•¿åº¦ï¼Œå³ç¯$c$ä¸­çŠ¶æ€æ•°é‡ã€‚è‹¥æ»¡è¶³...

You may provide a definition with
\DeclareUnicodeCharacter 


! LaTeX Error: Unicode character ä¸­ (U+4E2D)
               not set up for use with LaTeX.

See the LaTeX manual or LaTeX Companion for explanation.
Type  H <return>  for immediate help.
 ...                                              
                                                  
l.10 å…¶ä¸­
           $|c|$è¡¨ç¤ºç¯$c$çš„é•¿åº¦ï¼Œå³ç¯$c$ä¸­çŠ¶æ€æ•°é‡ã€‚è‹¥æ»¡è¶³...

You may provide a definition with
\DeclareUnicodeCharacter 


! LaTeX Error: Unicode character è¡¨ (U+8868)
               not set up for use with LaTeX.

See the LaTeX manual or LaTeX Companion for explanation.
Type  H <return>  for immediate help.
 ...                                              
                                                  
l.10 å…¶ä¸­$|c|$è¡¨
                   ç¤ºç¯$c$çš„é•¿åº¦ï¼Œå³ç¯$c$ä¸­çŠ¶æ€æ•°é‡ã€‚è‹¥æ»¡è¶³...

You may provide a definition with
\DeclareUnicodeCharacter 


! LaTeX Error: Unicode character ç¤º (U+793A)
               not set up for use with LaTeX.

See the LaTeX manual or LaTeX Companion for explanation.
Type  H <return>  for immediate help.
 ...                                              
                                                  
l.10 å…¶ä¸­$|c|$è¡¨ç¤º
                      ç¯$c$çš„é•¿åº¦ï¼Œå³ç¯$c$ä¸­çŠ¶æ€æ•°é‡ã€‚è‹¥æ»¡è¶³...

You may provide a definition with
\DeclareUnicodeCharacter 


! LaTeX Error: Unicode character ç¯ (U+73AF)
               not set up for use with LaTeX.

See the LaTeX manual or LaTeX Companion for explanation.
Type  H <return>  for immediate help.
 ...                                              
                                                  
l.10 å…¶ä¸­$|c|$è¡¨ç¤ºç¯
                         $c$çš„é•¿åº¦ï¼Œå³ç¯$c$ä¸­çŠ¶æ€æ•°é‡ã€‚è‹¥æ»¡è¶³...

You may provide a definition with
\DeclareUnicodeCharacter 


! LaTeX Error: Unicode character çš„ (U+7684)
               not set up for use with LaTeX.

See the LaTeX manual or LaTeX Companion for explanation.
Type  H <return>  for immediate help.
 ...                                              
                                                  
l.10 å…¶ä¸­$|c|$è¡¨ç¤ºç¯$c$çš„
                               é•¿åº¦ï¼Œå³ç¯$c$ä¸­çŠ¶æ€æ•°é‡ã€‚è‹¥æ»¡è¶³...

You may provide a definition with
\DeclareUnicodeCharacter 


! LaTeX Error: Unicode character é•¿ (U+957F)
               not set up for use with LaTeX.

See the LaTeX manual or LaTeX Companion for explanation.
Type  H <return>  for immediate help.
 ...                                              
                                                  
l.10 å…¶ä¸­$|c|$è¡¨ç¤ºç¯$c$çš„é•¿
                                  åº¦ï¼Œå³ç¯$c$ä¸­çŠ¶æ€æ•°é‡ã€‚è‹¥æ»¡è¶³...

You may provide a definition with
\DeclareUnicodeCharacter 


! LaTeX Error: Unicode character åº¦ (U+5EA6)
               not set up for use with LaTeX.

See the LaTeX manual or LaTeX Companion for explanation.
Type  H <return>  for immediate help.
 ...                                              
                                                  
l.10 å…¶ä¸­$|c|$è¡¨ç¤ºç¯$c$çš„é•¿åº¦
                                     ï¼Œå³ç¯$c$ä¸­çŠ¶æ€æ•°é‡ã€‚è‹¥æ»¡è¶³...

You may provide a definition with
\DeclareUnicodeCharacter 


! LaTeX Error: Unicode character ï¼Œ (U+FF0C)
               not set up for use with LaTeX.

See the LaTeX manual or LaTeX Companion for explanation.
Type  H <return>  for immediate help.
 ...                                              
                                                  
l.10 å…¶ä¸­$|c|$è¡¨ç¤ºç¯$c$çš„é•¿åº¦ï¼Œ
                                        å³ç¯$c$ä¸­çŠ¶æ€æ•°é‡ã€‚è‹¥æ»¡è¶³...

You may provide a definition with
\DeclareUnicodeCharacter 


! LaTeX Error: Unicode character å³ (U+5373)
               not set up for use with LaTeX.

See the LaTeX manual or LaTeX Companion for explanation.
Type  H <return>  for immediate help.
 ...                                              
                                                  
l.10 å…¶ä¸­$|c|$è¡¨ç¤ºç¯$c$çš„é•¿åº¦ï¼Œå³
                                           ç¯$c$ä¸­çŠ¶æ€æ•°é‡ã€‚è‹¥æ»¡è¶³...

You may provide a definition with
\DeclareUnicodeCharacter 


! LaTeX Error: Unicode character ç¯ (U+73AF)
               not set up for use with LaTeX.

See the LaTeX manual or LaTeX Companion for explanation.
Type  H <return>  for immediate help.
 ...                                              
                                                  
l.10 å…¶ä¸­$|c|$è¡¨ç¤ºç¯$c$çš„é•¿åº¦ï¼Œå³ç¯
                                              $c$ä¸­çŠ¶æ€æ•°é‡ã€‚è‹¥æ»¡è¶³...

You may provide a definition with
\DeclareUnicodeCharacter 


! LaTeX Error: Unicode character ä¸­ (U+4E2D)
               not set up for use with LaTeX.

See the LaTeX manual or LaTeX Companion for explanation.
Type  H <return>  for immediate help.
 ...                                              
                                                  
l.10 ...­$|c|$è¡¨ç¤ºç¯$c$çš„é•¿åº¦ï¼Œå³ç¯$c$ä¸­
                                                  çŠ¶æ€æ•°é‡ã€‚è‹¥æ»¡è¶³ä¸...

You may provide a definition with
\DeclareUnicodeCharacter 


! LaTeX Error: Unicode character çŠ¶ (U+72B6)
               not set up for use with LaTeX.

See the LaTeX manual or LaTeX Companion for explanation.
Type  H <return>  for immediate help.
 ...                                              
                                                  
l.10 ...c|$è¡¨ç¤ºç¯$c$çš„é•¿åº¦ï¼Œå³ç¯$c$ä¸­çŠ¶
                                                  æ€æ•°é‡ã€‚è‹¥æ»¡è¶³ä¸‹åˆ...

You may provide a definition with
\DeclareUnicodeCharacter 


! LaTeX Error: Unicode character æ€ (U+6001)
               not set up for use with LaTeX.

See the LaTeX manual or LaTeX Companion for explanation.
Type  H <return>  for immediate help.
 ...                                              
                                                  
l.10 ...è¡¨ç¤ºç¯$c$çš„é•¿åº¦ï¼Œå³ç¯$c$ä¸­çŠ¶æ€
                                                  æ•°é‡ã€‚è‹¥æ»¡è¶³ä¸‹åˆ—ä¸...

You may provide a definition with
\DeclareUnicodeCharacter 


! LaTeX Error: Unicode character æ•° (U+6570)
               not set up for use with LaTeX.

See the LaTeX manual or LaTeX Companion for explanation.
Type  H <return>  for immediate help.
 ...                                              
                                                  
l.10 ...ç¤ºç¯$c$çš„é•¿åº¦ï¼Œå³ç¯$c$ä¸­çŠ¶æ€æ•°
                                                  é‡ã€‚è‹¥æ»¡è¶³ä¸‹åˆ—ä¸‰ä¸...

You may provide a definition with
\DeclareUnicodeCharacter 


! LaTeX Error: Unicode character é‡ (U+91CF)
               not set up for use with LaTeX.

See the LaTeX manual or LaTeX Companion for explanation.
Type  H <return>  for immediate help.
 ...                                              
                                                  
l.10 ...ç¯$c$çš„é•¿åº¦ï¼Œå³ç¯$c$ä¸­çŠ¶æ€æ•°é‡
                                                  ã€‚è‹¥æ»¡è¶³ä¸‹åˆ—ä¸‰ä¸ªæ...

You may provide a definition with
\DeclareUnicodeCharacter 


! LaTeX Error: Unicode character ã€‚ (U+3002)
               not set up for use with LaTeX.

See the LaTeX manual or LaTeX Companion for explanation.
Type  H <return>  for immediate help.
 ...                                              
                                                  
l.10 ...$c$çš„é•¿åº¦ï¼Œå³ç¯$c$ä¸­çŠ¶æ€æ•°é‡ã€‚
                                                  è‹¥æ»¡è¶³ä¸‹åˆ—ä¸‰ä¸ªæ¡ä»...

You may provide a definition with
\DeclareUnicodeCharacter 


! LaTeX Error: Unicode character è‹¥ (U+82E5)
               not set up for use with LaTeX.

See the LaTeX manual or LaTeX Companion for explanation.
Type  H <return>  for immediate help.
 ...                                              
                                                  
l.10 ...çš„é•¿åº¦ï¼Œå³ç¯$c$ä¸­çŠ¶æ€æ•°é‡ã€‚è‹¥
                                                  æ»¡è¶³ä¸‹åˆ—ä¸‰ä¸ªæ¡ä»¶\c...

You may provide a definition with
\DeclareUnicodeCharacter 


! LaTeX Error: Unicode character æ»¡ (U+6EE1)
               not set up for use with LaTeX.

See the LaTeX manual or LaTeX Companion for explanation.
Type  H <return>  for immediate help.
 ...                                              
                                                  
l.10 ...é•¿åº¦ï¼Œå³ç¯$c$ä¸­çŠ¶æ€æ•°é‡ã€‚è‹¥æ»¡
                                                  è¶³ä¸‹åˆ—ä¸‰ä¸ªæ¡ä»¶\cite...

You may provide a definition with
\DeclareUnicodeCharacter 


! LaTeX Error: Unicode character è¶³ (U+8DB3)
               not set up for use with LaTeX.

See the LaTeX manual or LaTeX Companion for explanation.
Type  H <return>  for immediate help.
 ...                                              
                                                  
l.10 ...åº¦ï¼Œå³ç¯$c$ä¸­çŠ¶æ€æ•°é‡ã€‚è‹¥æ»¡è¶³
                                                  ä¸‹åˆ—ä¸‰ä¸ªæ¡ä»¶\cite{va...

You may provide a definition with
\DeclareUnicodeCharacter 


! LaTeX Error: Unicode character ä¸‹ (U+4E0B)
               not set up for use with LaTeX.

See the LaTeX manual or LaTeX Companion for explanation.
Type  H <return>  for immediate help.
 ...                                              
                                                  
l.10 ...ï¼Œå³ç¯$c$ä¸­çŠ¶æ€æ•°é‡ã€‚è‹¥æ»¡è¶³ä¸‹
                                                  åˆ—ä¸‰ä¸ªæ¡ä»¶\cite{varad...

You may provide a definition with
\DeclareUnicodeCharacter 


! LaTeX Error: Unicode character åˆ— (U+5217)
               not set up for use with LaTeX.

See the LaTeX manual or LaTeX Companion for explanation.
Type  H <return>  for immediate help.
 ...                                              
                                                  
l.10 ...å³ç¯$c$ä¸­çŠ¶æ€æ•°é‡ã€‚è‹¥æ»¡è¶³ä¸‹åˆ—
                                                  ä¸‰ä¸ªæ¡ä»¶\cite{varadhan...

You may provide a definition with
\DeclareUnicodeCharacter 


! LaTeX Error: Unicode character ä¸‰ (U+4E09)
               not set up for use with LaTeX.

See the LaTeX manual or LaTeX Companion for explanation.
Type  H <return>  for immediate help.
 ...                                              
                                                  
l.10 ...ç¯$c$ä¸­çŠ¶æ€æ•°é‡ã€‚è‹¥æ»¡è¶³ä¸‹åˆ—ä¸‰
                                                  ä¸ªæ¡ä»¶\cite{varadhan198...

You may provide a definition with
\DeclareUnicodeCharacter 


! LaTeX Error: Unicode character ä¸ª (U+4E2A)
               not set up for use with LaTeX.

See the LaTeX manual or LaTeX Companion for explanation.
Type  H <return>  for immediate help.
 ...                                              
                                                  
l.10 ...$c$ä¸­çŠ¶æ€æ•°é‡ã€‚è‹¥æ»¡è¶³ä¸‹åˆ—ä¸‰ä¸ª
                                                  æ¡ä»¶\cite{varadhan1984la...

You may provide a definition with
\DeclareUnicodeCharacter 


! LaTeX Error: Unicode character æ¡ (U+6761)
               not set up for use with LaTeX.

See the LaTeX manual or LaTeX Companion for explanation.
Type  H <return>  for immediate help.
 ...                                              
                                                  
l.10 ...ä¸­çŠ¶æ€æ•°é‡ã€‚è‹¥æ»¡è¶³ä¸‹åˆ—ä¸‰ä¸ªæ¡
                                                  ä»¶\cite{varadhan1984large...
(That makes 100 errors; please try again.) 
Here is how much of TeX's memory you used:
 93 strings out of 478268
 1040 string characters out of 5850346
 289375 words of memory out of 5000000
 18400 multiletter control sequences out of 15000+600000
 469567 words of font info for 29 fonts, out of 8000000 for 9000
 1141 hyphenation exceptions out of 8191
 18i,4n,23p,322b,93s stack positions out of 10000i,1000n,20000p,200000b,200000s

!  ==> Fatal error occurred, no output PDF file produced!
