This is pdfTeX, Version 3.141592653-2.6-1.40.24 (TeX Live 2022) (preloaded format=pdflatex 2022.4.5)  10 APR 2022 15:01
entering extended mode
 restricted \write18 enabled.
 %&-line parsing enabled.
**body.tex
(./body.tex
LaTeX2e <2021-11-15> patch level 1
L3 programming layer <2022-02-24>
! Undefined control sequence.
l.1 \BiChapter
              {ç¯æµçš„æ¶¨è½å®šç†}{Fluctuation theorems of cycle currents}
The control sequence at the end of the top line
of your error message was never \def'ed. If you have
misspelled it (e.g., `\hobx'), type `I' and the correct
spelling (e.g., `I\hbox'). Otherwise just continue,
and I'll forget about whatever was undefined.


! LaTeX Error: Unicode character ç¯ (U+73AF)
               not set up for use with LaTeX.

See the LaTeX manual or LaTeX Companion for explanation.
Type  H <return>  for immediate help.
 ...                                              
                                                  
l.1 \BiChapter{ç¯
                  æµçš„æ¶¨è½å®šç†}{Fluctuation theorems of cycle currents}
You may provide a definition with
\DeclareUnicodeCharacter 


! LaTeX Error: Unicode character æµ (U+6D41)
               not set up for use with LaTeX.

See the LaTeX manual or LaTeX Companion for explanation.
Type  H <return>  for immediate help.
 ...                                              
                                                  
l.1 \BiChapter{ç¯æµ
                     çš„æ¶¨è½å®šç†}{Fluctuation theorems of cycle currents}
You may provide a definition with
\DeclareUnicodeCharacter 


! LaTeX Error: Unicode character çš„ (U+7684)
               not set up for use with LaTeX.

See the LaTeX manual or LaTeX Companion for explanation.
Type  H <return>  for immediate help.
 ...                                              
                                                  
l.1 \BiChapter{ç¯æµçš„
                        æ¶¨è½å®šç†}{Fluctuation theorems of cycle currents}
You may provide a definition with
\DeclareUnicodeCharacter 


! LaTeX Error: Unicode character æ¶¨ (U+6DA8)
               not set up for use with LaTeX.

See the LaTeX manual or LaTeX Companion for explanation.
Type  H <return>  for immediate help.
 ...                                              
                                                  
l.1 \BiChapter{ç¯æµçš„æ¶¨
                           è½å®šç†}{Fluctuation theorems of cycle currents}
You may provide a definition with
\DeclareUnicodeCharacter 


! LaTeX Error: Unicode character è½ (U+843D)
               not set up for use with LaTeX.

See the LaTeX manual or LaTeX Companion for explanation.
Type  H <return>  for immediate help.
 ...                                              
                                                  
l.1 \BiChapter{ç¯æµçš„æ¶¨è½
                              å®šç†}{Fluctuation theorems of cycle currents}
You may provide a definition with
\DeclareUnicodeCharacter 


! LaTeX Error: Unicode character å®š (U+5B9A)
               not set up for use with LaTeX.

See the LaTeX manual or LaTeX Companion for explanation.
Type  H <return>  for immediate help.
 ...                                              
                                                  
l.1 \BiChapter{ç¯æµçš„æ¶¨è½å®š
                                 ç†}{Fluctuation theorems of cycle currents}
You may provide a definition with
\DeclareUnicodeCharacter 


! LaTeX Error: Unicode character ç† (U+7406)
               not set up for use with LaTeX.

See the LaTeX manual or LaTeX Companion for explanation.
Type  H <return>  for immediate help.
 ...                                              
                                                  
l.1 \BiChapter{ç¯æµçš„æ¶¨è½å®šç†
                                    }{Fluctuation theorems of cycle currents}
You may provide a definition with
\DeclareUnicodeCharacter 


! LaTeX Error: Missing \begin{document}.

See the LaTeX manual or LaTeX Companion for explanation.
Type  H <return>  for immediate help.
 ...                                              
                                                  
l.1 \BiChapter{ç¯æµçš„æ¶¨è½å®šç†}{F
                                       luctuation theorems of cycle currents}
You're in trouble here.  Try typing  <return>  to proceed.
If that doesn't work, type  X <return>  to quit.

Missing character: There is no F in font nullfont!
Missing character: There is no l in font nullfont!
Missing character: There is no u in font nullfont!
Missing character: There is no c in font nullfont!
Missing character: There is no t in font nullfont!
Missing character: There is no u in font nullfont!
Missing character: There is no a in font nullfont!
Missing character: There is no t in font nullfont!
Missing character: There is no i in font nullfont!
Missing character: There is no o in font nullfont!
Missing character: There is no n in font nullfont!
Missing character: There is no t in font nullfont!
Missing character: There is no h in font nullfont!
Missing character: There is no e in font nullfont!
Missing character: There is no o in font nullfont!
Missing character: There is no r in font nullfont!
Missing character: There is no e in font nullfont!
Missing character: There is no m in font nullfont!
Missing character: There is no s in font nullfont!
Missing character: There is no o in font nullfont!
Missing character: There is no f in font nullfont!
Missing character: There is no c in font nullfont!
Missing character: There is no y in font nullfont!
Missing character: There is no c in font nullfont!
Missing character: There is no l in font nullfont!
Missing character: There is no e in font nullfont!
Missing character: There is no c in font nullfont!
Missing character: There is no u in font nullfont!
Missing character: There is no r in font nullfont!
Missing character: There is no r in font nullfont!
Missing character: There is no e in font nullfont!
Missing character: There is no n in font nullfont!
Missing character: There is no t in font nullfont!
Missing character: There is no s in font nullfont!

Overfull \hbox (20.0pt too wide) in paragraph at lines 1--2
[]
 []

! Undefined control sequence.
l.3 \BiSection
              {å•ç¯é©¬æ°é“¾ LE ç¯æµçš„æ¶¨è½å®šç†}{}
The control sequence at the end of the top line
of your error message was never \def'ed. If you have
misspelled it (e.g., `\hobx'), type `I' and the correct
spelling (e.g., `I\hbox'). Otherwise just continue,
and I'll forget about whatever was undefined.


! LaTeX Error: Unicode character å• (U+5355)
               not set up for use with LaTeX.

See the LaTeX manual or LaTeX Companion for explanation.
Type  H <return>  for immediate help.
 ...                                              
                                                  
l.3 \BiSection{å•
                  ç¯é©¬æ°é“¾ LE ç¯æµçš„æ¶¨è½å®šç†}{}
You may provide a definition with
\DeclareUnicodeCharacter 


! LaTeX Error: Unicode character ç¯ (U+73AF)
               not set up for use with LaTeX.

See the LaTeX manual or LaTeX Companion for explanation.
Type  H <return>  for immediate help.
 ...                                              
                                                  
l.3 \BiSection{å•ç¯
                     é©¬æ°é“¾ LE ç¯æµçš„æ¶¨è½å®šç†}{}
You may provide a definition with
\DeclareUnicodeCharacter 


! LaTeX Error: Unicode character é©¬ (U+9A6C)
               not set up for use with LaTeX.

See the LaTeX manual or LaTeX Companion for explanation.
Type  H <return>  for immediate help.
 ...                                              
                                                  
l.3 \BiSection{å•ç¯é©¬
                        æ°é“¾ LE ç¯æµçš„æ¶¨è½å®šç†}{}
You may provide a definition with
\DeclareUnicodeCharacter 


! LaTeX Error: Unicode character æ° (U+6C0F)
               not set up for use with LaTeX.

See the LaTeX manual or LaTeX Companion for explanation.
Type  H <return>  for immediate help.
 ...                                              
                                                  
l.3 \BiSection{å•ç¯é©¬æ°
                           é“¾ LE ç¯æµçš„æ¶¨è½å®šç†}{}
You may provide a definition with
\DeclareUnicodeCharacter 


! LaTeX Error: Unicode character é“¾ (U+94FE)
               not set up for use with LaTeX.

See the LaTeX manual or LaTeX Companion for explanation.
Type  H <return>  for immediate help.
 ...                                              
                                                  
l.3 \BiSection{å•ç¯é©¬æ°é“¾
                               LE ç¯æµçš„æ¶¨è½å®šç†}{}
You may provide a definition with
\DeclareUnicodeCharacter 


! LaTeX Error: Missing \begin{document}.

See the LaTeX manual or LaTeX Companion for explanation.
Type  H <return>  for immediate help.
 ...                                              
                                                  
l.3 \BiSection{å•ç¯é©¬æ°é“¾ L
                                E ç¯æµçš„æ¶¨è½å®šç†}{}
You're in trouble here.  Try typing  <return>  to proceed.
If that doesn't work, type  X <return>  to quit.

Missing character: There is no L in font nullfont!
Missing character: There is no E in font nullfont!

! LaTeX Error: Unicode character ç¯ (U+73AF)
               not set up for use with LaTeX.

See the LaTeX manual or LaTeX Companion for explanation.
Type  H <return>  for immediate help.
 ...                                              
                                                  
l.3 \BiSection{å•ç¯é©¬æ°é“¾ LE ç¯
                                     æµçš„æ¶¨è½å®šç†}{}
You may provide a definition with
\DeclareUnicodeCharacter 


! LaTeX Error: Unicode character æµ (U+6D41)
               not set up for use with LaTeX.

See the LaTeX manual or LaTeX Companion for explanation.
Type  H <return>  for immediate help.
 ...                                              
                                                  
l.3 \BiSection{å•ç¯é©¬æ°é“¾ LE ç¯æµ
                                        çš„æ¶¨è½å®šç†}{}
You may provide a definition with
\DeclareUnicodeCharacter 


! LaTeX Error: Unicode character çš„ (U+7684)
               not set up for use with LaTeX.

See the LaTeX manual or LaTeX Companion for explanation.
Type  H <return>  for immediate help.
 ...                                              
                                                  
l.3 \BiSection{å•ç¯é©¬æ°é“¾ LE ç¯æµçš„
                                           æ¶¨è½å®šç†}{}
You may provide a definition with
\DeclareUnicodeCharacter 


! LaTeX Error: Unicode character æ¶¨ (U+6DA8)
               not set up for use with LaTeX.

See the LaTeX manual or LaTeX Companion for explanation.
Type  H <return>  for immediate help.
 ...                                              
                                                  
l.3 \BiSection{å•ç¯é©¬æ°é“¾ LE ç¯æµçš„æ¶¨
                                              è½å®šç†}{}
You may provide a definition with
\DeclareUnicodeCharacter 


! LaTeX Error: Unicode character è½ (U+843D)
               not set up for use with LaTeX.

See the LaTeX manual or LaTeX Companion for explanation.
Type  H <return>  for immediate help.
 ...                                              
                                                  
l.3 \BiSection{å•ç¯é©¬æ°é“¾ LE ç¯æµçš„æ¶¨è½
                                                 å®šç†}{}
You may provide a definition with
\DeclareUnicodeCharacter 


! LaTeX Error: Unicode character å®š (U+5B9A)
               not set up for use with LaTeX.

See the LaTeX manual or LaTeX Companion for explanation.
Type  H <return>  for immediate help.
 ...                                              
                                                  
l.3 ...ction{å•ç¯é©¬æ°é“¾ LE ç¯æµçš„æ¶¨è½å®š
                                                  ç†}{}
You may provide a definition with
\DeclareUnicodeCharacter 


! LaTeX Error: Unicode character ç† (U+7406)
               not set up for use with LaTeX.

See the LaTeX manual or LaTeX Companion for explanation.
Type  H <return>  for immediate help.
 ...                                              
                                                  
l.3 ...on{å•ç¯é©¬æ°é“¾ LE ç¯æµçš„æ¶¨è½å®šç†
                                                  }{}
You may provide a definition with
\DeclareUnicodeCharacter 


! LaTeX Error: Unicode character ä¸€ (U+4E00)
               not set up for use with LaTeX.

See the LaTeX manual or LaTeX Companion for explanation.
Type  H <return>  for immediate help.
 ...                                              
                                                  
l.4 ä¸€
       ä¸ªé‡è¦çš„é—®é¢˜æ˜¯ç»éªŒç¯æµæ˜¯å¦æ»¡è¶³å„ç§å¯¹ç§°å…³ç³»å’Œæ¶¨...

You may provide a definition with
\DeclareUnicodeCharacter 


! LaTeX Error: Unicode character ä¸ª (U+4E2A)
               not set up for use with LaTeX.

See the LaTeX manual or LaTeX Companion for explanation.
Type  H <return>  for immediate help.
 ...                                              
                                                  
l.4 ä¸€ä¸ª
          é‡è¦çš„é—®é¢˜æ˜¯ç»éªŒç¯æµæ˜¯å¦æ»¡è¶³å„ç§å¯¹ç§°å…³ç³»å’Œæ¶¨...

You may provide a definition with
\DeclareUnicodeCharacter 


! LaTeX Error: Unicode character é‡ (U+91CD)
               not set up for use with LaTeX.

See the LaTeX manual or LaTeX Companion for explanation.
Type  H <return>  for immediate help.
 ...                                              
                                                  
l.4 ä¸€ä¸ªé‡
             è¦çš„é—®é¢˜æ˜¯ç»éªŒç¯æµæ˜¯å¦æ»¡è¶³å„ç§å¯¹ç§°å…³ç³»å’Œæ¶¨...

You may provide a definition with
\DeclareUnicodeCharacter 


! LaTeX Error: Unicode character è¦ (U+8981)
               not set up for use with LaTeX.

See the LaTeX manual or LaTeX Companion for explanation.
Type  H <return>  for immediate help.
 ...                                              
                                                  
l.4 ä¸€ä¸ªé‡è¦
                çš„é—®é¢˜æ˜¯ç»éªŒç¯æµæ˜¯å¦æ»¡è¶³å„ç§å¯¹ç§°å…³ç³»å’Œæ¶¨...

You may provide a definition with
\DeclareUnicodeCharacter 


! LaTeX Error: Unicode character çš„ (U+7684)
               not set up for use with LaTeX.

See the LaTeX manual or LaTeX Companion for explanation.
Type  H <return>  for immediate help.
 ...                                              
                                                  
l.4 ä¸€ä¸ªé‡è¦çš„
                   é—®é¢˜æ˜¯ç»éªŒç¯æµæ˜¯å¦æ»¡è¶³å„ç§å¯¹ç§°å…³ç³»å’Œæ¶¨...

You may provide a definition with
\DeclareUnicodeCharacter 


! LaTeX Error: Unicode character é—® (U+95EE)
               not set up for use with LaTeX.

See the LaTeX manual or LaTeX Companion for explanation.
Type  H <return>  for immediate help.
 ...                                              
                                                  
l.4 ä¸€ä¸ªé‡è¦çš„é—®
                      é¢˜æ˜¯ç»éªŒç¯æµæ˜¯å¦æ»¡è¶³å„ç§å¯¹ç§°å…³ç³»å’Œæ¶¨...

You may provide a definition with
\DeclareUnicodeCharacter 


! LaTeX Error: Unicode character é¢˜ (U+9898)
               not set up for use with LaTeX.

See the LaTeX manual or LaTeX Companion for explanation.
Type  H <return>  for immediate help.
 ...                                              
                                                  
l.4 ä¸€ä¸ªé‡è¦çš„é—®é¢˜
                         æ˜¯ç»éªŒç¯æµæ˜¯å¦æ»¡è¶³å„ç§å¯¹ç§°å…³ç³»å’Œæ¶¨...

You may provide a definition with
\DeclareUnicodeCharacter 


! LaTeX Error: Unicode character æ˜¯ (U+662F)
               not set up for use with LaTeX.

See the LaTeX manual or LaTeX Companion for explanation.
Type  H <return>  for immediate help.
 ...                                              
                                                  
l.4 ä¸€ä¸ªé‡è¦çš„é—®é¢˜æ˜¯
                            ç»éªŒç¯æµæ˜¯å¦æ»¡è¶³å„ç§å¯¹ç§°å…³ç³»å’Œæ¶¨...

You may provide a definition with
\DeclareUnicodeCharacter 


! LaTeX Error: Unicode character ç» (U+7ECF)
               not set up for use with LaTeX.

See the LaTeX manual or LaTeX Companion for explanation.
Type  H <return>  for immediate help.
 ...                                              
                                                  
l.4 ä¸€ä¸ªé‡è¦çš„é—®é¢˜æ˜¯ç»
                               éªŒç¯æµæ˜¯å¦æ»¡è¶³å„ç§å¯¹ç§°å…³ç³»å’Œæ¶¨...

You may provide a definition with
\DeclareUnicodeCharacter 


! LaTeX Error: Unicode character éªŒ (U+9A8C)
               not set up for use with LaTeX.

See the LaTeX manual or LaTeX Companion for explanation.
Type  H <return>  for immediate help.
 ...                                              
                                                  
l.4 ä¸€ä¸ªé‡è¦çš„é—®é¢˜æ˜¯ç»éªŒ
                                  ç¯æµæ˜¯å¦æ»¡è¶³å„ç§å¯¹ç§°å…³ç³»å’Œæ¶¨...

You may provide a definition with
\DeclareUnicodeCharacter 


! LaTeX Error: Unicode character ç¯ (U+73AF)
               not set up for use with LaTeX.

See the LaTeX manual or LaTeX Companion for explanation.
Type  H <return>  for immediate help.
 ...                                              
                                                  
l.4 ä¸€ä¸ªé‡è¦çš„é—®é¢˜æ˜¯ç»éªŒç¯
                                     æµæ˜¯å¦æ»¡è¶³å„ç§å¯¹ç§°å…³ç³»å’Œæ¶¨...

You may provide a definition with
\DeclareUnicodeCharacter 


! LaTeX Error: Unicode character æµ (U+6D41)
               not set up for use with LaTeX.

See the LaTeX manual or LaTeX Companion for explanation.
Type  H <return>  for immediate help.
 ...                                              
                                                  
l.4 ä¸€ä¸ªé‡è¦çš„é—®é¢˜æ˜¯ç»éªŒç¯æµ
                                        æ˜¯å¦æ»¡è¶³å„ç§å¯¹ç§°å…³ç³»å’Œæ¶¨...

You may provide a definition with
\DeclareUnicodeCharacter 


! LaTeX Error: Unicode character æ˜¯ (U+662F)
               not set up for use with LaTeX.

See the LaTeX manual or LaTeX Companion for explanation.
Type  H <return>  for immediate help.
 ...                                              
                                                  
l.4 ä¸€ä¸ªé‡è¦çš„é—®é¢˜æ˜¯ç»éªŒç¯æµæ˜¯
                                           å¦æ»¡è¶³å„ç§å¯¹ç§°å…³ç³»å’Œæ¶¨...

You may provide a definition with
\DeclareUnicodeCharacter 


! LaTeX Error: Unicode character å¦ (U+5426)
               not set up for use with LaTeX.

See the LaTeX manual or LaTeX Companion for explanation.
Type  H <return>  for immediate help.
 ...                                              
                                                  
l.4 ä¸€ä¸ªé‡è¦çš„é—®é¢˜æ˜¯ç»éªŒç¯æµæ˜¯å¦
                                              æ»¡è¶³å„ç§å¯¹ç§°å…³ç³»å’Œæ¶¨...

You may provide a definition with
\DeclareUnicodeCharacter 


! LaTeX Error: Unicode character æ»¡ (U+6EE1)
               not set up for use with LaTeX.

See the LaTeX manual or LaTeX Companion for explanation.
Type  H <return>  for immediate help.
 ...                                              
                                                  
l.4 ä¸€ä¸ªé‡è¦çš„é—®é¢˜æ˜¯ç»éªŒç¯æµæ˜¯å¦æ»¡
                                                 è¶³å„ç§å¯¹ç§°å…³ç³»å’Œæ¶¨...

You may provide a definition with
\DeclareUnicodeCharacter 


! LaTeX Error: Unicode character è¶³ (U+8DB3)
               not set up for use with LaTeX.

See the LaTeX manual or LaTeX Companion for explanation.
Type  H <return>  for immediate help.
 ...                                              
                                                  
l.4 ...ªé‡è¦çš„é—®é¢˜æ˜¯ç»éªŒç¯æµæ˜¯å¦æ»¡è¶³
                                                  å„ç§å¯¹ç§°å…³ç³»å’Œæ¶¨è...

You may provide a definition with
\DeclareUnicodeCharacter 


! LaTeX Error: Unicode character å„ (U+5404)
               not set up for use with LaTeX.

See the LaTeX manual or LaTeX Companion for explanation.
Type  H <return>  for immediate help.
 ...                                              
                                                  
l.4 ...è¦çš„é—®é¢˜æ˜¯ç»éªŒç¯æµæ˜¯å¦æ»¡è¶³å„
                                                  ç§å¯¹ç§°å…³ç³»å’Œæ¶¨è½å®...

You may provide a definition with
\DeclareUnicodeCharacter 


! LaTeX Error: Unicode character ç§ (U+79CD)
               not set up for use with LaTeX.

See the LaTeX manual or LaTeX Companion for explanation.
Type  H <return>  for immediate help.
 ...                                              
                                                  
l.4 ...çš„é—®é¢˜æ˜¯ç»éªŒç¯æµæ˜¯å¦æ»¡è¶³å„ç§
                                                  å¯¹ç§°å…³ç³»å’Œæ¶¨è½å®šç...

You may provide a definition with
\DeclareUnicodeCharacter 


! LaTeX Error: Unicode character å¯¹ (U+5BF9)
               not set up for use with LaTeX.

See the LaTeX manual or LaTeX Companion for explanation.
Type  H <return>  for immediate help.
 ...                                              
                                                  
l.4 ...„é—®é¢˜æ˜¯ç»éªŒç¯æµæ˜¯å¦æ»¡è¶³å„ç§å¯¹
                                                  ç§°å…³ç³»å’Œæ¶¨è½å®šç†ã€...

You may provide a definition with
\DeclareUnicodeCharacter 


! LaTeX Error: Unicode character ç§° (U+79F0)
               not set up for use with LaTeX.

See the LaTeX manual or LaTeX Companion for explanation.
Type  H <return>  for immediate help.
 ...                                              
                                                  
l.4 ...®é¢˜æ˜¯ç»éªŒç¯æµæ˜¯å¦æ»¡è¶³å„ç§å¯¹ç§°
                                                  å…³ç³»å’Œæ¶¨è½å®šç†ã€‚LE...

You may provide a definition with
\DeclareUnicodeCharacter 


! LaTeX Error: Unicode character å…³ (U+5173)
               not set up for use with LaTeX.

See the LaTeX manual or LaTeX Companion for explanation.
Type  H <return>  for immediate help.
 ...                                              
                                                  
l.4 ...˜æ˜¯ç»éªŒç¯æµæ˜¯å¦æ»¡è¶³å„ç§å¯¹ç§°å…³
                                                  ç³»å’Œæ¶¨è½å®šç†ã€‚LEç»...

You may provide a definition with
\DeclareUnicodeCharacter 


! LaTeX Error: Unicode character ç³» (U+7CFB)
               not set up for use with LaTeX.

See the LaTeX manual or LaTeX Companion for explanation.
Type  H <return>  for immediate help.
 ...                                              
                                                  
l.4 ...¯ç»éªŒç¯æµæ˜¯å¦æ»¡è¶³å„ç§å¯¹ç§°å…³ç³»
                                                  å’Œæ¶¨è½å®šç†ã€‚LEç»éªŒ...

You may provide a definition with
\DeclareUnicodeCharacter 


! LaTeX Error: Unicode character å’Œ (U+548C)
               not set up for use with LaTeX.

See the LaTeX manual or LaTeX Companion for explanation.
Type  H <return>  for immediate help.
 ...                                              
                                                  
l.4 ...éªŒç¯æµæ˜¯å¦æ»¡è¶³å„ç§å¯¹ç§°å…³ç³»å’Œ
                                                  æ¶¨è½å®šç†ã€‚LEç»éªŒç¯...

You may provide a definition with
\DeclareUnicodeCharacter 


! LaTeX Error: Unicode character æ¶¨ (U+6DA8)
               not set up for use with LaTeX.

See the LaTeX manual or LaTeX Companion for explanation.
Type  H <return>  for immediate help.
 ...                                              
                                                  
l.4 ...Œç¯æµæ˜¯å¦æ»¡è¶³å„ç§å¯¹ç§°å…³ç³»å’Œæ¶¨
                                                  è½å®šç†ã€‚LEç»éªŒç¯æµ...

You may provide a definition with
\DeclareUnicodeCharacter 


! LaTeX Error: Unicode character è½ (U+843D)
               not set up for use with LaTeX.

See the LaTeX manual or LaTeX Companion for explanation.
Type  H <return>  for immediate help.
 ...                                              
                                                  
l.4 ...¯æµæ˜¯å¦æ»¡è¶³å„ç§å¯¹ç§°å…³ç³»å’Œæ¶¨è½
                                                  å®šç†ã€‚LEç»éªŒç¯æµçš„...

You may provide a definition with
\DeclareUnicodeCharacter 


! LaTeX Error: Unicode character å®š (U+5B9A)
               not set up for use with LaTeX.

See the LaTeX manual or LaTeX Companion for explanation.
Type  H <return>  for immediate help.
 ...                                              
                                                  
l.4 ...æ˜¯å¦æ»¡è¶³å„ç§å¯¹ç§°å…³ç³»å’Œæ¶¨è½å®š
                                                  ç†ã€‚LEç»éªŒç¯æµçš„æš‚...

You may provide a definition with
\DeclareUnicodeCharacter 


! LaTeX Error: Unicode character ç† (U+7406)
               not set up for use with LaTeX.

See the LaTeX manual or LaTeX Companion for explanation.
Type  H <return>  for immediate help.
 ...                                              
                                                  
l.4 ...¯å¦æ»¡è¶³å„ç§å¯¹ç§°å…³ç³»å’Œæ¶¨è½å®šç†
                                                  ã€‚LEç»éªŒç¯æµçš„æš‚æ€...

You may provide a definition with
\DeclareUnicodeCharacter 


! LaTeX Error: Unicode character ã€‚ (U+3002)
               not set up for use with LaTeX.

See the LaTeX manual or LaTeX Companion for explanation.
Type  H <return>  for immediate help.
 ...                                              
                                                  
l.4 ...¦æ»¡è¶³å„ç§å¯¹ç§°å…³ç³»å’Œæ¶¨è½å®šç†ã€‚
                                                  LEç»éªŒç¯æµçš„æš‚æ€æ¶¨...

You may provide a definition with
\DeclareUnicodeCharacter 

Missing character: There is no L in font nullfont!
Missing character: There is no E in font nullfont!

! LaTeX Error: Unicode character ç» (U+7ECF)
               not set up for use with LaTeX.

See the LaTeX manual or LaTeX Companion for explanation.
Type  H <return>  for immediate help.
 ...                                              
                                                  
l.4 ...¶³å„ç§å¯¹ç§°å…³ç³»å’Œæ¶¨è½å®šç†ã€‚LEç»
                                                  éªŒç¯æµçš„æš‚æ€æ¶¨è½å®...

You may provide a definition with
\DeclareUnicodeCharacter 


! LaTeX Error: Unicode character éªŒ (U+9A8C)
               not set up for use with LaTeX.

See the LaTeX manual or LaTeX Companion for explanation.
Type  H <return>  for immediate help.
 ...                                              
                                                  
l.4 ...„ç§å¯¹ç§°å…³ç³»å’Œæ¶¨è½å®šç†ã€‚LEç»éªŒ
                                                  ç¯æµçš„æš‚æ€æ¶¨è½å®šç...

You may provide a definition with
\DeclareUnicodeCharacter 


! LaTeX Error: Unicode character ç¯ (U+73AF)
               not set up for use with LaTeX.

See the LaTeX manual or LaTeX Companion for explanation.
Type  H <return>  for immediate help.
 ...                                              
                                                  
l.4 ...§å¯¹ç§°å…³ç³»å’Œæ¶¨è½å®šç†ã€‚LEç»éªŒç¯
                                                  æµçš„æš‚æ€æ¶¨è½å®šç†å·...

You may provide a definition with
\DeclareUnicodeCharacter 


! LaTeX Error: Unicode character æµ (U+6D41)
               not set up for use with LaTeX.

See the LaTeX manual or LaTeX Companion for explanation.
Type  H <return>  for immediate help.
 ...                                              
                                                  
l.4 ...¯¹ç§°å…³ç³»å’Œæ¶¨è½å®šç†ã€‚LEç»éªŒç¯æµ
                                                  çš„æš‚æ€æ¶¨è½å®šç†å·²ç»...

You may provide a definition with
\DeclareUnicodeCharacter 


! LaTeX Error: Unicode character çš„ (U+7684)
               not set up for use with LaTeX.

See the LaTeX manual or LaTeX Companion for explanation.
Type  H <return>  for immediate help.
 ...                                              
                                                  
l.4 ...§°å…³ç³»å’Œæ¶¨è½å®šç†ã€‚LEç»éªŒç¯æµçš„
                                                  æš‚æ€æ¶¨è½å®šç†å·²ç»åœ...

You may provide a definition with
\DeclareUnicodeCharacter 


! LaTeX Error: Unicode character æš‚ (U+6682)
               not set up for use with LaTeX.

See the LaTeX manual or LaTeX Companion for explanation.
Type  H <return>  for immediate help.
 ...                                              
                                                  
l.4 ...…³ç³»å’Œæ¶¨è½å®šç†ã€‚LEç»éªŒç¯æµçš„æš‚
                                                  æ€æ¶¨è½å®šç†å·²ç»åœ¨æ–...

You may provide a definition with
\DeclareUnicodeCharacter 


! LaTeX Error: Unicode character æ€ (U+6001)
               not set up for use with LaTeX.

See the LaTeX manual or LaTeX Companion for explanation.
Type  H <return>  for immediate help.
 ...                                              
                                                  
l.4 ...³»å’Œæ¶¨è½å®šç†ã€‚LEç»éªŒç¯æµçš„æš‚æ€
                                                  æ¶¨è½å®šç†å·²ç»åœ¨æ–‡çŒ...

You may provide a definition with
\DeclareUnicodeCharacter 


! LaTeX Error: Unicode character æ¶¨ (U+6DA8)
               not set up for use with LaTeX.

See the LaTeX manual or LaTeX Companion for explanation.
Type  H <return>  for immediate help.
 ...                                              
                                                  
l.4 ...’Œæ¶¨è½å®šç†ã€‚LEç»éªŒç¯æµçš„æš‚æ€æ¶¨
                                                  è½å®šç†å·²ç»åœ¨æ–‡çŒ® \...

You may provide a definition with
\DeclareUnicodeCharacter 


! LaTeX Error: Unicode character è½ (U+843D)
               not set up for use with LaTeX.

See the LaTeX manual or LaTeX Companion for explanation.
Type  H <return>  for immediate help.
 ...                                              
                                                  
l.4 ...¶¨è½å®šç†ã€‚LEç»éªŒç¯æµçš„æš‚æ€æ¶¨è½
                                                  å®šç†å·²ç»åœ¨æ–‡çŒ® \cit...

You may provide a definition with
\DeclareUnicodeCharacter 


! LaTeX Error: Unicode character å®š (U+5B9A)
               not set up for use with LaTeX.

See the LaTeX manual or LaTeX Companion for explanation.
Type  H <return>  for immediate help.
 ...                                              
                                                  
l.4 ...½å®šç†ã€‚LEç»éªŒç¯æµçš„æš‚æ€æ¶¨è½å®š
                                                  ç†å·²ç»åœ¨æ–‡çŒ® \cite{a...

You may provide a definition with
\DeclareUnicodeCharacter 


! LaTeX Error: Unicode character ç† (U+7406)
               not set up for use with LaTeX.

See the LaTeX manual or LaTeX Companion for explanation.
Type  H <return>  for immediate help.
 ...                                              
                                                  
l.4 ...®šç†ã€‚LEç»éªŒç¯æµçš„æš‚æ€æ¶¨è½å®šç†
                                                  å·²ç»åœ¨æ–‡çŒ® \cite{andr...

You may provide a definition with
\DeclareUnicodeCharacter 


! LaTeX Error: Unicode character å·² (U+5DF2)
               not set up for use with LaTeX.

See the LaTeX manual or LaTeX Companion for explanation.
Type  H <return>  for immediate help.
 ...                                              
                                                  
l.4 ...†ã€‚LEç»éªŒç¯æµçš„æš‚æ€æ¶¨è½å®šç†å·²
                                                  ç»åœ¨æ–‡çŒ® \cite{andrieu...

You may provide a definition with
\DeclareUnicodeCharacter 


! LaTeX Error: Unicode character ç» (U+7ECF)
               not set up for use with LaTeX.

See the LaTeX manual or LaTeX Companion for explanation.
Type  H <return>  for immediate help.
 ...                                              
                                                  
l.4 ...€‚LEç»éªŒç¯æµçš„æš‚æ€æ¶¨è½å®šç†å·²ç»
                                                  åœ¨æ–‡çŒ® \cite{andrieux20...

You may provide a definition with
\DeclareUnicodeCharacter 


! LaTeX Error: Unicode character åœ¨ (U+5728)
               not set up for use with LaTeX.

See the LaTeX manual or LaTeX Companion for explanation.
Type  H <return>  for immediate help.
 ...                                              
                                                  
l.4 ...Eç»éªŒç¯æµçš„æš‚æ€æ¶¨è½å®šç†å·²ç»åœ¨
                                                  æ–‡çŒ® \cite{andrieux2007n...

You may provide a definition with
\DeclareUnicodeCharacter 


! LaTeX Error: Unicode character æ–‡ (U+6587)
               not set up for use with LaTeX.

See the LaTeX manual or LaTeX Companion for explanation.
Type  H <return>  for immediate help.
 ...                                              
                                                  
l.4 ...éªŒç¯æµçš„æš‚æ€æ¶¨è½å®šç†å·²ç»åœ¨æ–‡
                                                  çŒ® \cite{andrieux2007netw...

You may provide a definition with
\DeclareUnicodeCharacter 


! LaTeX Error: Unicode character çŒ® (U+732E)
               not set up for use with LaTeX.

See the LaTeX manual or LaTeX Companion for explanation.
Type  H <return>  for immediate help.
 ...                                              
                                                  
l.4 ...Œç¯æµçš„æš‚æ€æ¶¨è½å®šç†å·²ç»åœ¨æ–‡çŒ®
                                                   \cite{andrieux2007network...

You may provide a definition with
\DeclareUnicodeCharacter 

Missing character: There is no [ in font nullfont!
\citation{andrieux2007network}
! Undefined control sequence.
<write> ...: Citation `\@citeb ' on page \thepage 
                                                  \space undefined\on@line .
l.4 ...†å·²ç»åœ¨æ–‡çŒ® \cite{andrieux2007network}
                                                   ä¸­è¯æ˜ã€‚è¿™é‡Œå°†è¯æ...
The control sequence at the end of the top line
of your error message was never \def'ed. If you have
misspelled it (e.g., `\hobx'), type `I' and the correct
spelling (e.g., `I\hbox'). Otherwise just continue,
and I'll forget about whatever was undefined.


LaTeX Warning: Citation `andrieux2007network' on page  undefined on input line 
4.

Missing character: There is no ] in font nullfont!

! LaTeX Error: Unicode character ä¸­ (U+4E2D)
               not set up for use with LaTeX.

See the LaTeX manual or LaTeX Companion for explanation.
Type  H <return>  for immediate help.
 ...                                              
                                                  
l.4 ...ç»åœ¨æ–‡çŒ® \cite{andrieux2007network} ä¸­
                                                  è¯æ˜ã€‚è¿™é‡Œå°†è¯æ˜å...

You may provide a definition with
\DeclareUnicodeCharacter 


! LaTeX Error: Unicode character è¯ (U+8BC1)
               not set up for use with LaTeX.

See the LaTeX manual or LaTeX Companion for explanation.
Type  H <return>  for immediate help.
 ...                                              
                                                  
l.4 ...åœ¨æ–‡çŒ® \cite{andrieux2007network} ä¸­è¯
                                                  æ˜ã€‚è¿™é‡Œå°†è¯æ˜å•ç...

You may provide a definition with
\DeclareUnicodeCharacter 


! LaTeX Error: Unicode character æ˜ (U+660E)
               not set up for use with LaTeX.

See the LaTeX manual or LaTeX Companion for explanation.
Type  H <return>  for immediate help.
 ...                                              
                                                  
l.4 ...æ–‡çŒ® \cite{andrieux2007network} ä¸­è¯æ˜
                                                  ã€‚è¿™é‡Œå°†è¯æ˜å•ç¯é©...

You may provide a definition with
\DeclareUnicodeCharacter 


! LaTeX Error: Unicode character ã€‚ (U+3002)
               not set up for use with LaTeX.

See the LaTeX manual or LaTeX Companion for explanation.
Type  H <return>  for immediate help.
 ...                                              
                                                  
l.4 ...çŒ® \cite{andrieux2007network} ä¸­è¯æ˜ã€‚
                                                  è¿™é‡Œå°†è¯æ˜å•ç¯é©¬æ°...

You may provide a definition with
\DeclareUnicodeCharacter 


! LaTeX Error: Unicode character è¿™ (U+8FD9)
               not set up for use with LaTeX.

See the LaTeX manual or LaTeX Companion for explanation.
Type  H <return>  for immediate help.
 ...                                              
                                                  
l.4 ... \cite{andrieux2007network} ä¸­è¯æ˜ã€‚è¿™
                                                  é‡Œå°†è¯æ˜å•ç¯é©¬æ°é“...

You may provide a definition with
\DeclareUnicodeCharacter 


! LaTeX Error: Unicode character é‡Œ (U+91CC)
               not set up for use with LaTeX.

See the LaTeX manual or LaTeX Companion for explanation.
Type  H <return>  for immediate help.
 ...                                              
                                                  
l.4 ...ite{andrieux2007network} ä¸­è¯æ˜ã€‚è¿™é‡Œ
                                                  å°†è¯æ˜å•ç¯é©¬æ°é“¾çš...

You may provide a definition with
\DeclareUnicodeCharacter 


! LaTeX Error: Unicode character å°† (U+5C06)
               not set up for use with LaTeX.

See the LaTeX manual or LaTeX Companion for explanation.
Type  H <return>  for immediate help.
 ...                                              
                                                  
l.4 ...{andrieux2007network} ä¸­è¯æ˜ã€‚è¿™é‡Œå°†
                                                  è¯æ˜å•ç¯é©¬æ°é“¾çš„å¯...

You may provide a definition with
\DeclareUnicodeCharacter 


! LaTeX Error: Unicode character è¯ (U+8BC1)
               not set up for use with LaTeX.

See the LaTeX manual or LaTeX Companion for explanation.
Type  H <return>  for immediate help.
 ...                                              
                                                  
l.4 ...drieux2007network} ä¸­è¯æ˜ã€‚è¿™é‡Œå°†è¯
                                                  æ˜å•ç¯é©¬æ°é“¾çš„å¯¹ç§...

You may provide a definition with
\DeclareUnicodeCharacter 


! LaTeX Error: Unicode character æ˜ (U+660E)
               not set up for use with LaTeX.

See the LaTeX manual or LaTeX Companion for explanation.
Type  H <return>  for immediate help.
 ...                                              
                                                  
l.4 ...eux2007network} ä¸­è¯æ˜ã€‚è¿™é‡Œå°†è¯æ˜
                                                  å•ç¯é©¬æ°é“¾çš„å¯¹ç§°å…...

You may provide a definition with
\DeclareUnicodeCharacter 


! LaTeX Error: Unicode character å• (U+5355)
               not set up for use with LaTeX.

See the LaTeX manual or LaTeX Companion for explanation.
Type  H <return>  for immediate help.
 ...                                              
                                                  
l.4 ...2007network} ä¸­è¯æ˜ã€‚è¿™é‡Œå°†è¯æ˜å•
                                                  ç¯é©¬æ°é“¾çš„å¯¹ç§°å…³ç³...

You may provide a definition with
\DeclareUnicodeCharacter 


! LaTeX Error: Unicode character ç¯ (U+73AF)
               not set up for use with LaTeX.

See the LaTeX manual or LaTeX Companion for explanation.
Type  H <return>  for immediate help.
 ...                                              
                                                  
l.4 ...7network} ä¸­è¯æ˜ã€‚è¿™é‡Œå°†è¯æ˜å•ç¯
                                                  é©¬æ°é“¾çš„å¯¹ç§°å…³ç³»ï¼...

You may provide a definition with
\DeclareUnicodeCharacter 


! LaTeX Error: Unicode character é©¬ (U+9A6C)
               not set up for use with LaTeX.

See the LaTeX manual or LaTeX Companion for explanation.
Type  H <return>  for immediate help.
 ...                                              
                                                  
l.4 ...twork} ä¸­è¯æ˜ã€‚è¿™é‡Œå°†è¯æ˜å•ç¯é©¬
                                                  æ°é“¾çš„å¯¹ç§°å…³ç³»ï¼Œå®...

You may provide a definition with
\DeclareUnicodeCharacter 


! LaTeX Error: Unicode character æ° (U+6C0F)
               not set up for use with LaTeX.

See the LaTeX manual or LaTeX Companion for explanation.
Type  H <return>  for immediate help.
 ...                                              
                                                  
l.4 ...rk} ä¸­è¯æ˜ã€‚è¿™é‡Œå°†è¯æ˜å•ç¯é©¬æ°
                                                  é“¾çš„å¯¹ç§°å…³ç³»ï¼Œå®ƒç”...

You may provide a definition with
\DeclareUnicodeCharacter 


! LaTeX Error: Unicode character é“¾ (U+94FE)
               not set up for use with LaTeX.

See the LaTeX manual or LaTeX Companion for explanation.
Type  H <return>  for immediate help.
 ...                                              
                                                  
l.4 ... ä¸­è¯æ˜ã€‚è¿™é‡Œå°†è¯æ˜å•ç¯é©¬æ°é“¾
                                                  çš„å¯¹ç§°å…³ç³»ï¼Œå®ƒç”šè‡...

You may provide a definition with
\DeclareUnicodeCharacter 


! LaTeX Error: Unicode character çš„ (U+7684)
               not set up for use with LaTeX.

See the LaTeX manual or LaTeX Companion for explanation.
Type  H <return>  for immediate help.
 ...                                              
                                                  
l.4 ...­è¯æ˜ã€‚è¿™é‡Œå°†è¯æ˜å•ç¯é©¬æ°é“¾çš„
                                                  å¯¹ç§°å…³ç³»ï¼Œå®ƒç”šè‡³å¼...

You may provide a definition with
\DeclareUnicodeCharacter 


! LaTeX Error: Unicode character å¯¹ (U+5BF9)
               not set up for use with LaTeX.

See the LaTeX manual or LaTeX Companion for explanation.
Type  H <return>  for immediate help.
 ...                                              
                                                  
l.4 ...æ˜ã€‚è¿™é‡Œå°†è¯æ˜å•ç¯é©¬æ°é“¾çš„å¯¹
                                                  ç§°å…³ç³»ï¼Œå®ƒç”šè‡³å¼ºäº...

You may provide a definition with
\DeclareUnicodeCharacter 


! LaTeX Error: Unicode character ç§° (U+79F0)
               not set up for use with LaTeX.

See the LaTeX manual or LaTeX Companion for explanation.
Type  H <return>  for immediate help.
 ...                                              
                                                  
l.4 ...ã€‚è¿™é‡Œå°†è¯æ˜å•ç¯é©¬æ°é“¾çš„å¯¹ç§°
                                                  å…³ç³»ï¼Œå®ƒç”šè‡³å¼ºäºæš...

You may provide a definition with
\DeclareUnicodeCharacter 


! LaTeX Error: Unicode character å…³ (U+5173)
               not set up for use with LaTeX.

See the LaTeX manual or LaTeX Companion for explanation.
Type  H <return>  for immediate help.
 ...                                              
                                                  
l.4 ...‚è¿™é‡Œå°†è¯æ˜å•ç¯é©¬æ°é“¾çš„å¯¹ç§°å…³
                                                  ç³»ï¼Œå®ƒç”šè‡³å¼ºäºæš‚æ€...

You may provide a definition with
\DeclareUnicodeCharacter 


! LaTeX Error: Unicode character ç³» (U+7CFB)
               not set up for use with LaTeX.

See the LaTeX manual or LaTeX Companion for explanation.
Type  H <return>  for immediate help.
 ...                                              
                                                  
l.4 ...™é‡Œå°†è¯æ˜å•ç¯é©¬æ°é“¾çš„å¯¹ç§°å…³ç³»
                                                  ï¼Œå®ƒç”šè‡³å¼ºäºæš‚æ€æ¶...

You may provide a definition with
\DeclareUnicodeCharacter 


! LaTeX Error: Unicode character ï¼Œ (U+FF0C)
               not set up for use with LaTeX.

See the LaTeX manual or LaTeX Companion for explanation.
Type  H <return>  for immediate help.
 ...                                              
                                                  
l.4 ...Œå°†è¯æ˜å•ç¯é©¬æ°é“¾çš„å¯¹ç§°å…³ç³»ï¼Œ
                                                  å®ƒç”šè‡³å¼ºäºæš‚æ€æ¶¨è...

You may provide a definition with
\DeclareUnicodeCharacter 


! LaTeX Error: Unicode character å®ƒ (U+5B83)
               not set up for use with LaTeX.

See the LaTeX manual or LaTeX Companion for explanation.
Type  H <return>  for immediate help.
 ...                                              
                                                  
l.4 ...†è¯æ˜å•ç¯é©¬æ°é“¾çš„å¯¹ç§°å…³ç³»ï¼Œå®ƒ
                                                  ç”šè‡³å¼ºäºæš‚æ€æ¶¨è½å®...

You may provide a definition with
\DeclareUnicodeCharacter 


! LaTeX Error: Unicode character ç”š (U+751A)
               not set up for use with LaTeX.

See the LaTeX manual or LaTeX Companion for explanation.
Type  H <return>  for immediate help.
 ...                                              
                                                  
l.4 ...æ˜å•ç¯é©¬æ°é“¾çš„å¯¹ç§°å…³ç³»ï¼Œå®ƒç”š
                                                  è‡³å¼ºäºæš‚æ€æ¶¨è½å®šç...

You may provide a definition with
\DeclareUnicodeCharacter 


! LaTeX Error: Unicode character è‡³ (U+81F3)
               not set up for use with LaTeX.

See the LaTeX manual or LaTeX Companion for explanation.
Type  H <return>  for immediate help.
 ...                                              
                                                  
l.4 ...å•ç¯é©¬æ°é“¾çš„å¯¹ç§°å…³ç³»ï¼Œå®ƒç”šè‡³
                                                  å¼ºäºæš‚æ€æ¶¨è½å®šç†ã€...

You may provide a definition with
\DeclareUnicodeCharacter 


! LaTeX Error: Unicode character å¼º (U+5F3A)
               not set up for use with LaTeX.

See the LaTeX manual or LaTeX Companion for explanation.
Type  H <return>  for immediate help.
 ...                                              
                                                  
l.4 ...•ç¯é©¬æ°é“¾çš„å¯¹ç§°å…³ç³»ï¼Œå®ƒç”šè‡³å¼º
                                                  äºæš‚æ€æ¶¨è½å®šç†ã€‚è®...

You may provide a definition with
\DeclareUnicodeCharacter 


! LaTeX Error: Unicode character äº (U+4E8E)
               not set up for use with LaTeX.

See the LaTeX manual or LaTeX Companion for explanation.
Type  H <return>  for immediate help.
 ...                                              
                                                  
l.4 ...¯é©¬æ°é“¾çš„å¯¹ç§°å…³ç³»ï¼Œå®ƒç”šè‡³å¼ºäº
                                                  æš‚æ€æ¶¨è½å®šç†ã€‚è®°å...

You may provide a definition with
\DeclareUnicodeCharacter 


! LaTeX Error: Unicode character æš‚ (U+6682)
               not set up for use with LaTeX.

See the LaTeX manual or LaTeX Companion for explanation.
Type  H <return>  for immediate help.
 ...                                              
                                                  
l.4 ...¬æ°é“¾çš„å¯¹ç§°å…³ç³»ï¼Œå®ƒç”šè‡³å¼ºäºæš‚
                                                  æ€æ¶¨è½å®šç†ã€‚è®°å•ç...

You may provide a definition with
\DeclareUnicodeCharacter 


! LaTeX Error: Unicode character æ€ (U+6001)
               not set up for use with LaTeX.

See the LaTeX manual or LaTeX Companion for explanation.
Type  H <return>  for immediate help.
 ...                                              
                                                  
l.4 ...é“¾çš„å¯¹ç§°å…³ç³»ï¼Œå®ƒç”šè‡³å¼ºäºæš‚æ€
                                                  æ¶¨è½å®šç†ã€‚è®°å•ç¯ç³...

You may provide a definition with
\DeclareUnicodeCharacter 


! LaTeX Error: Unicode character æ¶¨ (U+6DA8)
               not set up for use with LaTeX.

See the LaTeX manual or LaTeX Companion for explanation.
Type  H <return>  for immediate help.
 ...                                              
                                                  
l.4 ...¾çš„å¯¹ç§°å…³ç³»ï¼Œå®ƒç”šè‡³å¼ºäºæš‚æ€æ¶¨
                                                  è½å®šç†ã€‚è®°å•ç¯ç³»ç»...

You may provide a definition with
\DeclareUnicodeCharacter 


! LaTeX Error: Unicode character è½ (U+843D)
               not set up for use with LaTeX.

See the LaTeX manual or LaTeX Companion for explanation.
Type  H <return>  for immediate help.
 ...                                              
                                                  
l.4 ...„å¯¹ç§°å…³ç³»ï¼Œå®ƒç”šè‡³å¼ºäºæš‚æ€æ¶¨è½
                                                  å®šç†ã€‚è®°å•ç¯ç³»ç»Ÿä¸...

You may provide a definition with
\DeclareUnicodeCharacter 


! LaTeX Error: Unicode character å®š (U+5B9A)
               not set up for use with LaTeX.

See the LaTeX manual or LaTeX Companion for explanation.
Type  H <return>  for immediate help.
 ...                                              
                                                  
l.4 ...¹ç§°å…³ç³»ï¼Œå®ƒç”šè‡³å¼ºäºæš‚æ€æ¶¨è½å®š
                                                  ç†ã€‚è®°å•ç¯ç³»ç»Ÿä¸­ä¸...

You may provide a definition with
\DeclareUnicodeCharacter 


! LaTeX Error: Unicode character ç† (U+7406)
               not set up for use with LaTeX.

See the LaTeX manual or LaTeX Companion for explanation.
Type  H <return>  for immediate help.
 ...                                              
                                                  
l.4 ...°å…³ç³»ï¼Œå®ƒç”šè‡³å¼ºäºæš‚æ€æ¶¨è½å®šç†
                                                  ã€‚è®°å•ç¯ç³»ç»Ÿä¸­ä¸¤ä¸...

You may provide a definition with
\DeclareUnicodeCharacter 


! LaTeX Error: Unicode character ã€‚ (U+3002)
               not set up for use with LaTeX.

See the LaTeX manual or LaTeX Companion for explanation.
Type  H <return>  for immediate help.
 ...                                              
                                                  
l.4 ...³ç³»ï¼Œå®ƒç”šè‡³å¼ºäºæš‚æ€æ¶¨è½å®šç†ã€‚
                                                  è®°å•ç¯ç³»ç»Ÿä¸­ä¸¤ä¸ª N...

You may provide a definition with
\DeclareUnicodeCharacter 


! LaTeX Error: Unicode character è®° (U+8BB0)
               not set up for use with LaTeX.

See the LaTeX manual or LaTeX Companion for explanation.
Type  H <return>  for immediate help.
 ...                                              
                                                  
l.4 ...»ï¼Œå®ƒç”šè‡³å¼ºäºæš‚æ€æ¶¨è½å®šç†ã€‚è®°
                                                  å•ç¯ç³»ç»Ÿä¸­ä¸¤ä¸ª N çŠ...

You may provide a definition with
\DeclareUnicodeCharacter 


! LaTeX Error: Unicode character å• (U+5355)
               not set up for use with LaTeX.

See the LaTeX manual or LaTeX Companion for explanation.
Type  H <return>  for immediate help.
 ...                                              
                                                  
l.4 ...Œå®ƒç”šè‡³å¼ºäºæš‚æ€æ¶¨è½å®šç†ã€‚è®°å•
                                                  ç¯ç³»ç»Ÿä¸­ä¸¤ä¸ª N çŠ¶æ€...

You may provide a definition with
\DeclareUnicodeCharacter 


! LaTeX Error: Unicode character ç¯ (U+73AF)
               not set up for use with LaTeX.

See the LaTeX manual or LaTeX Companion for explanation.
Type  H <return>  for immediate help.
 ...                                              
                                                  
l.4 ...ƒç”šè‡³å¼ºäºæš‚æ€æ¶¨è½å®šç†ã€‚è®°å•ç¯
                                                  ç³»ç»Ÿä¸­ä¸¤ä¸ª N çŠ¶æ€ç...

You may provide a definition with
\DeclareUnicodeCharacter 


! LaTeX Error: Unicode character ç³» (U+7CFB)
               not set up for use with LaTeX.

See the LaTeX manual or LaTeX Companion for explanation.
Type  H <return>  for immediate help.
 ...                                              
                                                  
l.4 ...šè‡³å¼ºäºæš‚æ€æ¶¨è½å®šç†ã€‚è®°å•ç¯ç³»
                                                  ç»Ÿä¸­ä¸¤ä¸ª N çŠ¶æ€ç¯ä¸...

You may provide a definition with
\DeclareUnicodeCharacter 


! LaTeX Error: Unicode character ç»Ÿ (U+7EDF)
               not set up for use with LaTeX.

See the LaTeX manual or LaTeX Companion for explanation.
Type  H <return>  for immediate help.
 ...                                              
                                                  
l.4 ...³å¼ºäºæš‚æ€æ¶¨è½å®šç†ã€‚è®°å•ç¯ç³»ç»Ÿ
                                                  ä¸­ä¸¤ä¸ª N çŠ¶æ€ç¯ä¸º  ...

You may provide a definition with
\DeclareUnicodeCharacter 


! LaTeX Error: Unicode character ä¸­ (U+4E2D)
               not set up for use with LaTeX.

See the LaTeX manual or LaTeX Companion for explanation.
Type  H <return>  for immediate help.
 ...                                              
                                                  
l.4 ...ºäºæš‚æ€æ¶¨è½å®šç†ã€‚è®°å•ç¯ç³»ç»Ÿä¸­
                                                  ä¸¤ä¸ª N çŠ¶æ€ç¯ä¸º  $C^...

You may provide a definition with
\DeclareUnicodeCharacter 


! LaTeX Error: Unicode character ä¸¤ (U+4E24)
               not set up for use with LaTeX.

See the LaTeX manual or LaTeX Companion for explanation.
Type  H <return>  for immediate help.
 ...                                              
                                                  
l.4 ...æš‚æ€æ¶¨è½å®šç†ã€‚è®°å•ç¯ç³»ç»Ÿä¸­ä¸¤
                                                  ä¸ª N çŠ¶æ€ç¯ä¸º  $C^+ =...

You may provide a definition with
\DeclareUnicodeCharacter 


! LaTeX Error: Unicode character ä¸ª (U+4E2A)
               not set up for use with LaTeX.

See the LaTeX manual or LaTeX Companion for explanation.
Type  H <return>  for immediate help.
 ...                                              
                                                  
l.4 ...‚æ€æ¶¨è½å®šç†ã€‚è®°å•ç¯ç³»ç»Ÿä¸­ä¸¤ä¸ª
                                                   N çŠ¶æ€ç¯ä¸º  $C^+ = (1...

You may provide a definition with
\DeclareUnicodeCharacter 

Missing character: There is no N in font nullfont!

! LaTeX Error: Unicode character çŠ¶ (U+72B6)
               not set up for use with LaTeX.

See the LaTeX manual or LaTeX Companion for explanation.
Type  H <return>  for immediate help.
 ...                                              
                                                  
l.4 ...¨è½å®šç†ã€‚è®°å•ç¯ç³»ç»Ÿä¸­ä¸¤ä¸ª N çŠ¶
                                                  æ€ç¯ä¸º  $C^+ = (1,2,\cd...

You may provide a definition with
\DeclareUnicodeCharacter 


! LaTeX Error: Unicode character æ€ (U+6001)
               not set up for use with LaTeX.

See the LaTeX manual or LaTeX Companion for explanation.
Type  H <return>  for immediate help.
 ...                                              
                                                  
l.4 ...½å®šç†ã€‚è®°å•ç¯ç³»ç»Ÿä¸­ä¸¤ä¸ª N çŠ¶æ€
                                                  ç¯ä¸º  $C^+ = (1,2,\cdots...

You may provide a definition with
\DeclareUnicodeCharacter 


! LaTeX Error: Unicode character ç¯ (U+73AF)
               not set up for use with LaTeX.

See the LaTeX manual or LaTeX Companion for explanation.
Type  H <return>  for immediate help.
 ...                                              
                                                  
l.4 ...šç†ã€‚è®°å•ç¯ç³»ç»Ÿä¸­ä¸¤ä¸ª N çŠ¶æ€ç¯
                                                  ä¸º  $C^+ = (1,2,\cdots,N)...

You may provide a definition with
\DeclareUnicodeCharacter 


! LaTeX Error: Unicode character ä¸º (U+4E3A)
               not set up for use with LaTeX.

See the LaTeX manual or LaTeX Companion for explanation.
Type  H <return>  for immediate help.
 ...                                              
                                                  
l.4 ...†ã€‚è®°å•ç¯ç³»ç»Ÿä¸­ä¸¤ä¸ª N çŠ¶æ€ç¯ä¸º
                                                    $C^+ = (1,2,\cdots,N)$ å...

You may provide a definition with
\DeclareUnicodeCharacter 

LaTeX Font Info:    External font `cmex10' loaded for size
(Font)              <7> on input line 4.
LaTeX Font Info:    External font `cmex10' loaded for size
(Font)              <5> on input line 4.

! LaTeX Error: Unicode character å’Œ (U+548C)
               not set up for use with LaTeX.

See the LaTeX manual or LaTeX Companion for explanation.
Type  H <return>  for immediate help.
 ...                                              
                                                  
l.4 ... N çŠ¶æ€ç¯ä¸º  $C^+ = (1,2,\cdots,N)$ å’Œ
                                                   $C^- = (1,N,\cdots,2)$ï¼Œ...

You may provide a definition with
\DeclareUnicodeCharacter 


! LaTeX Error: Unicode character ï¼Œ (U+FF0C)
               not set up for use with LaTeX.

See the LaTeX manual or LaTeX Companion for explanation.
Type  H <return>  for immediate help.
 ...                                              
                                                  
l.4 ...,2,\cdots,N)$ å’Œ $C^- = (1,N,\cdots,2)$ï¼Œ
                                                  ä»¤ $N^+_n$ å’Œ $N^-_n$ åˆ...

You may provide a definition with
\DeclareUnicodeCharacter 


! LaTeX Error: Unicode character ä»¤ (U+4EE4)
               not set up for use with LaTeX.

See the LaTeX manual or LaTeX Companion for explanation.
Type  H <return>  for immediate help.
 ...                                              
                                                  
l.4 ...\cdots,N)$ å’Œ $C^- = (1,N,\cdots,2)$ï¼Œä»¤
                                                   $N^+_n$ å’Œ $N^-_n$ åˆ†åˆ...
(That makes 100 errors; please try again.) 
Here is how much of TeX's memory you used:
 77 strings out of 478268
 938 string characters out of 5843326
 289375 words of memory out of 5000000
 18384 multiletter control sequences out of 15000+600000
 469567 words of font info for 29 fonts, out of 8000000 for 9000
 1141 hyphenation exceptions out of 8191
 18i,2n,23p,512b,93s stack positions out of 10000i,1000n,20000p,200000b,200000s

!  ==> Fatal error occurred, no output PDF file produced!
