This is pdfTeX, Version 3.141592653-2.6-1.40.24 (TeX Live 2022) (preloaded format=pdflatex 2022.4.6)  14 APR 2022 13:09
entering extended mode
 restricted \write18 enabled.
 %&-line parsing enabled.
**body.tex
(./body.tex
LaTeX2e <2021-11-15> patch level 1
L3 programming layer <2022-02-24>
! Undefined control sequence.
l.1 \BiChapter
              {ç»ªè®º}{Introduction}
The control sequence at the end of the top line
of your error message was never \def'ed. If you have
misspelled it (e.g., `\hobx'), type `I' and the correct
spelling (e.g., `I\hbox'). Otherwise just continue,
and I'll forget about whatever was undefined.


! LaTeX Error: Unicode character ç»ª (U+7EEA)
               not set up for use with LaTeX.

See the LaTeX manual or LaTeX Companion for explanation.
Type  H <return>  for immediate help.
 ...                                              
                                                  
l.1 \BiChapter{ç»ª
                  è®º}{Introduction}
You may provide a definition with
\DeclareUnicodeCharacter 


! LaTeX Error: Unicode character è®º (U+8BBA)
               not set up for use with LaTeX.

See the LaTeX manual or LaTeX Companion for explanation.
Type  H <return>  for immediate help.
 ...                                              
                                                  
l.1 \BiChapter{ç»ªè®º
                     }{Introduction}
You may provide a definition with
\DeclareUnicodeCharacter 


! LaTeX Error: Missing \begin{document}.

See the LaTeX manual or LaTeX Companion for explanation.
Type  H <return>  for immediate help.
 ...                                              
                                                  
l.1 \BiChapter{ç»ªè®º}{I
                        ntroduction}
You're in trouble here.  Try typing  <return>  to proceed.
If that doesn't work, type  X <return>  to quit.

Missing character: There is no I in font nullfont!
Missing character: There is no n in font nullfont!
Missing character: There is no t in font nullfont!
Missing character: There is no r in font nullfont!
Missing character: There is no o in font nullfont!
Missing character: There is no d in font nullfont!
Missing character: There is no u in font nullfont!
Missing character: There is no c in font nullfont!
Missing character: There is no t in font nullfont!
Missing character: There is no i in font nullfont!
Missing character: There is no o in font nullfont!
Missing character: There is no n in font nullfont!

Overfull \hbox (20.0pt too wide) in paragraph at lines 1--2
[] 
 []

! Undefined control sequence.
l.3 \BiSection
              {é—®é¢˜çš„èƒŒæ™¯å’Œç ”ç©¶ç°çŠ¶}{Background and research status}
The control sequence at the end of the top line
of your error message was never \def'ed. If you have
misspelled it (e.g., `\hobx'), type `I' and the correct
spelling (e.g., `I\hbox'). Otherwise just continue,
and I'll forget about whatever was undefined.


! LaTeX Error: Unicode character é—® (U+95EE)
               not set up for use with LaTeX.

See the LaTeX manual or LaTeX Companion for explanation.
Type  H <return>  for immediate help.
 ...                                              
                                                  
l.3 \BiSection{é—®
                  é¢˜çš„èƒŒæ™¯å’Œç ”ç©¶ç°çŠ¶}{Background and research status}
You may provide a definition with
\DeclareUnicodeCharacter 


! LaTeX Error: Unicode character é¢˜ (U+9898)
               not set up for use with LaTeX.

See the LaTeX manual or LaTeX Companion for explanation.
Type  H <return>  for immediate help.
 ...                                              
                                                  
l.3 \BiSection{é—®é¢˜
                     çš„èƒŒæ™¯å’Œç ”ç©¶ç°çŠ¶}{Background and research status}
You may provide a definition with
\DeclareUnicodeCharacter 


! LaTeX Error: Unicode character çš„ (U+7684)
               not set up for use with LaTeX.

See the LaTeX manual or LaTeX Companion for explanation.
Type  H <return>  for immediate help.
 ...                                              
                                                  
l.3 \BiSection{é—®é¢˜çš„
                        èƒŒæ™¯å’Œç ”ç©¶ç°çŠ¶}{Background and research status}
You may provide a definition with
\DeclareUnicodeCharacter 


! LaTeX Error: Unicode character èƒŒ (U+80CC)
               not set up for use with LaTeX.

See the LaTeX manual or LaTeX Companion for explanation.
Type  H <return>  for immediate help.
 ...                                              
                                                  
l.3 \BiSection{é—®é¢˜çš„èƒŒ
                           æ™¯å’Œç ”ç©¶ç°çŠ¶}{Background and research status}
You may provide a definition with
\DeclareUnicodeCharacter 


! LaTeX Error: Unicode character æ™¯ (U+666F)
               not set up for use with LaTeX.

See the LaTeX manual or LaTeX Companion for explanation.
Type  H <return>  for immediate help.
 ...                                              
                                                  
l.3 \BiSection{é—®é¢˜çš„èƒŒæ™¯
                              å’Œç ”ç©¶ç°çŠ¶}{Background and research status}
You may provide a definition with
\DeclareUnicodeCharacter 


! LaTeX Error: Unicode character å’Œ (U+548C)
               not set up for use with LaTeX.

See the LaTeX manual or LaTeX Companion for explanation.
Type  H <return>  for immediate help.
 ...                                              
                                                  
l.3 \BiSection{é—®é¢˜çš„èƒŒæ™¯å’Œ
                                 ç ”ç©¶ç°çŠ¶}{Background and research status}
You may provide a definition with
\DeclareUnicodeCharacter 


! LaTeX Error: Unicode character ç ” (U+7814)
               not set up for use with LaTeX.

See the LaTeX manual or LaTeX Companion for explanation.
Type  H <return>  for immediate help.
 ...                                              
                                                  
l.3 \BiSection{é—®é¢˜çš„èƒŒæ™¯å’Œç ”
                                    ç©¶ç°çŠ¶}{Background and research status}
You may provide a definition with
\DeclareUnicodeCharacter 


! LaTeX Error: Unicode character ç©¶ (U+7A76)
               not set up for use with LaTeX.

See the LaTeX manual or LaTeX Companion for explanation.
Type  H <return>  for immediate help.
 ...                                              
                                                  
l.3 \BiSection{é—®é¢˜çš„èƒŒæ™¯å’Œç ”ç©¶
                                       ç°çŠ¶}{Background and research status}
You may provide a definition with
\DeclareUnicodeCharacter 


! LaTeX Error: Unicode character ç° (U+73B0)
               not set up for use with LaTeX.

See the LaTeX manual or LaTeX Companion for explanation.
Type  H <return>  for immediate help.
 ...                                              
                                                  
l.3 \BiSection{é—®é¢˜çš„èƒŒæ™¯å’Œç ”ç©¶ç°
                                          çŠ¶}{Background and research status}
You may provide a definition with
\DeclareUnicodeCharacter 


! LaTeX Error: Unicode character çŠ¶ (U+72B6)
               not set up for use with LaTeX.

See the LaTeX manual or LaTeX Companion for explanation.
Type  H <return>  for immediate help.
 ...                                              
                                                  
l.3 \BiSection{é—®é¢˜çš„èƒŒæ™¯å’Œç ”ç©¶ç°çŠ¶
                                             }{Background and research status}
You may provide a definition with
\DeclareUnicodeCharacter 


! LaTeX Error: Missing \begin{document}.

See the LaTeX manual or LaTeX Companion for explanation.
Type  H <return>  for immediate help.
 ...                                              
                                                  
l.3 \BiSection{é—®é¢˜çš„èƒŒæ™¯å’Œç ”ç©¶ç°çŠ¶}{B
                                                ackground and research status}
You're in trouble here.  Try typing  <return>  to proceed.
If that doesn't work, type  X <return>  to quit.

Missing character: There is no B in font nullfont!
Missing character: There is no a in font nullfont!
Missing character: There is no c in font nullfont!
Missing character: There is no k in font nullfont!
Missing character: There is no g in font nullfont!
Missing character: There is no r in font nullfont!
Missing character: There is no o in font nullfont!
Missing character: There is no u in font nullfont!
Missing character: There is no n in font nullfont!
Missing character: There is no d in font nullfont!
Missing character: There is no a in font nullfont!
Missing character: There is no n in font nullfont!
Missing character: There is no d in font nullfont!
Missing character: There is no r in font nullfont!
Missing character: There is no e in font nullfont!
Missing character: There is no s in font nullfont!
Missing character: There is no e in font nullfont!
Missing character: There is no a in font nullfont!
Missing character: There is no r in font nullfont!
Missing character: There is no c in font nullfont!
Missing character: There is no h in font nullfont!
Missing character: There is no s in font nullfont!
Missing character: There is no t in font nullfont!
Missing character: There is no a in font nullfont!
Missing character: There is no t in font nullfont!
Missing character: There is no u in font nullfont!
Missing character: There is no s in font nullfont!

Overfull \hbox (20.0pt too wide) in paragraph at lines 3--4
[]
 []


! LaTeX Error: Unicode character è¿‡ (U+8FC7)
               not set up for use with LaTeX.

See the LaTeX manual or LaTeX Companion for explanation.
Type  H <return>  for immediate help.
 ...                                              
                                                  
l.5 è¿‡
       å»äºŒåå¹´ï¼Œéšæœºçƒ­åŠ›å­¦å–å¾—æ˜¾è‘—è¿›å±•ï¼Œå¹¶ä¸”é€æ¸æˆä¸º...

You may provide a definition with
\DeclareUnicodeCharacter 


! LaTeX Error: Unicode character å» (U+53BB)
               not set up for use with LaTeX.

See the LaTeX manual or LaTeX Companion for explanation.
Type  H <return>  for immediate help.
 ...                                              
                                                  
l.5 è¿‡å»
          äºŒåå¹´ï¼Œéšæœºçƒ­åŠ›å­¦å–å¾—æ˜¾è‘—è¿›å±•ï¼Œå¹¶ä¸”é€æ¸æˆä¸º...

You may provide a definition with
\DeclareUnicodeCharacter 


! LaTeX Error: Unicode character äºŒ (U+4E8C)
               not set up for use with LaTeX.

See the LaTeX manual or LaTeX Companion for explanation.
Type  H <return>  for immediate help.
 ...                                              
                                                  
l.5 è¿‡å»äºŒ
             åå¹´ï¼Œéšæœºçƒ­åŠ›å­¦å–å¾—æ˜¾è‘—è¿›å±•ï¼Œå¹¶ä¸”é€æ¸æˆä¸º...

You may provide a definition with
\DeclareUnicodeCharacter 


! LaTeX Error: Unicode character å (U+5341)
               not set up for use with LaTeX.

See the LaTeX manual or LaTeX Companion for explanation.
Type  H <return>  for immediate help.
 ...                                              
                                                  
l.5 è¿‡å»äºŒå
                å¹´ï¼Œéšæœºçƒ­åŠ›å­¦å–å¾—æ˜¾è‘—è¿›å±•ï¼Œå¹¶ä¸”é€æ¸æˆä¸º...

You may provide a definition with
\DeclareUnicodeCharacter 


! LaTeX Error: Unicode character å¹´ (U+5E74)
               not set up for use with LaTeX.

See the LaTeX manual or LaTeX Companion for explanation.
Type  H <return>  for immediate help.
 ...                                              
                                                  
l.5 è¿‡å»äºŒåå¹´
                   ï¼Œéšæœºçƒ­åŠ›å­¦å–å¾—æ˜¾è‘—è¿›å±•ï¼Œå¹¶ä¸”é€æ¸æˆä¸º...

You may provide a definition with
\DeclareUnicodeCharacter 


! LaTeX Error: Unicode character ï¼Œ (U+FF0C)
               not set up for use with LaTeX.

See the LaTeX manual or LaTeX Companion for explanation.
Type  H <return>  for immediate help.
 ...                                              
                                                  
l.5 è¿‡å»äºŒåå¹´ï¼Œ
                      éšæœºçƒ­åŠ›å­¦å–å¾—æ˜¾è‘—è¿›å±•ï¼Œå¹¶ä¸”é€æ¸æˆä¸º...

You may provide a definition with
\DeclareUnicodeCharacter 


! LaTeX Error: Unicode character éš (U+968F)
               not set up for use with LaTeX.

See the LaTeX manual or LaTeX Companion for explanation.
Type  H <return>  for immediate help.
 ...                                              
                                                  
l.5 è¿‡å»äºŒåå¹´ï¼Œéš
                         æœºçƒ­åŠ›å­¦å–å¾—æ˜¾è‘—è¿›å±•ï¼Œå¹¶ä¸”é€æ¸æˆä¸º...

You may provide a definition with
\DeclareUnicodeCharacter 


! LaTeX Error: Unicode character æœº (U+673A)
               not set up for use with LaTeX.

See the LaTeX manual or LaTeX Companion for explanation.
Type  H <return>  for immediate help.
 ...                                              
                                                  
l.5 è¿‡å»äºŒåå¹´ï¼Œéšæœº
                            çƒ­åŠ›å­¦å–å¾—æ˜¾è‘—è¿›å±•ï¼Œå¹¶ä¸”é€æ¸æˆä¸º...

You may provide a definition with
\DeclareUnicodeCharacter 


! LaTeX Error: Unicode character çƒ­ (U+70ED)
               not set up for use with LaTeX.

See the LaTeX manual or LaTeX Companion for explanation.
Type  H <return>  for immediate help.
 ...                                              
                                                  
l.5 è¿‡å»äºŒåå¹´ï¼Œéšæœºçƒ­
                               åŠ›å­¦å–å¾—æ˜¾è‘—è¿›å±•ï¼Œå¹¶ä¸”é€æ¸æˆä¸º...

You may provide a definition with
\DeclareUnicodeCharacter 


! LaTeX Error: Unicode character åŠ› (U+529B)
               not set up for use with LaTeX.

See the LaTeX manual or LaTeX Companion for explanation.
Type  H <return>  for immediate help.
 ...                                              
                                                  
l.5 è¿‡å»äºŒåå¹´ï¼Œéšæœºçƒ­åŠ›
                                  å­¦å–å¾—æ˜¾è‘—è¿›å±•ï¼Œå¹¶ä¸”é€æ¸æˆä¸º...

You may provide a definition with
\DeclareUnicodeCharacter 


! LaTeX Error: Unicode character å­¦ (U+5B66)
               not set up for use with LaTeX.

See the LaTeX manual or LaTeX Companion for explanation.
Type  H <return>  for immediate help.
 ...                                              
                                                  
l.5 è¿‡å»äºŒåå¹´ï¼Œéšæœºçƒ­åŠ›å­¦
                                     å–å¾—æ˜¾è‘—è¿›å±•ï¼Œå¹¶ä¸”é€æ¸æˆä¸º...

You may provide a definition with
\DeclareUnicodeCharacter 


! LaTeX Error: Unicode character å– (U+53D6)
               not set up for use with LaTeX.

See the LaTeX manual or LaTeX Companion for explanation.
Type  H <return>  for immediate help.
 ...                                              
                                                  
l.5 è¿‡å»äºŒåå¹´ï¼Œéšæœºçƒ­åŠ›å­¦å–
                                        å¾—æ˜¾è‘—è¿›å±•ï¼Œå¹¶ä¸”é€æ¸æˆä¸º...

You may provide a definition with
\DeclareUnicodeCharacter 


! LaTeX Error: Unicode character å¾— (U+5F97)
               not set up for use with LaTeX.

See the LaTeX manual or LaTeX Companion for explanation.
Type  H <return>  for immediate help.
 ...                                              
                                                  
l.5 è¿‡å»äºŒåå¹´ï¼Œéšæœºçƒ­åŠ›å­¦å–å¾—
                                           æ˜¾è‘—è¿›å±•ï¼Œå¹¶ä¸”é€æ¸æˆä¸º...

You may provide a definition with
\DeclareUnicodeCharacter 


! LaTeX Error: Unicode character æ˜¾ (U+663E)
               not set up for use with LaTeX.

See the LaTeX manual or LaTeX Companion for explanation.
Type  H <return>  for immediate help.
 ...                                              
                                                  
l.5 è¿‡å»äºŒåå¹´ï¼Œéšæœºçƒ­åŠ›å­¦å–å¾—æ˜¾
                                              è‘—è¿›å±•ï¼Œå¹¶ä¸”é€æ¸æˆä¸º...

You may provide a definition with
\DeclareUnicodeCharacter 


! LaTeX Error: Unicode character è‘— (U+8457)
               not set up for use with LaTeX.

See the LaTeX manual or LaTeX Companion for explanation.
Type  H <return>  for immediate help.
 ...                                              
                                                  
l.5 è¿‡å»äºŒåå¹´ï¼Œéšæœºçƒ­åŠ›å­¦å–å¾—æ˜¾è‘—
                                                 è¿›å±•ï¼Œå¹¶ä¸”é€æ¸æˆä¸º...

You may provide a definition with
\DeclareUnicodeCharacter 


! LaTeX Error: Unicode character è¿› (U+8FDB)
               not set up for use with LaTeX.

See the LaTeX manual or LaTeX Companion for explanation.
Type  H <return>  for immediate help.
 ...                                              
                                                  
l.5 ...»äºŒåå¹´ï¼Œéšæœºçƒ­åŠ›å­¦å–å¾—æ˜¾è‘—è¿›
                                                  å±•ï¼Œå¹¶ä¸”é€æ¸æˆä¸ºäº...

You may provide a definition with
\DeclareUnicodeCharacter 


! LaTeX Error: Unicode character å±• (U+5C55)
               not set up for use with LaTeX.

See the LaTeX manual or LaTeX Companion for explanation.
Type  H <return>  for immediate help.
 ...                                              
                                                  
l.5 ...Œåå¹´ï¼Œéšæœºçƒ­åŠ›å­¦å–å¾—æ˜¾è‘—è¿›å±•
                                                  ï¼Œå¹¶ä¸”é€æ¸æˆä¸ºäº†é...

You may provide a definition with
\DeclareUnicodeCharacter 


! LaTeX Error: Unicode character ï¼Œ (U+FF0C)
               not set up for use with LaTeX.

See the LaTeX manual or LaTeX Companion for explanation.
Type  H <return>  for immediate help.
 ...                                              
                                                  
l.5 ...å¹´ï¼Œéšæœºçƒ­åŠ›å­¦å–å¾—æ˜¾è‘—è¿›å±•ï¼Œ
                                                  å¹¶ä¸”é€æ¸æˆä¸ºäº†éå¹...

You may provide a definition with
\DeclareUnicodeCharacter 


! LaTeX Error: Unicode character å¹¶ (U+5E76)
               not set up for use with LaTeX.

See the LaTeX manual or LaTeX Companion for explanation.
Type  H <return>  for immediate help.
 ...                                              
                                                  
l.5 ...´ï¼Œéšæœºçƒ­åŠ›å­¦å–å¾—æ˜¾è‘—è¿›å±•ï¼Œå¹¶
                                                  ä¸”é€æ¸æˆä¸ºäº†éå¹³è¡...

You may provide a definition with
\DeclareUnicodeCharacter 


! LaTeX Error: Unicode character ä¸” (U+4E14)
               not set up for use with LaTeX.

See the LaTeX manual or LaTeX Companion for explanation.
Type  H <return>  for immediate help.
 ...                                              
                                                  
l.5 ...Œéšæœºçƒ­åŠ›å­¦å–å¾—æ˜¾è‘—è¿›å±•ï¼Œå¹¶ä¸”
                                                  é€æ¸æˆä¸ºäº†éå¹³è¡¡æ€...

You may provide a definition with
\DeclareUnicodeCharacter 


! LaTeX Error: Unicode character é€ (U+9010)
               not set up for use with LaTeX.

See the LaTeX manual or LaTeX Companion for explanation.
Type  H <return>  for immediate help.
 ...                                              
                                                  
l.5 ...æœºçƒ­åŠ›å­¦å–å¾—æ˜¾è‘—è¿›å±•ï¼Œå¹¶ä¸”é€
                                                  æ¸æˆä¸ºäº†éå¹³è¡¡æ€ç»...

You may provide a definition with
\DeclareUnicodeCharacter 


! LaTeX Error: Unicode character æ¸ (U+6E10)
               not set up for use with LaTeX.

See the LaTeX manual or LaTeX Companion for explanation.
Type  H <return>  for immediate help.
 ...                                              
                                                  
l.5 ...ºçƒ­åŠ›å­¦å–å¾—æ˜¾è‘—è¿›å±•ï¼Œå¹¶ä¸”é€æ¸
                                                  æˆä¸ºäº†éå¹³è¡¡æ€ç»Ÿè®...

You may provide a definition with
\DeclareUnicodeCharacter 


! LaTeX Error: Unicode character æˆ (U+6210)
               not set up for use with LaTeX.

See the LaTeX manual or LaTeX Companion for explanation.
Type  H <return>  for immediate help.
 ...                                              
                                                  
l.5 ...­åŠ›å­¦å–å¾—æ˜¾è‘—è¿›å±•ï¼Œå¹¶ä¸”é€æ¸æˆ
                                                  ä¸ºäº†éå¹³è¡¡æ€ç»Ÿè®¡ç‰...

You may provide a definition with
\DeclareUnicodeCharacter 


! LaTeX Error: Unicode character ä¸º (U+4E3A)
               not set up for use with LaTeX.

See the LaTeX manual or LaTeX Companion for explanation.
Type  H <return>  for immediate help.
 ...                                              
                                                  
l.5 ...›å­¦å–å¾—æ˜¾è‘—è¿›å±•ï¼Œå¹¶ä¸”é€æ¸æˆä¸º
                                                  äº†éå¹³è¡¡æ€ç»Ÿè®¡ç‰©ç...

You may provide a definition with
\DeclareUnicodeCharacter 


! LaTeX Error: Unicode character äº† (U+4E86)
               not set up for use with LaTeX.

See the LaTeX manual or LaTeX Companion for explanation.
Type  H <return>  for immediate help.
 ...                                              
                                                  
l.5 ...¦å–å¾—æ˜¾è‘—è¿›å±•ï¼Œå¹¶ä¸”é€æ¸æˆä¸ºäº†
                                                  éå¹³è¡¡æ€ç»Ÿè®¡ç‰©ç†çš...

You may provide a definition with
\DeclareUnicodeCharacter 


! LaTeX Error: Unicode character é (U+975E)
               not set up for use with LaTeX.

See the LaTeX manual or LaTeX Companion for explanation.
Type  H <return>  for immediate help.
 ...                                              
                                                  
l.5 ...–å¾—æ˜¾è‘—è¿›å±•ï¼Œå¹¶ä¸”é€æ¸æˆä¸ºäº†é
                                                  å¹³è¡¡æ€ç»Ÿè®¡ç‰©ç†çš„é‡...

You may provide a definition with
\DeclareUnicodeCharacter 


! LaTeX Error: Unicode character å¹³ (U+5E73)
               not set up for use with LaTeX.

See the LaTeX manual or LaTeX Companion for explanation.
Type  H <return>  for immediate help.
 ...                                              
                                                  
l.5 ...—æ˜¾è‘—è¿›å±•ï¼Œå¹¶ä¸”é€æ¸æˆä¸ºäº†éå¹³
                                                  è¡¡æ€ç»Ÿè®¡ç‰©ç†çš„é‡è¦...

You may provide a definition with
\DeclareUnicodeCharacter 


! LaTeX Error: Unicode character è¡¡ (U+8861)
               not set up for use with LaTeX.

See the LaTeX manual or LaTeX Companion for explanation.
Type  H <return>  for immediate help.
 ...                                              
                                                  
l.5 ...¾è‘—è¿›å±•ï¼Œå¹¶ä¸”é€æ¸æˆä¸ºäº†éå¹³è¡¡
                                                  æ€ç»Ÿè®¡ç‰©ç†çš„é‡è¦åˆ...

You may provide a definition with
\DeclareUnicodeCharacter 


! LaTeX Error: Unicode character æ€ (U+6001)
               not set up for use with LaTeX.

See the LaTeX manual or LaTeX Companion for explanation.
Type  H <return>  for immediate help.
 ...                                              
                                                  
l.5 ...—è¿›å±•ï¼Œå¹¶ä¸”é€æ¸æˆä¸ºäº†éå¹³è¡¡æ€
                                                  ç»Ÿè®¡ç‰©ç†çš„é‡è¦åˆ†æ”...

You may provide a definition with
\DeclareUnicodeCharacter 


! LaTeX Error: Unicode character ç»Ÿ (U+7EDF)
               not set up for use with LaTeX.

See the LaTeX manual or LaTeX Companion for explanation.
Type  H <return>  for immediate help.
 ...                                              
                                                  
l.5 ...›å±•ï¼Œå¹¶ä¸”é€æ¸æˆä¸ºäº†éå¹³è¡¡æ€ç»Ÿ
                                                  è®¡ç‰©ç†çš„é‡è¦åˆ†æ”¯ \...

You may provide a definition with
\DeclareUnicodeCharacter 


! LaTeX Error: Unicode character è®¡ (U+8BA1)
               not set up for use with LaTeX.

See the LaTeX manual or LaTeX Companion for explanation.
Type  H <return>  for immediate help.
 ...                                              
                                                  
l.5 ...•ï¼Œå¹¶ä¸”é€æ¸æˆä¸ºäº†éå¹³è¡¡æ€ç»Ÿè®¡
                                                  ç‰©ç†çš„é‡è¦åˆ†æ”¯ \cit...

You may provide a definition with
\DeclareUnicodeCharacter 


! LaTeX Error: Unicode character ç‰© (U+7269)
               not set up for use with LaTeX.

See the LaTeX manual or LaTeX Companion for explanation.
Type  H <return>  for immediate help.
 ...                                              
                                                  
l.5 ...Œå¹¶ä¸”é€æ¸æˆä¸ºäº†éå¹³è¡¡æ€ç»Ÿè®¡ç‰©
                                                  ç†çš„é‡è¦åˆ†æ”¯ \cite{a...

You may provide a definition with
\DeclareUnicodeCharacter 


! LaTeX Error: Unicode character ç† (U+7406)
               not set up for use with LaTeX.

See the LaTeX manual or LaTeX Companion for explanation.
Type  H <return>  for immediate help.
 ...                                              
                                                  
l.5 ...¶ä¸”é€æ¸æˆä¸ºäº†éå¹³è¡¡æ€ç»Ÿè®¡ç‰©ç†
                                                  çš„é‡è¦åˆ†æ”¯ \cite{annu...

You may provide a definition with
\DeclareUnicodeCharacter 


! LaTeX Error: Unicode character çš„ (U+7684)
               not set up for use with LaTeX.

See the LaTeX manual or LaTeX Companion for explanation.
Type  H <return>  for immediate help.
 ...                                              
                                                  
l.5 ...”é€æ¸æˆä¸ºäº†éå¹³è¡¡æ€ç»Ÿè®¡ç‰©ç†çš„
                                                  é‡è¦åˆ†æ”¯ \cite{annurev...

You may provide a definition with
\DeclareUnicodeCharacter 


! LaTeX Error: Unicode character é‡ (U+91CD)
               not set up for use with LaTeX.

See the LaTeX manual or LaTeX Companion for explanation.
Type  H <return>  for immediate help.
 ...                                              
                                                  
l.5 ...æ¸æˆä¸ºäº†éå¹³è¡¡æ€ç»Ÿè®¡ç‰©ç†çš„é‡
                                                  è¦åˆ†æ”¯ \cite{annurev-co...

You may provide a definition with
\DeclareUnicodeCharacter 


! LaTeX Error: Unicode character è¦ (U+8981)
               not set up for use with LaTeX.

See the LaTeX manual or LaTeX Companion for explanation.
Type  H <return>  for immediate help.
 ...                                              
                                                  
l.5 ...æˆä¸ºäº†éå¹³è¡¡æ€ç»Ÿè®¡ç‰©ç†çš„é‡è¦
                                                  åˆ†æ”¯ \cite{annurev-conma...

You may provide a definition with
\DeclareUnicodeCharacter 


! LaTeX Error: Unicode character åˆ† (U+5206)
               not set up for use with LaTeX.

See the LaTeX manual or LaTeX Companion for explanation.
Type  H <return>  for immediate help.
 ...                                              
                                                  
l.5 ...ä¸ºäº†éå¹³è¡¡æ€ç»Ÿè®¡ç‰©ç†çš„é‡è¦åˆ†
                                                  æ”¯ \cite{annurev-conmatph...

You may provide a definition with
\DeclareUnicodeCharacter 


! LaTeX Error: Unicode character æ”¯ (U+652F)
               not set up for use with LaTeX.

See the LaTeX manual or LaTeX Companion for explanation.
Type  H <return>  for immediate help.
 ...                                              
                                                  
l.5 ...ºäº†éå¹³è¡¡æ€ç»Ÿè®¡ç‰©ç†çš„é‡è¦åˆ†æ”¯
                                                   \cite{annurev-conmatphys,...

You may provide a definition with
\DeclareUnicodeCharacter 


! LaTeX Error: Missing \begin{document}.

See the LaTeX manual or LaTeX Companion for explanation.
Type  H <return>  for immediate help.
 ...                                              
                                                  
l.5 ...-conmatphys,Seifert_2012,VANDENBROECK20156}
                                                   ã€‚è¯¥é¢†åŸŸä¸­ï¼Œçƒ­åŠ›å...

You're in trouble here.  Try typing  <return>  to proceed.
If that doesn't work, type  X <return>  to quit.

Missing character: There is no [ in font nullfont!
\citation{annurev-conmatphys}
! Undefined control sequence.
<write> ...: Citation `\@citeb ' on page \thepage 
                                                  \space undefined\on@line .
l.5 ...-conmatphys,Seifert_2012,VANDENBROECK20156}
                                                   ã€‚è¯¥é¢†åŸŸä¸­ï¼Œçƒ­åŠ›å...
The control sequence at the end of the top line
of your error message was never \def'ed. If you have
misspelled it (e.g., `\hobx'), type `I' and the correct
spelling (e.g., `I\hbox'). Otherwise just continue,
and I'll forget about whatever was undefined.


LaTeX Warning: Citation `annurev-conmatphys' on page  undefined on input line 5
.

Missing character: There is no , in font nullfont!
\citation{Seifert_2012}
! Undefined control sequence.
<write> ...: Citation `\@citeb ' on page \thepage 
                                                  \space undefined\on@line .
l.5 ...-conmatphys,Seifert_2012,VANDENBROECK20156}
                                                   ã€‚è¯¥é¢†åŸŸä¸­ï¼Œçƒ­åŠ›å...
The control sequence at the end of the top line
of your error message was never \def'ed. If you have
misspelled it (e.g., `\hobx'), type `I' and the correct
spelling (e.g., `I\hbox'). Otherwise just continue,
and I'll forget about whatever was undefined.


LaTeX Warning: Citation `Seifert_2012' on page  undefined on input line 5.

Missing character: There is no , in font nullfont!
\citation{VANDENBROECK20156}
! Undefined control sequence.
<write> ...: Citation `\@citeb ' on page \thepage 
                                                  \space undefined\on@line .
l.5 ...-conmatphys,Seifert_2012,VANDENBROECK20156}
                                                   ã€‚è¯¥é¢†åŸŸä¸­ï¼Œçƒ­åŠ›å...
The control sequence at the end of the top line
of your error message was never \def'ed. If you have
misspelled it (e.g., `\hobx'), type `I' and the correct
spelling (e.g., `I\hbox'). Otherwise just continue,
and I'll forget about whatever was undefined.


LaTeX Warning: Citation `VANDENBROECK20156' on page  undefined on input line 5.


Missing character: There is no ] in font nullfont!

! LaTeX Error: Unicode character ã€‚ (U+3002)
               not set up for use with LaTeX.

See the LaTeX manual or LaTeX Companion for explanation.
Type  H <return>  for immediate help.
 ...                                              
                                                  
l.5 ...matphys,Seifert_2012,VANDENBROECK20156} ã€‚
                                                  è¯¥é¢†åŸŸä¸­ï¼Œçƒ­åŠ›å­¦ç³...

You may provide a definition with
\DeclareUnicodeCharacter 


! LaTeX Error: Unicode character è¯¥ (U+8BE5)
               not set up for use with LaTeX.

See the LaTeX manual or LaTeX Companion for explanation.
Type  H <return>  for immediate help.
 ...                                              
                                                  
l.5 ...phys,Seifert_2012,VANDENBROECK20156} ã€‚è¯¥
                                                  é¢†åŸŸä¸­ï¼Œçƒ­åŠ›å­¦ç³»ç»...

You may provide a definition with
\DeclareUnicodeCharacter 


! LaTeX Error: Unicode character é¢† (U+9886)
               not set up for use with LaTeX.

See the LaTeX manual or LaTeX Companion for explanation.
Type  H <return>  for immediate help.
 ...                                              
                                                  
l.5 ...s,Seifert_2012,VANDENBROECK20156} ã€‚è¯¥é¢†
                                                  åŸŸä¸­ï¼Œçƒ­åŠ›å­¦ç³»ç»Ÿé€...

You may provide a definition with
\DeclareUnicodeCharacter 


! LaTeX Error: Unicode character åŸŸ (U+57DF)
               not set up for use with LaTeX.

See the LaTeX manual or LaTeX Companion for explanation.
Type  H <return>  for immediate help.
 ...                                              
                                                  
l.5 ...eifert_2012,VANDENBROECK20156} ã€‚è¯¥é¢†åŸŸ
                                                  ä¸­ï¼Œçƒ­åŠ›å­¦ç³»ç»Ÿé€šå¸...

You may provide a definition with
\DeclareUnicodeCharacter 


! LaTeX Error: Unicode character ä¸­ (U+4E2D)
               not set up for use with LaTeX.

See the LaTeX manual or LaTeX Companion for explanation.
Type  H <return>  for immediate help.
 ...                                              
                                                  
l.5 ...ert_2012,VANDENBROECK20156} ã€‚è¯¥é¢†åŸŸä¸­
                                                  ï¼Œçƒ­åŠ›å­¦ç³»ç»Ÿé€šå¸¸è¢...

You may provide a definition with
\DeclareUnicodeCharacter 


! LaTeX Error: Unicode character ï¼Œ (U+FF0C)
               not set up for use with LaTeX.

See the LaTeX manual or LaTeX Companion for explanation.
Type  H <return>  for immediate help.
 ...                                              
                                                  
l.5 ..._2012,VANDENBROECK20156} ã€‚è¯¥é¢†åŸŸä¸­ï¼Œ
                                                  çƒ­åŠ›å­¦ç³»ç»Ÿé€šå¸¸è¢«å»...

You may provide a definition with
\DeclareUnicodeCharacter 


! LaTeX Error: Unicode character çƒ­ (U+70ED)
               not set up for use with LaTeX.

See the LaTeX manual or LaTeX Companion for explanation.
Type  H <return>  for immediate help.
 ...                                              
                                                  
l.5 ...12,VANDENBROECK20156} ã€‚è¯¥é¢†åŸŸä¸­ï¼Œçƒ­
                                                  åŠ›å­¦ç³»ç»Ÿé€šå¸¸è¢«å»ºæ¨...

You may provide a definition with
\DeclareUnicodeCharacter 


! LaTeX Error: Unicode character åŠ› (U+529B)
               not set up for use with LaTeX.

See the LaTeX manual or LaTeX Companion for explanation.
Type  H <return>  for immediate help.
 ...                                              
                                                  
l.5 ...VANDENBROECK20156} ã€‚è¯¥é¢†åŸŸä¸­ï¼Œçƒ­åŠ›
                                                  å­¦ç³»ç»Ÿé€šå¸¸è¢«å»ºæ¨¡ä¸...

You may provide a definition with
\DeclareUnicodeCharacter 


! LaTeX Error: Unicode character å­¦ (U+5B66)
               not set up for use with LaTeX.

See the LaTeX manual or LaTeX Companion for explanation.
Type  H <return>  for immediate help.
 ...                                              
                                                  
l.5 ...DENBROECK20156} ã€‚è¯¥é¢†åŸŸä¸­ï¼Œçƒ­åŠ›å­¦
                                                  ç³»ç»Ÿé€šå¸¸è¢«å»ºæ¨¡ä¸ºé©...

You may provide a definition with
\DeclareUnicodeCharacter 


! LaTeX Error: Unicode character ç³» (U+7CFB)
               not set up for use with LaTeX.

See the LaTeX manual or LaTeX Companion for explanation.
Type  H <return>  for immediate help.
 ...                                              
                                                  
l.5 ...BROECK20156} ã€‚è¯¥é¢†åŸŸä¸­ï¼Œçƒ­åŠ›å­¦ç³»
                                                  ç»Ÿé€šå¸¸è¢«å»ºæ¨¡ä¸ºé©¬æ°...

You may provide a definition with
\DeclareUnicodeCharacter 


! LaTeX Error: Unicode character ç»Ÿ (U+7EDF)
               not set up for use with LaTeX.

See the LaTeX manual or LaTeX Companion for explanation.
Type  H <return>  for immediate help.
 ...                                              
                                                  
l.5 ...ECK20156} ã€‚è¯¥é¢†åŸŸä¸­ï¼Œçƒ­åŠ›å­¦ç³»ç»Ÿ
                                                  é€šå¸¸è¢«å»ºæ¨¡ä¸ºé©¬æ°è¿...

You may provide a definition with
\DeclareUnicodeCharacter 


! LaTeX Error: Unicode character é€š (U+901A)
               not set up for use with LaTeX.

See the LaTeX manual or LaTeX Companion for explanation.
Type  H <return>  for immediate help.
 ...                                              
                                                  
l.5 ...20156} ã€‚è¯¥é¢†åŸŸä¸­ï¼Œçƒ­åŠ›å­¦ç³»ç»Ÿé€š
                                                  å¸¸è¢«å»ºæ¨¡ä¸ºé©¬æ°è¿‡ç¨...

You may provide a definition with
\DeclareUnicodeCharacter 


! LaTeX Error: Unicode character å¸¸ (U+5E38)
               not set up for use with LaTeX.

See the LaTeX manual or LaTeX Companion for explanation.
Type  H <return>  for immediate help.
 ...                                              
                                                  
l.5 ...56} ã€‚è¯¥é¢†åŸŸä¸­ï¼Œçƒ­åŠ›å­¦ç³»ç»Ÿé€šå¸¸
                                                  è¢«å»ºæ¨¡ä¸ºé©¬æ°è¿‡ç¨‹ã€...

You may provide a definition with
\DeclareUnicodeCharacter 


! LaTeX Error: Unicode character è¢« (U+88AB)
               not set up for use with LaTeX.

See the LaTeX manual or LaTeX Companion for explanation.
Type  H <return>  for immediate help.
 ...                                              
                                                  
l.5 ... ã€‚è¯¥é¢†åŸŸä¸­ï¼Œçƒ­åŠ›å­¦ç³»ç»Ÿé€šå¸¸è¢«
                                                  å»ºæ¨¡ä¸ºé©¬æ°è¿‡ç¨‹ã€‚é©...

You may provide a definition with
\DeclareUnicodeCharacter 


! LaTeX Error: Unicode character å»º (U+5EFA)
               not set up for use with LaTeX.

See the LaTeX manual or LaTeX Companion for explanation.
Type  H <return>  for immediate help.
 ...                                              
                                                  
l.5 ...‚è¯¥é¢†åŸŸä¸­ï¼Œçƒ­åŠ›å­¦ç³»ç»Ÿé€šå¸¸è¢«å»º
                                                  æ¨¡ä¸ºé©¬æ°è¿‡ç¨‹ã€‚é©¬å°...

You may provide a definition with
\DeclareUnicodeCharacter 


! LaTeX Error: Unicode character æ¨¡ (U+6A21)
               not set up for use with LaTeX.

See the LaTeX manual or LaTeX Companion for explanation.
Type  H <return>  for immediate help.
 ...                                              
                                                  
l.5 ...¥é¢†åŸŸä¸­ï¼Œçƒ­åŠ›å­¦ç³»ç»Ÿé€šå¸¸è¢«å»ºæ¨¡
                                                  ä¸ºé©¬æ°è¿‡ç¨‹ã€‚é©¬å°”ç§...

You may provide a definition with
\DeclareUnicodeCharacter 


! LaTeX Error: Unicode character ä¸º (U+4E3A)
               not set up for use with LaTeX.

See the LaTeX manual or LaTeX Companion for explanation.
Type  H <return>  for immediate help.
 ...                                              
                                                  
l.5 ...†åŸŸä¸­ï¼Œçƒ­åŠ›å­¦ç³»ç»Ÿé€šå¸¸è¢«å»ºæ¨¡ä¸º
                                                  é©¬æ°è¿‡ç¨‹ã€‚é©¬å°”ç§‘å¤...

You may provide a definition with
\DeclareUnicodeCharacter 


! LaTeX Error: Unicode character é©¬ (U+9A6C)
               not set up for use with LaTeX.

See the LaTeX manual or LaTeX Companion for explanation.
Type  H <return>  for immediate help.
 ...                                              
                                                  
l.5 ...Ÿä¸­ï¼Œçƒ­åŠ›å­¦ç³»ç»Ÿé€šå¸¸è¢«å»ºæ¨¡ä¸ºé©¬
                                                  æ°è¿‡ç¨‹ã€‚é©¬å°”ç§‘å¤«é“...

You may provide a definition with
\DeclareUnicodeCharacter 


! LaTeX Error: Unicode character æ° (U+6C0F)
               not set up for use with LaTeX.

See the LaTeX manual or LaTeX Companion for explanation.
Type  H <return>  for immediate help.
 ...                                              
                                                  
l.5 ...­ï¼Œçƒ­åŠ›å­¦ç³»ç»Ÿé€šå¸¸è¢«å»ºæ¨¡ä¸ºé©¬æ°
                                                  è¿‡ç¨‹ã€‚é©¬å°”ç§‘å¤«é“¾çš...

You may provide a definition with
\DeclareUnicodeCharacter 


! LaTeX Error: Unicode character è¿‡ (U+8FC7)
               not set up for use with LaTeX.

See the LaTeX manual or LaTeX Companion for explanation.
Type  H <return>  for immediate help.
 ...                                              
                                                  
l.5 ...Œçƒ­åŠ›å­¦ç³»ç»Ÿé€šå¸¸è¢«å»ºæ¨¡ä¸ºé©¬æ°è¿‡
                                                  ç¨‹ã€‚é©¬å°”ç§‘å¤«é“¾çš„çŠ...

You may provide a definition with
\DeclareUnicodeCharacter 


! LaTeX Error: Unicode character ç¨‹ (U+7A0B)
               not set up for use with LaTeX.

See the LaTeX manual or LaTeX Companion for explanation.
Type  H <return>  for immediate help.
 ...                                              
                                                  
l.5 ...­åŠ›å­¦ç³»ç»Ÿé€šå¸¸è¢«å»ºæ¨¡ä¸ºé©¬æ°è¿‡ç¨‹
                                                  ã€‚é©¬å°”ç§‘å¤«é“¾çš„çŠ¶æ€...

You may provide a definition with
\DeclareUnicodeCharacter 


! LaTeX Error: Unicode character ã€‚ (U+3002)
               not set up for use with LaTeX.

See the LaTeX manual or LaTeX Companion for explanation.
Type  H <return>  for immediate help.
 ...                                              
                                                  
l.5 ...›å­¦ç³»ç»Ÿé€šå¸¸è¢«å»ºæ¨¡ä¸ºé©¬æ°è¿‡ç¨‹ã€‚
                                                  é©¬å°”ç§‘å¤«é“¾çš„çŠ¶æ€ç©...

You may provide a definition with
\DeclareUnicodeCharacter 


! LaTeX Error: Unicode character é©¬ (U+9A6C)
               not set up for use with LaTeX.

See the LaTeX manual or LaTeX Companion for explanation.
Type  H <return>  for immediate help.
 ...                                              
                                                  
l.5 ...¦ç³»ç»Ÿé€šå¸¸è¢«å»ºæ¨¡ä¸ºé©¬æ°è¿‡ç¨‹ã€‚é©¬
                                                  å°”ç§‘å¤«é“¾çš„çŠ¶æ€ç©ºé—...

You may provide a definition with
\DeclareUnicodeCharacter 


! LaTeX Error: Unicode character å°” (U+5C14)
               not set up for use with LaTeX.

See the LaTeX manual or LaTeX Companion for explanation.
Type  H <return>  for immediate help.
 ...                                              
                                                  
l.5 ...»ç»Ÿé€šå¸¸è¢«å»ºæ¨¡ä¸ºé©¬æ°è¿‡ç¨‹ã€‚é©¬å°”
                                                  ç§‘å¤«é“¾çš„çŠ¶æ€ç©ºé—´æ˜...

You may provide a definition with
\DeclareUnicodeCharacter 


! LaTeX Error: Unicode character ç§‘ (U+79D1)
               not set up for use with LaTeX.

See the LaTeX manual or LaTeX Companion for explanation.
Type  H <return>  for immediate help.
 ...                                              
                                                  
l.5 ...Ÿé€šå¸¸è¢«å»ºæ¨¡ä¸ºé©¬æ°è¿‡ç¨‹ã€‚é©¬å°”ç§‘
                                                  å¤«é“¾çš„çŠ¶æ€ç©ºé—´æ˜¯ç¦...

You may provide a definition with
\DeclareUnicodeCharacter 


! LaTeX Error: Unicode character å¤« (U+592B)
               not set up for use with LaTeX.

See the LaTeX manual or LaTeX Companion for explanation.
Type  H <return>  for immediate help.
 ...                                              
                                                  
l.5 ...šå¸¸è¢«å»ºæ¨¡ä¸ºé©¬æ°è¿‡ç¨‹ã€‚é©¬å°”ç§‘å¤«
                                                  é“¾çš„çŠ¶æ€ç©ºé—´æ˜¯ç¦»æ•...

You may provide a definition with
\DeclareUnicodeCharacter 


! LaTeX Error: Unicode character é“¾ (U+94FE)
               not set up for use with LaTeX.

See the LaTeX manual or LaTeX Companion for explanation.
Type  H <return>  for immediate help.
 ...                                              
                                                  
l.5 ...¸è¢«å»ºæ¨¡ä¸ºé©¬æ°è¿‡ç¨‹ã€‚é©¬å°”ç§‘å¤«é“¾
                                                  çš„çŠ¶æ€ç©ºé—´æ˜¯ç¦»æ•£çš...

You may provide a definition with
\DeclareUnicodeCharacter 


! LaTeX Error: Unicode character çš„ (U+7684)
               not set up for use with LaTeX.

See the LaTeX manual or LaTeX Companion for explanation.
Type  H <return>  for immediate help.
 ...                                              
                                                  
l.5 ...«å»ºæ¨¡ä¸ºé©¬æ°è¿‡ç¨‹ã€‚é©¬å°”ç§‘å¤«é“¾çš„
                                                  çŠ¶æ€ç©ºé—´æ˜¯ç¦»æ•£çš„ï¼...

You may provide a definition with
\DeclareUnicodeCharacter 


! LaTeX Error: Unicode character çŠ¶ (U+72B6)
               not set up for use with LaTeX.

See the LaTeX manual or LaTeX Companion for explanation.
Type  H <return>  for immediate help.
 ...                                              
                                                  
l.5 ...ºæ¨¡ä¸ºé©¬æ°è¿‡ç¨‹ã€‚é©¬å°”ç§‘å¤«é“¾çš„çŠ¶
                                                  æ€ç©ºé—´æ˜¯ç¦»æ•£çš„ï¼Œå¹...

You may provide a definition with
\DeclareUnicodeCharacter 


! LaTeX Error: Unicode character æ€ (U+6001)
               not set up for use with LaTeX.

See the LaTeX manual or LaTeX Companion for explanation.
Type  H <return>  for immediate help.
 ...                                              
                                                  
l.5 ...¡ä¸ºé©¬æ°è¿‡ç¨‹ã€‚é©¬å°”ç§‘å¤«é“¾çš„çŠ¶æ€
                                                  ç©ºé—´æ˜¯ç¦»æ•£çš„ï¼Œå¹¶ä¸...

You may provide a definition with
\DeclareUnicodeCharacter 


! LaTeX Error: Unicode character ç©º (U+7A7A)
               not set up for use with LaTeX.

See the LaTeX manual or LaTeX Companion for explanation.
Type  H <return>  for immediate help.
 ...                                              
                                                  
l.5 ...ºé©¬æ°è¿‡ç¨‹ã€‚é©¬å°”ç§‘å¤«é“¾çš„çŠ¶æ€ç©º
                                                  é—´æ˜¯ç¦»æ•£çš„ï¼Œå¹¶ä¸”å›...

You may provide a definition with
\DeclareUnicodeCharacter 


! LaTeX Error: Unicode character é—´ (U+95F4)
               not set up for use with LaTeX.

See the LaTeX manual or LaTeX Companion for explanation.
Type  H <return>  for immediate help.
 ...                                              
                                                  
l.5 ...¬æ°è¿‡ç¨‹ã€‚é©¬å°”ç§‘å¤«é“¾çš„çŠ¶æ€ç©ºé—´
                                                  æ˜¯ç¦»æ•£çš„ï¼Œå¹¶ä¸”å› ä¸...

You may provide a definition with
\DeclareUnicodeCharacter 


! LaTeX Error: Unicode character æ˜¯ (U+662F)
               not set up for use with LaTeX.

See the LaTeX manual or LaTeX Companion for explanation.
Type  H <return>  for immediate help.
 ...                                              
                                                  
l.5 ...è¿‡ç¨‹ã€‚é©¬å°”ç§‘å¤«é“¾çš„çŠ¶æ€ç©ºé—´æ˜¯
                                                  ç¦»æ•£çš„ï¼Œå¹¶ä¸”å› ä¸ºä»...

You may provide a definition with
\DeclareUnicodeCharacter 


! LaTeX Error: Unicode character ç¦» (U+79BB)
               not set up for use with LaTeX.

See the LaTeX manual or LaTeX Companion for explanation.
Type  H <return>  for immediate help.
 ...                                              
                                                  
l.5 ...‡ç¨‹ã€‚é©¬å°”ç§‘å¤«é“¾çš„çŠ¶æ€ç©ºé—´æ˜¯ç¦»
                                                  æ•£çš„ï¼Œå¹¶ä¸”å› ä¸ºä»»ä½...

You may provide a definition with
\DeclareUnicodeCharacter 


! LaTeX Error: Unicode character æ•£ (U+6563)
               not set up for use with LaTeX.

See the LaTeX manual or LaTeX Companion for explanation.
Type  H <return>  for immediate help.
 ...                                              
                                                  
l.5 ...‹ã€‚é©¬å°”ç§‘å¤«é“¾çš„çŠ¶æ€ç©ºé—´æ˜¯ç¦»æ•£
                                                  çš„ï¼Œå¹¶ä¸”å› ä¸ºä»»ä½•é©...

You may provide a definition with
\DeclareUnicodeCharacter 


! LaTeX Error: Unicode character çš„ (U+7684)
               not set up for use with LaTeX.

See the LaTeX manual or LaTeX Companion for explanation.
Type  H <return>  for immediate help.
 ...                                              
                                                  
l.5 ...‚é©¬å°”ç§‘å¤«é“¾çš„çŠ¶æ€ç©ºé—´æ˜¯ç¦»æ•£çš„
                                                  ï¼Œå¹¶ä¸”å› ä¸ºä»»ä½•é©¬å°...

You may provide a definition with
\DeclareUnicodeCharacter 


! LaTeX Error: Unicode character ï¼Œ (U+FF0C)
               not set up for use with LaTeX.

See the LaTeX manual or LaTeX Companion for explanation.
Type  H <return>  for immediate help.
 ...                                              
                                                  
l.5 ...¬å°”ç§‘å¤«é“¾çš„çŠ¶æ€ç©ºé—´æ˜¯ç¦»æ•£çš„ï¼Œ
                                                  å¹¶ä¸”å› ä¸ºä»»ä½•é©¬å°”ç§...

You may provide a definition with
\DeclareUnicodeCharacter 


! LaTeX Error: Unicode character å¹¶ (U+5E76)
               not set up for use with LaTeX.

See the LaTeX manual or LaTeX Companion for explanation.
Type  H <return>  for immediate help.
 ...                                              
                                                  
l.5 ...”ç§‘å¤«é“¾çš„çŠ¶æ€ç©ºé—´æ˜¯ç¦»æ•£çš„ï¼Œå¹¶
                                                  ä¸”å› ä¸ºä»»ä½•é©¬å°”ç§‘å¤...

You may provide a definition with
\DeclareUnicodeCharacter 


! LaTeX Error: Unicode character ä¸” (U+4E14)
               not set up for use with LaTeX.

See the LaTeX manual or LaTeX Companion for explanation.
Type  H <return>  for immediate help.
 ...                                              
                                                  
l.5 ...‘å¤«é“¾çš„çŠ¶æ€ç©ºé—´æ˜¯ç¦»æ•£çš„ï¼Œå¹¶ä¸”
                                                  å› ä¸ºä»»ä½•é©¬å°”ç§‘å¤«è¿...

You may provide a definition with
\DeclareUnicodeCharacter 


! LaTeX Error: Unicode character å›  (U+56E0)
               not set up for use with LaTeX.

See the LaTeX manual or LaTeX Companion for explanation.
Type  H <return>  for immediate help.
 ...                                              
                                                  
l.5 ...«é“¾çš„çŠ¶æ€ç©ºé—´æ˜¯ç¦»æ•£çš„ï¼Œå¹¶ä¸”å› 
                                                  ä¸ºä»»ä½•é©¬å°”ç§‘å¤«è¿‡ç¨...

You may provide a definition with
\DeclareUnicodeCharacter 


! LaTeX Error: Unicode character ä¸º (U+4E3A)
               not set up for use with LaTeX.

See the LaTeX manual or LaTeX Companion for explanation.
Type  H <return>  for immediate help.
 ...                                              
                                                  
l.5 ...¾çš„çŠ¶æ€ç©ºé—´æ˜¯ç¦»æ•£çš„ï¼Œå¹¶ä¸”å› ä¸º
                                                  ä»»ä½•é©¬å°”ç§‘å¤«è¿‡ç¨‹æ€...

You may provide a definition with
\DeclareUnicodeCharacter 


! LaTeX Error: Unicode character ä»» (U+4EFB)
               not set up for use with LaTeX.

See the LaTeX manual or LaTeX Companion for explanation.
Type  H <return>  for immediate help.
 ...                                              
                                                  
l.5 ...„çŠ¶æ€ç©ºé—´æ˜¯ç¦»æ•£çš„ï¼Œå¹¶ä¸”å› ä¸ºä»»
                                                  ä½•é©¬å°”ç§‘å¤«è¿‡ç¨‹æ€»æ˜...

You may provide a definition with
\DeclareUnicodeCharacter 


! LaTeX Error: Unicode character ä½• (U+4F55)
               not set up for use with LaTeX.

See the LaTeX manual or LaTeX Companion for explanation.
Type  H <return>  for immediate help.
 ...                                              
                                                  
l.5 ...¶æ€ç©ºé—´æ˜¯ç¦»æ•£çš„ï¼Œå¹¶ä¸”å› ä¸ºä»»ä½•
                                                  é©¬å°”ç§‘å¤«è¿‡ç¨‹æ€»æ˜¯å...

You may provide a definition with
\DeclareUnicodeCharacter 


! LaTeX Error: Unicode character é©¬ (U+9A6C)
               not set up for use with LaTeX.

See the LaTeX manual or LaTeX Companion for explanation.
Type  H <return>  for immediate help.
 ...                                              
                                                  
l.5 ...ç©ºé—´æ˜¯ç¦»æ•£çš„ï¼Œå¹¶ä¸”å› ä¸ºä»»ä½•é©¬
                                                  å°”ç§‘å¤«è¿‡ç¨‹æ€»æ˜¯å¯ä»...

You may provide a definition with
\DeclareUnicodeCharacter 


! LaTeX Error: Unicode character å°” (U+5C14)
               not set up for use with LaTeX.

See the LaTeX manual or LaTeX Companion for explanation.
Type  H <return>  for immediate help.
 ...                                              
                                                  
l.5 ...ºé—´æ˜¯ç¦»æ•£çš„ï¼Œå¹¶ä¸”å› ä¸ºä»»ä½•é©¬å°”
                                                  ç§‘å¤«è¿‡ç¨‹æ€»æ˜¯å¯ä»¥è¢...

You may provide a definition with
\DeclareUnicodeCharacter 


! LaTeX Error: Unicode character ç§‘ (U+79D1)
               not set up for use with LaTeX.

See the LaTeX manual or LaTeX Companion for explanation.
Type  H <return>  for immediate help.
 ...                                              
                                                  
l.5 ...´æ˜¯ç¦»æ•£çš„ï¼Œå¹¶ä¸”å› ä¸ºä»»ä½•é©¬å°”ç§‘
                                                  å¤«è¿‡ç¨‹æ€»æ˜¯å¯ä»¥è¢«é©...

You may provide a definition with
\DeclareUnicodeCharacter 


! LaTeX Error: Unicode character å¤« (U+592B)
               not set up for use with LaTeX.

See the LaTeX manual or LaTeX Companion for explanation.
Type  H <return>  for immediate help.
 ...                                              
                                                  
l.5 ...¯ç¦»æ•£çš„ï¼Œå¹¶ä¸”å› ä¸ºä»»ä½•é©¬å°”ç§‘å¤«
                                                  è¿‡ç¨‹æ€»æ˜¯å¯ä»¥è¢«é©¬å°...

You may provide a definition with
\DeclareUnicodeCharacter 


! LaTeX Error: Unicode character è¿‡ (U+8FC7)
               not set up for use with LaTeX.

See the LaTeX manual or LaTeX Companion for explanation.
Type  H <return>  for immediate help.
 ...                                              
                                                  
l.5 ...»æ•£çš„ï¼Œå¹¶ä¸”å› ä¸ºä»»ä½•é©¬å°”ç§‘å¤«è¿‡
                                                  ç¨‹æ€»æ˜¯å¯ä»¥è¢«é©¬å°”ç§...

You may provide a definition with
\DeclareUnicodeCharacter 


! LaTeX Error: Unicode character ç¨‹ (U+7A0B)
               not set up for use with LaTeX.

See the LaTeX manual or LaTeX Companion for explanation.
Type  H <return>  for immediate help.
 ...                                              
                                                  
l.5 ...£çš„ï¼Œå¹¶ä¸”å› ä¸ºä»»ä½•é©¬å°”ç§‘å¤«è¿‡ç¨‹
                                                  æ€»æ˜¯å¯ä»¥è¢«é©¬å°”ç§‘å¤...

You may provide a definition with
\DeclareUnicodeCharacter 


! LaTeX Error: Unicode character æ€» (U+603B)
               not set up for use with LaTeX.

See the LaTeX manual or LaTeX Companion for explanation.
Type  H <return>  for immediate help.
 ...                                              
                                                  
l.5 ...„ï¼Œå¹¶ä¸”å› ä¸ºä»»ä½•é©¬å°”ç§‘å¤«è¿‡ç¨‹æ€»
                                                  æ˜¯å¯ä»¥è¢«é©¬å°”ç§‘å¤«é“...

You may provide a definition with
\DeclareUnicodeCharacter 


! LaTeX Error: Unicode character æ˜¯ (U+662F)
               not set up for use with LaTeX.

See the LaTeX manual or LaTeX Companion for explanation.
Type  H <return>  for immediate help.
 ...                                              
                                                  
l.5 ...Œå¹¶ä¸”å› ä¸ºä»»ä½•é©¬å°”ç§‘å¤«è¿‡ç¨‹æ€»æ˜¯
                                                  å¯ä»¥è¢«é©¬å°”ç§‘å¤«é“¾æ‰...

You may provide a definition with
\DeclareUnicodeCharacter 


! LaTeX Error: Unicode character å¯ (U+53EF)
               not set up for use with LaTeX.

See the LaTeX manual or LaTeX Companion for explanation.
Type  H <return>  for immediate help.
 ...                                              
                                                  
l.5 ...¶ä¸”å› ä¸ºä»»ä½•é©¬å°”ç§‘å¤«è¿‡ç¨‹æ€»æ˜¯å¯
                                                  ä»¥è¢«é©¬å°”ç§‘å¤«é“¾æ‰€è¿...

You may provide a definition with
\DeclareUnicodeCharacter 


! LaTeX Error: Unicode character ä»¥ (U+4EE5)
               not set up for use with LaTeX.

See the LaTeX manual or LaTeX Companion for explanation.
Type  H <return>  for immediate help.
 ...                                              
                                                  
l.5 ...”å› ä¸ºä»»ä½•é©¬å°”ç§‘å¤«è¿‡ç¨‹æ€»æ˜¯å¯ä»¥
                                                  è¢«é©¬å°”ç§‘å¤«é“¾æ‰€è¿‘ä¼...

You may provide a definition with
\DeclareUnicodeCharacter 


! LaTeX Error: Unicode character è¢« (U+88AB)
               not set up for use with LaTeX.

See the LaTeX manual or LaTeX Companion for explanation.
Type  H <return>  for immediate help.
 ...                                              
                                                  
l.5 ... ä¸ºä»»ä½•é©¬å°”ç§‘å¤«è¿‡ç¨‹æ€»æ˜¯å¯ä»¥è¢«
                                                  é©¬å°”ç§‘å¤«é“¾æ‰€è¿‘ä¼¼ï¼...

You may provide a definition with
\DeclareUnicodeCharacter 


! LaTeX Error: Unicode character é©¬ (U+9A6C)
               not set up for use with LaTeX.

See the LaTeX manual or LaTeX Companion for explanation.
Type  H <return>  for immediate help.
 ...                                              
                                                  
l.5 ...ºä»»ä½•é©¬å°”ç§‘å¤«è¿‡ç¨‹æ€»æ˜¯å¯ä»¥è¢«é©¬
                                                  å°”ç§‘å¤«é“¾æ‰€è¿‘ä¼¼ï¼Œæ‰...

You may provide a definition with
\DeclareUnicodeCharacter 


! LaTeX Error: Unicode character å°” (U+5C14)
               not set up for use with LaTeX.

See the LaTeX manual or LaTeX Companion for explanation.
Type  H <return>  for immediate help.
 ...                                              
                                                  
l.5 ...»ä½•é©¬å°”ç§‘å¤«è¿‡ç¨‹æ€»æ˜¯å¯ä»¥è¢«é©¬å°”
                                                  ç§‘å¤«é“¾æ‰€è¿‘ä¼¼ï¼Œæ‰€ä»...

You may provide a definition with
\DeclareUnicodeCharacter 


! LaTeX Error: Unicode character ç§‘ (U+79D1)
               not set up for use with LaTeX.

See the LaTeX manual or LaTeX Companion for explanation.
Type  H <return>  for immediate help.
 ...                                              
                                                  
l.5 ...•é©¬å°”ç§‘å¤«è¿‡ç¨‹æ€»æ˜¯å¯ä»¥è¢«é©¬å°”ç§‘
                                                  å¤«é“¾æ‰€è¿‘ä¼¼ï¼Œæ‰€ä»¥å®...

You may provide a definition with
\DeclareUnicodeCharacter 


! LaTeX Error: Unicode character å¤« (U+592B)
               not set up for use with LaTeX.

See the LaTeX manual or LaTeX Companion for explanation.
Type  H <return>  for immediate help.
 ...                                              
                                                  
l.5 ...¬å°”ç§‘å¤«è¿‡ç¨‹æ€»æ˜¯å¯ä»¥è¢«é©¬å°”ç§‘å¤«
                                                  é“¾æ‰€è¿‘ä¼¼ï¼Œæ‰€ä»¥å®ƒä¹...

You may provide a definition with
\DeclareUnicodeCharacter 


! LaTeX Error: Unicode character é“¾ (U+94FE)
               not set up for use with LaTeX.

See the LaTeX manual or LaTeX Companion for explanation.
Type  H <return>  for immediate help.
 ...                                              
                                                  
l.5 ...”ç§‘å¤«è¿‡ç¨‹æ€»æ˜¯å¯ä»¥è¢«é©¬å°”ç§‘å¤«é“¾
                                                  æ‰€è¿‘ä¼¼ï¼Œæ‰€ä»¥å®ƒä¹Ÿæ˜...

You may provide a definition with
\DeclareUnicodeCharacter 


! LaTeX Error: Unicode character æ‰€ (U+6240)
               not set up for use with LaTeX.

See the LaTeX manual or LaTeX Companion for explanation.
Type  H <return>  for immediate help.
 ...                                              
                                                  
l.5 ...‘å¤«è¿‡ç¨‹æ€»æ˜¯å¯ä»¥è¢«é©¬å°”ç§‘å¤«é“¾æ‰€
                                                  è¿‘ä¼¼ï¼Œæ‰€ä»¥å®ƒä¹Ÿæ˜¯æœ...

You may provide a definition with
\DeclareUnicodeCharacter 


! LaTeX Error: Unicode character è¿‘ (U+8FD1)
               not set up for use with LaTeX.

See the LaTeX manual or LaTeX Companion for explanation.
Type  H <return>  for immediate help.
 ...                                              
                                                  
l.5 ...«è¿‡ç¨‹æ€»æ˜¯å¯ä»¥è¢«é©¬å°”ç§‘å¤«é“¾æ‰€è¿‘
                                                  ä¼¼ï¼Œæ‰€ä»¥å®ƒä¹Ÿæ˜¯æœ€åŸ...

You may provide a definition with
\DeclareUnicodeCharacter 


! LaTeX Error: Unicode character ä¼¼ (U+4F3C)
               not set up for use with LaTeX.

See the LaTeX manual or LaTeX Companion for explanation.
Type  H <return>  for immediate help.
 ...                                              
                                                  
l.5 ...‡ç¨‹æ€»æ˜¯å¯ä»¥è¢«é©¬å°”ç§‘å¤«é“¾æ‰€è¿‘ä¼¼
                                                  ï¼Œæ‰€ä»¥å®ƒä¹Ÿæ˜¯æœ€åŸºæœ...

You may provide a definition with
\DeclareUnicodeCharacter 


! LaTeX Error: Unicode character ï¼Œ (U+FF0C)
               not set up for use with LaTeX.

See the LaTeX manual or LaTeX Companion for explanation.
Type  H <return>  for immediate help.
 ...                                              
                                                  
l.5 ...‹æ€»æ˜¯å¯ä»¥è¢«é©¬å°”ç§‘å¤«é“¾æ‰€è¿‘ä¼¼ï¼Œ
                                                  æ‰€ä»¥å®ƒä¹Ÿæ˜¯æœ€åŸºæœ¬å’...

You may provide a definition with
\DeclareUnicodeCharacter 


! LaTeX Error: Unicode character æ‰€ (U+6240)
               not set up for use with LaTeX.

See the LaTeX manual or LaTeX Companion for explanation.
Type  H <return>  for immediate help.
 ...                                              
                                                  
l.5 ...»æ˜¯å¯ä»¥è¢«é©¬å°”ç§‘å¤«é“¾æ‰€è¿‘ä¼¼ï¼Œæ‰€
                                                  ä»¥å®ƒä¹Ÿæ˜¯æœ€åŸºæœ¬å’Œæœ...

You may provide a definition with
\DeclareUnicodeCharacter 


! LaTeX Error: Unicode character ä»¥ (U+4EE5)
               not set up for use with LaTeX.

See the LaTeX manual or LaTeX Companion for explanation.
Type  H <return>  for immediate help.
 ...                                              
                                                  
l.5 ...¯å¯ä»¥è¢«é©¬å°”ç§‘å¤«é“¾æ‰€è¿‘ä¼¼ï¼Œæ‰€ä»¥
                                                  å®ƒä¹Ÿæ˜¯æœ€åŸºæœ¬å’Œæœ€é‡...

You may provide a definition with
\DeclareUnicodeCharacter 


! LaTeX Error: Unicode character å®ƒ (U+5B83)
               not set up for use with LaTeX.

See the LaTeX manual or LaTeX Companion for explanation.
Type  H <return>  for immediate help.
 ...                                              
                                                  
l.5 ...¯ä»¥è¢«é©¬å°”ç§‘å¤«é“¾æ‰€è¿‘ä¼¼ï¼Œæ‰€ä»¥å®ƒ
                                                  ä¹Ÿæ˜¯æœ€åŸºæœ¬å’Œæœ€é‡è¦...

You may provide a definition with
\DeclareUnicodeCharacter 


! LaTeX Error: Unicode character ä¹Ÿ (U+4E5F)
               not set up for use with LaTeX.

See the LaTeX manual or LaTeX Companion for explanation.
Type  H <return>  for immediate help.
 ...                                              
                                                  
l.5 ...¥è¢«é©¬å°”ç§‘å¤«é“¾æ‰€è¿‘ä¼¼ï¼Œæ‰€ä»¥å®ƒä¹Ÿ
                                                  æ˜¯æœ€åŸºæœ¬å’Œæœ€é‡è¦çš...

You may provide a definition with
\DeclareUnicodeCharacter 


! LaTeX Error: Unicode character æ˜¯ (U+662F)
               not set up for use with LaTeX.

See the LaTeX manual or LaTeX Companion for explanation.
Type  H <return>  for immediate help.
 ...                                              
                                                  
l.5 ...«é©¬å°”ç§‘å¤«é“¾æ‰€è¿‘ä¼¼ï¼Œæ‰€ä»¥å®ƒä¹Ÿæ˜¯
                                                  æœ€åŸºæœ¬å’Œæœ€é‡è¦çš„åŠ...

You may provide a definition with
\DeclareUnicodeCharacter 


! LaTeX Error: Unicode character æœ€ (U+6700)
               not set up for use with LaTeX.

See the LaTeX manual or LaTeX Companion for explanation.
Type  H <return>  for immediate help.
 ...                                              
                                                  
l.5 ...¬å°”ç§‘å¤«é“¾æ‰€è¿‘ä¼¼ï¼Œæ‰€ä»¥å®ƒä¹Ÿæ˜¯æœ€
                                                  åŸºæœ¬å’Œæœ€é‡è¦çš„åŠ¨æ€...

You may provide a definition with
\DeclareUnicodeCharacter 


! LaTeX Error: Unicode character åŸº (U+57FA)
               not set up for use with LaTeX.

See the LaTeX manual or LaTeX Companion for explanation.
Type  H <return>  for immediate help.
 ...                                              
                                                  
l.5 ...”ç§‘å¤«é“¾æ‰€è¿‘ä¼¼ï¼Œæ‰€ä»¥å®ƒä¹Ÿæ˜¯æœ€åŸº
                                                  æœ¬å’Œæœ€é‡è¦çš„åŠ¨æ€æ¨...

You may provide a definition with
\DeclareUnicodeCharacter 


! LaTeX Error: Unicode character æœ¬ (U+672C)
               not set up for use with LaTeX.

See the LaTeX manual or LaTeX Companion for explanation.
Type  H <return>  for immediate help.
 ...                                              
                                                  
l.5 ...‘å¤«é“¾æ‰€è¿‘ä¼¼ï¼Œæ‰€ä»¥å®ƒä¹Ÿæ˜¯æœ€åŸºæœ¬
                                                  å’Œæœ€é‡è¦çš„åŠ¨æ€æ¨¡å...

You may provide a definition with
\DeclareUnicodeCharacter 


! LaTeX Error: Unicode character å’Œ (U+548C)
               not set up for use with LaTeX.

See the LaTeX manual or LaTeX Companion for explanation.
Type  H <return>  for immediate help.
 ...                                              
                                                  
l.5 ...«é“¾æ‰€è¿‘ä¼¼ï¼Œæ‰€ä»¥å®ƒä¹Ÿæ˜¯æœ€åŸºæœ¬å’Œ
                                                  æœ€é‡è¦çš„åŠ¨æ€æ¨¡å‹ã€...

You may provide a definition with
\DeclareUnicodeCharacter 


! LaTeX Error: Unicode character æœ€ (U+6700)
               not set up for use with LaTeX.

See the LaTeX manual or LaTeX Companion for explanation.
Type  H <return>  for immediate help.
 ...                                              
                                                  
l.5 ...¾æ‰€è¿‘ä¼¼ï¼Œæ‰€ä»¥å®ƒä¹Ÿæ˜¯æœ€åŸºæœ¬å’Œæœ€
                                                  é‡è¦çš„åŠ¨æ€æ¨¡å‹ã€‚ä¾...

You may provide a definition with
\DeclareUnicodeCharacter 


! LaTeX Error: Unicode character é‡ (U+91CD)
               not set up for use with LaTeX.

See the LaTeX manual or LaTeX Companion for explanation.
Type  H <return>  for immediate help.
 ...                                              
                                                  
l.5 ...€è¿‘ä¼¼ï¼Œæ‰€ä»¥å®ƒä¹Ÿæ˜¯æœ€åŸºæœ¬å’Œæœ€é‡
                                                  è¦çš„åŠ¨æ€æ¨¡å‹ã€‚ä¾æ...

You may provide a definition with
\DeclareUnicodeCharacter 


! LaTeX Error: Unicode character è¦ (U+8981)
               not set up for use with LaTeX.

See the LaTeX manual or LaTeX Companion for explanation.
Type  H <return>  for immediate help.
 ...                                              
                                                  
l.5 ...‘ä¼¼ï¼Œæ‰€ä»¥å®ƒä¹Ÿæ˜¯æœ€åŸºæœ¬å’Œæœ€é‡è¦
                                                  çš„åŠ¨æ€æ¨¡å‹ã€‚ä¾æ®æ­...

You may provide a definition with
\DeclareUnicodeCharacter 


! LaTeX Error: Unicode character çš„ (U+7684)
               not set up for use with LaTeX.

See the LaTeX manual or LaTeX Companion for explanation.
Type  H <return>  for immediate help.
 ...                                              
                                                  
l.5 ...¼ï¼Œæ‰€ä»¥å®ƒä¹Ÿæ˜¯æœ€åŸºæœ¬å’Œæœ€é‡è¦çš„
                                                  åŠ¨æ€æ¨¡å‹ã€‚ä¾æ®æ­¤è§...

You may provide a definition with
\DeclareUnicodeCharacter 


! LaTeX Error: Unicode character åŠ¨ (U+52A8)
               not set up for use with LaTeX.

See the LaTeX manual or LaTeX Companion for explanation.
Type  H <return>  for immediate help.
 ...                                              
                                                  
l.5 ...Œæ‰€ä»¥å®ƒä¹Ÿæ˜¯æœ€åŸºæœ¬å’Œæœ€é‡è¦çš„åŠ¨
                                                  æ€æ¨¡å‹ã€‚ä¾æ®æ­¤è§‚ç‚...

You may provide a definition with
\DeclareUnicodeCharacter 


! LaTeX Error: Unicode character æ€ (U+6001)
               not set up for use with LaTeX.

See the LaTeX manual or LaTeX Companion for explanation.
Type  H <return>  for immediate help.
 ...                                              
                                                  
l.5 ...€ä»¥å®ƒä¹Ÿæ˜¯æœ€åŸºæœ¬å’Œæœ€é‡è¦çš„åŠ¨æ€
                                                  æ¨¡å‹ã€‚ä¾æ®æ­¤è§‚ç‚¹ï¼...

You may provide a definition with
\DeclareUnicodeCharacter 


! LaTeX Error: Unicode character æ¨¡ (U+6A21)
               not set up for use with LaTeX.

See the LaTeX manual or LaTeX Companion for explanation.
Type  H <return>  for immediate help.
 ...                                              
                                                  
l.5 ...¥å®ƒä¹Ÿæ˜¯æœ€åŸºæœ¬å’Œæœ€é‡è¦çš„åŠ¨æ€æ¨¡
                                                  å‹ã€‚ä¾æ®æ­¤è§‚ç‚¹ï¼Œå¹...

You may provide a definition with
\DeclareUnicodeCharacter 


! LaTeX Error: Unicode character å‹ (U+578B)
               not set up for use with LaTeX.

See the LaTeX manual or LaTeX Companion for explanation.
Type  H <return>  for immediate help.
 ...                                              
                                                  
l.5 ...ƒä¹Ÿæ˜¯æœ€åŸºæœ¬å’Œæœ€é‡è¦çš„åŠ¨æ€æ¨¡å‹
                                                  ã€‚ä¾æ®æ­¤è§‚ç‚¹ï¼Œå¹³è¡...

You may provide a definition with
\DeclareUnicodeCharacter 


! LaTeX Error: Unicode character ã€‚ (U+3002)
               not set up for use with LaTeX.

See the LaTeX manual or LaTeX Companion for explanation.
Type  H <return>  for immediate help.
 ...                                              
                                                  
l.5 ...Ÿæ˜¯æœ€åŸºæœ¬å’Œæœ€é‡è¦çš„åŠ¨æ€æ¨¡å‹ã€‚
                                                  ä¾æ®æ­¤è§‚ç‚¹ï¼Œå¹³è¡¡çŠ...

You may provide a definition with
\DeclareUnicodeCharacter 


! LaTeX Error: Unicode character ä¾ (U+4F9D)
               not set up for use with LaTeX.

See the LaTeX manual or LaTeX Companion for explanation.
Type  H <return>  for immediate help.
 ...                                              
                                                  
l.5 ...¯æœ€åŸºæœ¬å’Œæœ€é‡è¦çš„åŠ¨æ€æ¨¡å‹ã€‚ä¾
                                                  æ®æ­¤è§‚ç‚¹ï¼Œå¹³è¡¡çŠ¶æ€...

You may provide a definition with
\DeclareUnicodeCharacter 


! LaTeX Error: Unicode character æ® (U+636E)
               not set up for use with LaTeX.

See the LaTeX manual or LaTeX Companion for explanation.
Type  H <return>  for immediate help.
 ...                                              
                                                  
l.5 ...€åŸºæœ¬å’Œæœ€é‡è¦çš„åŠ¨æ€æ¨¡å‹ã€‚ä¾æ®
                                                  æ­¤è§‚ç‚¹ï¼Œå¹³è¡¡çŠ¶æ€å...

You may provide a definition with
\DeclareUnicodeCharacter 


! LaTeX Error: Unicode character æ­¤ (U+6B64)
               not set up for use with LaTeX.

See the LaTeX manual or LaTeX Companion for explanation.
Type  H <return>  for immediate help.
 ...                                              
                                                  
l.5 ...ºæœ¬å’Œæœ€é‡è¦çš„åŠ¨æ€æ¨¡å‹ã€‚ä¾æ®æ­¤
                                                  è§‚ç‚¹ï¼Œå¹³è¡¡çŠ¶æ€å¯ä»...

You may provide a definition with
\DeclareUnicodeCharacter 


! LaTeX Error: Unicode character è§‚ (U+89C2)
               not set up for use with LaTeX.

See the LaTeX manual or LaTeX Companion for explanation.
Type  H <return>  for immediate help.
 ...                                              
                                                  
l.5 ...¬å’Œæœ€é‡è¦çš„åŠ¨æ€æ¨¡å‹ã€‚ä¾æ®æ­¤è§‚
                                                  ç‚¹ï¼Œå¹³è¡¡çŠ¶æ€å¯ä»¥ç”...

You may provide a definition with
\DeclareUnicodeCharacter 


! LaTeX Error: Unicode character ç‚¹ (U+70B9)
               not set up for use with LaTeX.

See the LaTeX manual or LaTeX Companion for explanation.
Type  H <return>  for immediate help.
 ...                                              
                                                  
l.5 ...Œæœ€é‡è¦çš„åŠ¨æ€æ¨¡å‹ã€‚ä¾æ®æ­¤è§‚ç‚¹
                                                  ï¼Œå¹³è¡¡çŠ¶æ€å¯ä»¥ç”±å...

You may provide a definition with
\DeclareUnicodeCharacter 


! LaTeX Error: Unicode character ï¼Œ (U+FF0C)
               not set up for use with LaTeX.

See the LaTeX manual or LaTeX Companion for explanation.
Type  H <return>  for immediate help.
 ...                                              
                                                  
l.5 ...€é‡è¦çš„åŠ¨æ€æ¨¡å‹ã€‚ä¾æ®æ­¤è§‚ç‚¹ï¼Œ
                                                  å¹³è¡¡çŠ¶æ€å¯ä»¥ç”±å¯é€...

You may provide a definition with
\DeclareUnicodeCharacter 


! LaTeX Error: Unicode character å¹³ (U+5E73)
               not set up for use with LaTeX.

See the LaTeX manual or LaTeX Companion for explanation.
Type  H <return>  for immediate help.
 ...                                              
                                                  
l.5 ...è¦çš„åŠ¨æ€æ¨¡å‹ã€‚ä¾æ®æ­¤è§‚ç‚¹ï¼Œå¹³
                                                  è¡¡çŠ¶æ€å¯ä»¥ç”±å¯é€†çš...

You may provide a definition with
\DeclareUnicodeCharacter 


! LaTeX Error: Unicode character è¡¡ (U+8861)
               not set up for use with LaTeX.

See the LaTeX manual or LaTeX Companion for explanation.
Type  H <return>  for immediate help.
 ...                                              
                                                  
l.5 ...çš„åŠ¨æ€æ¨¡å‹ã€‚ä¾æ®æ­¤è§‚ç‚¹ï¼Œå¹³è¡¡
                                                  çŠ¶æ€å¯ä»¥ç”±å¯é€†çš„é©...

You may provide a definition with
\DeclareUnicodeCharacter 


! LaTeX Error: Unicode character çŠ¶ (U+72B6)
               not set up for use with LaTeX.

See the LaTeX manual or LaTeX Companion for explanation.
Type  H <return>  for immediate help.
 ...                                              
                                                  
l.5 ...„åŠ¨æ€æ¨¡å‹ã€‚ä¾æ®æ­¤è§‚ç‚¹ï¼Œå¹³è¡¡çŠ¶
                                                  æ€å¯ä»¥ç”±å¯é€†çš„é©¬æ°...

You may provide a definition with
\DeclareUnicodeCharacter 


! LaTeX Error: Unicode character æ€ (U+6001)
               not set up for use with LaTeX.

See the LaTeX manual or LaTeX Companion for explanation.
Type  H <return>  for immediate help.
 ...                                              
                                                  
l.5 ...¨æ€æ¨¡å‹ã€‚ä¾æ®æ­¤è§‚ç‚¹ï¼Œå¹³è¡¡çŠ¶æ€
                                                  å¯ä»¥ç”±å¯é€†çš„é©¬æ°è¿...

You may provide a definition with
\DeclareUnicodeCharacter 


! LaTeX Error: Unicode character å¯ (U+53EF)
               not set up for use with LaTeX.

See the LaTeX manual or LaTeX Companion for explanation.
Type  H <return>  for immediate help.
 ...                                              
                                                  
l.5 ...æ¨¡å‹ã€‚ä¾æ®æ­¤è§‚ç‚¹ï¼Œå¹³è¡¡çŠ¶æ€å¯
                                                  ä»¥ç”±å¯é€†çš„é©¬æ°è¿‡ç¨...

You may provide a definition with
\DeclareUnicodeCharacter 


! LaTeX Error: Unicode character ä»¥ (U+4EE5)
               not set up for use with LaTeX.

See the LaTeX manual or LaTeX Companion for explanation.
Type  H <return>  for immediate help.
 ...                                              
                                                  
l.5 ...¡å‹ã€‚ä¾æ®æ­¤è§‚ç‚¹ï¼Œå¹³è¡¡çŠ¶æ€å¯ä»¥
                                                  ç”±å¯é€†çš„é©¬æ°è¿‡ç¨‹å®...

You may provide a definition with
\DeclareUnicodeCharacter 


! LaTeX Error: Unicode character ç”± (U+7531)
               not set up for use with LaTeX.

See the LaTeX manual or LaTeX Companion for explanation.
Type  H <return>  for immediate help.
 ...                                              
                                                  
l.5 ...‹ã€‚ä¾æ®æ­¤è§‚ç‚¹ï¼Œå¹³è¡¡çŠ¶æ€å¯ä»¥ç”±
                                                  å¯é€†çš„é©¬æ°è¿‡ç¨‹å®šä¹...

You may provide a definition with
\DeclareUnicodeCharacter 


! LaTeX Error: Unicode character å¯ (U+53EF)
               not set up for use with LaTeX.

See the LaTeX manual or LaTeX Companion for explanation.
Type  H <return>  for immediate help.
 ...                                              
                                                  
l.5 ...‚ä¾æ®æ­¤è§‚ç‚¹ï¼Œå¹³è¡¡çŠ¶æ€å¯ä»¥ç”±å¯
                                                  é€†çš„é©¬æ°è¿‡ç¨‹å®šä¹‰ï¼...

You may provide a definition with
\DeclareUnicodeCharacter 


! LaTeX Error: Unicode character é€† (U+9006)
               not set up for use with LaTeX.

See the LaTeX manual or LaTeX Companion for explanation.
Type  H <return>  for immediate help.
 ...                                              
                                                  
l.5 ...æ®æ­¤è§‚ç‚¹ï¼Œå¹³è¡¡çŠ¶æ€å¯ä»¥ç”±å¯é€†
                                                  çš„é©¬æ°è¿‡ç¨‹å®šä¹‰ï¼Œè¿...
(That makes 100 errors; please try again.) 
Here is how much of TeX's memory you used:
 114 strings out of 478268
 1144 string characters out of 5850346
 289375 words of memory out of 5000000
 18421 multiletter control sequences out of 15000+600000
 469567 words of font info for 29 fonts, out of 8000000 for 9000
 1141 hyphenation exceptions out of 8191
 18i,2n,23p,1177b,93s stack positions out of 10000i,1000n,20000p,200000b,200000s

!  ==> Fatal error occurred, no output PDF file produced!
